START Running Jmeter on Wed Dec 14 18:00:19 CET 2022
JVM_ARGS=-Xmn964m -Xms3856m -Xmx3856m
jmeter args=-n -t /app/loadTest.jmx -l /app/3696986828/loadTest.jtl
jmeter ALL ARGS=-Dlog4j2.formatMsgNoLookups=true -n -t /app/loadTest.jmx -l /app/3696986828/loadTest.jtl
Dec 14, 2022 6:00:20 PM java.util.prefs.FileSystemPreferences$1 run
INFO: Created user preferences directory.
Creating summariser <summary>
Created the tree successfully using /app/loadTest.jmx
Starting standalone test @ December 14, 2022 6:00:21 PM CET (1671037221583)
Waiting for possible Shutdown/StopTestNow/HeapDump/ThreadDump message on port 4445
summary +    640 in 00:00:08 =   81.4/s Avg:   171 Min:     5 Max:  2480 Err:     0 (0.00%) Active: 156 Started: 156 Finished: 0
summary +  13955 in 00:00:30 =  465.2/s Avg:    32 Min:     1 Max:   415 Err:     0 (0.00%) Active: 756 Started: 756 Finished: 0
summary =  14595 in 00:00:38 =  385.5/s Avg:    38 Min:     1 Max:  2480 Err:     0 (0.00%)
summary +  31820 in 00:00:30 = 1060.6/s Avg:    66 Min:     1 Max:   692 Err:     0 (0.00%) Active: 1356 Started: 1356 Finished: 0
summary =  46415 in 00:01:08 =  684.0/s Avg:    57 Min:     1 Max:  2480 Err:     0 (0.00%)
summary +  45838 in 00:00:30 = 1528.9/s Avg:   591 Min:     1 Max:  2020 Err:     0 (0.00%) Active: 1955 Started: 1955 Finished: 0
summary =  92253 in 00:01:38 =  942.8/s Avg:   322 Min:     1 Max:  2480 Err:     0 (0.00%)
summary +  48511 in 00:00:30 = 1617.1/s Avg:  1321 Min:     3 Max:  2733 Err:     0 (0.00%) Active: 2556 Started: 2556 Finished: 0
summary = 140764 in 00:02:08 = 1101.0/s Avg:   667 Min:     1 Max:  2733 Err:     0 (0.00%)
summary +  45608 in 00:00:30 = 1519.7/s Avg:  1793 Min:     1 Max:  3249 Err:     0 (0.00%) Active: 3156 Started: 3156 Finished: 0
summary = 186372 in 00:02:38 = 1180.6/s Avg:   942 Min:     1 Max:  3249 Err:     0 (0.00%)
summary +  44256 in 00:00:30 = 1475.0/s Avg:  2291 Min:  1324 Max:  4314 Err:     0 (0.00%) Active: 3756 Started: 3756 Finished: 0
summary = 230628 in 00:03:08 = 1227.6/s Avg:  1201 Min:     1 Max:  4314 Err:     0 (0.00%)
summary +  43870 in 00:00:30 = 1463.1/s Avg:  2686 Min:  1394 Max:  4796 Err:     0 (0.00%) Active: 4000 Started: 4000 Finished: 0
summary = 274498 in 00:03:38 = 1260.0/s Avg:  1438 Min:     1 Max:  4796 Err:     0 (0.00%)
summary +  42234 in 00:00:30 = 1408.0/s Avg:  2850 Min:  1553 Max:  4885 Err:     0 (0.00%) Active: 4000 Started: 4000 Finished: 0
summary = 316732 in 00:04:08 = 1278.0/s Avg:  1627 Min:     1 Max:  4885 Err:     0 (0.00%)
summary +  42466 in 00:00:30 = 1415.5/s Avg:  2860 Min:  1561 Max:  5149 Err:     0 (0.00%) Active: 4000 Started: 4000 Finished: 0
summary = 359198 in 00:04:38 = 1292.8/s Avg:  1773 Min:     1 Max:  5149 Err:     0 (0.00%)
summary +  37730 in 00:00:27 = 1406.1/s Avg:  2800 Min:   467 Max:  5672 Err:     0 (0.00%) Active: 0 Started: 4000 Finished: 4000
summary = 396928 in 00:05:05 = 1302.8/s Avg:  1870 Min:     1 Max:  5672 Err:     0 (0.00%)
Tidying up ...    @ December 14, 2022 6:05:26 PM CET (1671037526839)
... end of run
END Running Jmeter on Wed Dec 14 18:05:27 CET 2022
