[2022-12-14 16:59:56,925] INFO [GroupCoordinator 0]: Elected as the group coordinator for partition 23 in epoch 0 (kafka.coordinator.group.GroupCoordinator)
[2022-12-14 16:59:56,925] INFO [GroupMetadataManager brokerId=0] Scheduling loading of offsets and group metadata from __consumer_offsets-23 for epoch 0 (kafka.coordinator.group.GroupMetadataManager)
[2022-12-14 16:59:56,926] INFO [GroupCoordinator 0]: Elected as the group coordinator for partition 38 in epoch 0 (kafka.coordinator.group.GroupCoordinator)
[2022-12-14 16:59:56,926] INFO [GroupMetadataManager brokerId=0] Scheduling loading of offsets and group metadata from __consumer_offsets-38 for epoch 0 (kafka.coordinator.group.GroupMetadataManager)
[2022-12-14 16:59:56,926] INFO [GroupCoordinator 0]: Elected as the group coordinator for partition 8 in epoch 0 (kafka.coordinator.group.GroupCoordinator)
[2022-12-14 16:59:56,926] INFO [GroupMetadataManager brokerId=0] Scheduling loading of offsets and group metadata from __consumer_offsets-8 for epoch 0 (kafka.coordinator.group.GroupMetadataManager)
[2022-12-14 16:59:56,926] INFO [GroupCoordinator 0]: Elected as the group coordinator for partition 45 in epoch 0 (kafka.coordinator.group.GroupCoordinator)
[2022-12-14 16:59:56,926] INFO [GroupMetadataManager brokerId=0] Scheduling loading of offsets and group metadata from __consumer_offsets-45 for epoch 0 (kafka.coordinator.group.GroupMetadataManager)
[2022-12-14 16:59:56,926] INFO [GroupCoordinator 0]: Elected as the group coordinator for partition 15 in epoch 0 (kafka.coordinator.group.GroupCoordinator)
[2022-12-14 16:59:56,926] INFO [GroupMetadataManager brokerId=0] Scheduling loading of offsets and group metadata from __consumer_offsets-15 for epoch 0 (kafka.coordinator.group.GroupMetadataManager)
[2022-12-14 16:59:56,927] INFO [GroupMetadataManager brokerId=0] Finished loading offsets and group metadata from __consumer_offsets-48 in 21 milliseconds for epoch 0, of which 19 milliseconds was spent in the scheduler. (kafka.coordinator.group.GroupMetadataManager)
[2022-12-14 16:59:56,927] INFO [GroupCoordinator 0]: Elected as the group coordinator for partition 30 in epoch 0 (kafka.coordinator.group.GroupCoordinator)
[2022-12-14 16:59:56,929] INFO [GroupMetadataManager brokerId=0] Scheduling loading of offsets and group metadata from __consumer_offsets-30 for epoch 0 (kafka.coordinator.group.GroupMetadataManager)
[2022-12-14 16:59:56,930] INFO [GroupCoordinator 0]: Elected as the group coordinator for partition 0 in epoch 0 (kafka.coordinator.group.GroupCoordinator)
[2022-12-14 16:59:56,930] INFO [GroupMetadataManager brokerId=0] Scheduling loading of offsets and group metadata from __consumer_offsets-0 for epoch 0 (kafka.coordinator.group.GroupMetadataManager)
[2022-12-14 16:59:56,930] INFO [GroupCoordinator 0]: Elected as the group coordinator for partition 35 in epoch 0 (kafka.coordinator.group.GroupCoordinator)
[2022-12-14 16:59:56,930] INFO [GroupMetadataManager brokerId=0] Scheduling loading of offsets and group metadata from __consumer_offsets-35 for epoch 0 (kafka.coordinator.group.GroupMetadataManager)
[2022-12-14 16:59:56,930] INFO [GroupCoordinator 0]: Elected as the group coordinator for partition 5 in epoch 0 (kafka.coordinator.group.GroupCoordinator)
[2022-12-14 16:59:56,930] INFO [GroupMetadataManager brokerId=0] Finished loading offsets and group metadata from __consumer_offsets-19 in 24 milliseconds for epoch 0, of which 21 milliseconds was spent in the scheduler. (kafka.coordinator.group.GroupMetadataManager)
[2022-12-14 16:59:56,931] INFO [GroupMetadataManager brokerId=0] Finished loading offsets and group metadata from __consumer_offsets-34 in 25 milliseconds for epoch 0, of which 25 milliseconds was spent in the scheduler. (kafka.coordinator.group.GroupMetadataManager)
[2022-12-14 16:59:56,931] INFO [GroupMetadataManager brokerId=0] Finished loading offsets and group metadata from __consumer_offsets-4 in 24 milliseconds for epoch 0, of which 24 milliseconds was spent in the scheduler. (kafka.coordinator.group.GroupMetadataManager)
[2022-12-14 16:59:56,931] INFO [GroupMetadataManager brokerId=0] Scheduling loading of offsets and group metadata from __consumer_offsets-5 for epoch 0 (kafka.coordinator.group.GroupMetadataManager)
[2022-12-14 16:59:56,932] INFO [GroupMetadataManager brokerId=0] Finished loading offsets and group metadata from __consumer_offsets-11 in 25 milliseconds for epoch 0, of which 25 milliseconds was spent in the scheduler. (kafka.coordinator.group.GroupMetadataManager)
[2022-12-14 16:59:56,932] INFO [GroupMetadataManager brokerId=0] Finished loading offsets and group metadata from __consumer_offsets-26 in 25 milliseconds for epoch 0, of which 25 milliseconds was spent in the scheduler. (kafka.coordinator.group.GroupMetadataManager)
[2022-12-14 16:59:56,932] INFO [GroupCoordinator 0]: Elected as the group coordinator for partition 20 in epoch 0 (kafka.coordinator.group.GroupCoordinator)
[2022-12-14 16:59:56,934] INFO [GroupMetadataManager brokerId=0] Scheduling loading of offsets and group metadata from __consumer_offsets-20 for epoch 0 (kafka.coordinator.group.GroupMetadataManager)
[2022-12-14 16:59:56,934] INFO [GroupCoordinator 0]: Elected as the group coordinator for partition 27 in epoch 0 (kafka.coordinator.group.GroupCoordinator)
[2022-12-14 16:59:56,934] INFO [GroupMetadataManager brokerId=0] Scheduling loading of offsets and group metadata from __consumer_offsets-27 for epoch 0 (kafka.coordinator.group.GroupMetadataManager)
[2022-12-14 16:59:56,934] INFO [GroupCoordinator 0]: Elected as the group coordinator for partition 42 in epoch 0 (kafka.coordinator.group.GroupCoordinator)
[2022-12-14 16:59:56,934] INFO [GroupMetadataManager brokerId=0] Scheduling loading of offsets and group metadata from __consumer_offsets-42 for epoch 0 (kafka.coordinator.group.GroupMetadataManager)
[2022-12-14 16:59:56,934] INFO [GroupCoordinator 0]: Elected as the group coordinator for partition 12 in epoch 0 (kafka.coordinator.group.GroupCoordinator)
[2022-12-14 16:59:56,934] INFO [GroupMetadataManager brokerId=0] Scheduling loading of offsets and group metadata from __consumer_offsets-12 for epoch 0 (kafka.coordinator.group.GroupMetadataManager)
[2022-12-14 16:59:56,935] INFO [GroupCoordinator 0]: Elected as the group coordinator for partition 21 in epoch 0 (kafka.coordinator.group.GroupCoordinator)
[2022-12-14 16:59:56,935] INFO [GroupMetadataManager brokerId=0] Scheduling loading of offsets and group metadata from __consumer_offsets-21 for epoch 0 (kafka.coordinator.group.GroupMetadataManager)
[2022-12-14 16:59:56,935] INFO [GroupCoordinator 0]: Elected as the group coordinator for partition 36 in epoch 0 (kafka.coordinator.group.GroupCoordinator)
[2022-12-14 16:59:56,935] INFO [GroupMetadataManager brokerId=0] Scheduling loading of offsets and group metadata from __consumer_offsets-36 for epoch 0 (kafka.coordinator.group.GroupMetadataManager)
[2022-12-14 16:59:56,935] INFO [GroupCoordinator 0]: Elected as the group coordinator for partition 6 in epoch 0 (kafka.coordinator.group.GroupCoordinator)
[2022-12-14 16:59:56,935] INFO [GroupMetadataManager brokerId=0] Scheduling loading of offsets and group metadata from __consumer_offsets-6 for epoch 0 (kafka.coordinator.group.GroupMetadataManager)
[2022-12-14 16:59:56,936] INFO [GroupCoordinator 0]: Elected as the group coordinator for partition 43 in epoch 0 (kafka.coordinator.group.GroupCoordinator)
[2022-12-14 16:59:56,936] INFO [GroupMetadataManager brokerId=0] Scheduling loading of offsets and group metadata from __consumer_offsets-43 for epoch 0 (kafka.coordinator.group.GroupMetadataManager)
[2022-12-14 16:59:56,936] INFO [GroupCoordinator 0]: Elected as the group coordinator for partition 13 in epoch 0 (kafka.coordinator.group.GroupCoordinator)
[2022-12-14 16:59:56,936] INFO [GroupMetadataManager brokerId=0] Scheduling loading of offsets and group metadata from __consumer_offsets-13 for epoch 0 (kafka.coordinator.group.GroupMetadataManager)
[2022-12-14 16:59:56,936] INFO [GroupCoordinator 0]: Elected as the group coordinator for partition 28 in epoch 0 (kafka.coordinator.group.GroupCoordinator)
[2022-12-14 16:59:56,937] INFO [GroupMetadataManager brokerId=0] Scheduling loading of offsets and group metadata from __consumer_offsets-28 for epoch 0 (kafka.coordinator.group.GroupMetadataManager)
[2022-12-14 16:59:56,935] INFO [GroupMetadataManager brokerId=0] Finished loading offsets and group metadata from __consumer_offsets-49 in 28 milliseconds for epoch 0, of which 25 milliseconds was spent in the scheduler. (kafka.coordinator.group.GroupMetadataManager)
[2022-12-14 16:59:56,942] INFO [GroupMetadataManager brokerId=0] Finished loading offsets and group metadata from __consumer_offsets-39 in 34 milliseconds for epoch 0, of which 33 milliseconds was spent in the scheduler. (kafka.coordinator.group.GroupMetadataManager)
[2022-12-14 16:59:56,942] INFO [GroupMetadataManager brokerId=0] Finished loading offsets and group metadata from __consumer_offsets-9 in 34 milliseconds for epoch 0, of which 34 milliseconds was spent in the scheduler. (kafka.coordinator.group.GroupMetadataManager)
[2022-12-14 16:59:56,942] INFO [GroupMetadataManager brokerId=0] Finished loading offsets and group metadata from __consumer_offsets-24 in 34 milliseconds for epoch 0, of which 34 milliseconds was spent in the scheduler. (kafka.coordinator.group.GroupMetadataManager)
[2022-12-14 16:59:56,943] INFO [GroupMetadataManager brokerId=0] Finished loading offsets and group metadata from __consumer_offsets-31 in 35 milliseconds for epoch 0, of which 35 milliseconds was spent in the scheduler. (kafka.coordinator.group.GroupMetadataManager)
[2022-12-14 16:59:56,943] INFO [GroupMetadataManager brokerId=0] Finished loading offsets and group metadata from __consumer_offsets-46 in 34 milliseconds for epoch 0, of which 34 milliseconds was spent in the scheduler. (kafka.coordinator.group.GroupMetadataManager)
[2022-12-14 16:59:56,944] INFO [GroupMetadataManager brokerId=0] Finished loading offsets and group metadata from __consumer_offsets-1 in 34 milliseconds for epoch 0, of which 34 milliseconds was spent in the scheduler. (kafka.coordinator.group.GroupMetadataManager)
[2022-12-14 16:59:56,944] INFO [GroupMetadataManager brokerId=0] Finished loading offsets and group metadata from __consumer_offsets-16 in 35 milliseconds for epoch 0, of which 35 milliseconds was spent in the scheduler. (kafka.coordinator.group.GroupMetadataManager)
[2022-12-14 16:59:56,944] INFO [GroupMetadataManager brokerId=0] Finished loading offsets and group metadata from __consumer_offsets-2 in 35 milliseconds for epoch 0, of which 35 milliseconds was spent in the scheduler. (kafka.coordinator.group.GroupMetadataManager)
[2022-12-14 16:59:56,945] INFO [GroupMetadataManager brokerId=0] Finished loading offsets and group metadata from __consumer_offsets-25 in 31 milliseconds for epoch 0, of which 31 milliseconds was spent in the scheduler. (kafka.coordinator.group.GroupMetadataManager)
[2022-12-14 16:59:56,945] INFO [GroupMetadataManager brokerId=0] Finished loading offsets and group metadata from __consumer_offsets-40 in 30 milliseconds for epoch 0, of which 30 milliseconds was spent in the scheduler. (kafka.coordinator.group.GroupMetadataManager)
[2022-12-14 16:59:56,946] INFO [GroupMetadataManager brokerId=0] Finished loading offsets and group metadata from __consumer_offsets-47 in 29 milliseconds for epoch 0, of which 29 milliseconds was spent in the scheduler. (kafka.coordinator.group.GroupMetadataManager)
[2022-12-14 16:59:56,947] INFO [GroupMetadataManager brokerId=0] Finished loading offsets and group metadata from __consumer_offsets-17 in 30 milliseconds for epoch 0, of which 30 milliseconds was spent in the scheduler. (kafka.coordinator.group.GroupMetadataManager)
[2022-12-14 16:59:56,948] INFO [GroupMetadataManager brokerId=0] Finished loading offsets and group metadata from __consumer_offsets-32 in 27 milliseconds for epoch 0, of which 27 milliseconds was spent in the scheduler. (kafka.coordinator.group.GroupMetadataManager)
[2022-12-14 16:59:56,957] INFO [GroupMetadataManager brokerId=0] Finished loading offsets and group metadata from __consumer_offsets-37 in 36 milliseconds for epoch 0, of which 36 milliseconds was spent in the scheduler. (kafka.coordinator.group.GroupMetadataManager)
[2022-12-14 16:59:56,959] INFO [GroupMetadataManager brokerId=0] Finished loading offsets and group metadata from __consumer_offsets-7 in 37 milliseconds for epoch 0, of which 37 milliseconds was spent in the scheduler. (kafka.coordinator.group.GroupMetadataManager)
[2022-12-14 16:59:56,962] INFO [GroupMetadataManager brokerId=0] Finished loading offsets and group metadata from __consumer_offsets-22 in 40 milliseconds for epoch 0, of which 40 milliseconds was spent in the scheduler. (kafka.coordinator.group.GroupMetadataManager)
[2022-12-14 16:59:56,962] INFO [GroupMetadataManager brokerId=0] Finished loading offsets and group metadata from __consumer_offsets-29 in 40 milliseconds for epoch 0, of which 40 milliseconds was spent in the scheduler. (kafka.coordinator.group.GroupMetadataManager)
[2022-12-14 16:59:56,963] INFO [GroupMetadataManager brokerId=0] Finished loading offsets and group metadata from __consumer_offsets-44 in 40 milliseconds for epoch 0, of which 39 milliseconds was spent in the scheduler. (kafka.coordinator.group.GroupMetadataManager)
[2022-12-14 16:59:56,963] INFO [GroupMetadataManager brokerId=0] Finished loading offsets and group metadata from __consumer_offsets-14 in 38 milliseconds for epoch 0, of which 38 milliseconds was spent in the scheduler. (kafka.coordinator.group.GroupMetadataManager)
[2022-12-14 16:59:56,963] INFO [GroupMetadataManager brokerId=0] Finished loading offsets and group metadata from __consumer_offsets-23 in 37 milliseconds for epoch 0, of which 37 milliseconds was spent in the scheduler. (kafka.coordinator.group.GroupMetadataManager)
[2022-12-14 16:59:56,963] INFO [GroupMetadataManager brokerId=0] Finished loading offsets and group metadata from __consumer_offsets-38 in 37 milliseconds for epoch 0, of which 37 milliseconds was spent in the scheduler. (kafka.coordinator.group.GroupMetadataManager)
[2022-12-14 16:59:56,964] INFO [GroupMetadataManager brokerId=0] Finished loading offsets and group metadata from __consumer_offsets-8 in 38 milliseconds for epoch 0, of which 38 milliseconds was spent in the scheduler. (kafka.coordinator.group.GroupMetadataManager)
[2022-12-14 16:59:56,964] INFO [GroupMetadataManager brokerId=0] Finished loading offsets and group metadata from __consumer_offsets-45 in 38 milliseconds for epoch 0, of which 38 milliseconds was spent in the scheduler. (kafka.coordinator.group.GroupMetadataManager)
[2022-12-14 16:59:56,965] INFO [GroupMetadataManager brokerId=0] Finished loading offsets and group metadata from __consumer_offsets-15 in 38 milliseconds for epoch 0, of which 38 milliseconds was spent in the scheduler. (kafka.coordinator.group.GroupMetadataManager)
[2022-12-14 16:59:56,965] INFO [GroupMetadataManager brokerId=0] Finished loading offsets and group metadata from __consumer_offsets-30 in 35 milliseconds for epoch 0, of which 35 milliseconds was spent in the scheduler. (kafka.coordinator.group.GroupMetadataManager)
[2022-12-14 16:59:56,967] INFO [GroupMetadataManager brokerId=0] Finished loading offsets and group metadata from __consumer_offsets-0 in 37 milliseconds for epoch 0, of which 37 milliseconds was spent in the scheduler. (kafka.coordinator.group.GroupMetadataManager)
[2022-12-14 16:59:56,967] INFO [GroupMetadataManager brokerId=0] Finished loading offsets and group metadata from __consumer_offsets-35 in 37 milliseconds for epoch 0, of which 37 milliseconds was spent in the scheduler. (kafka.coordinator.group.GroupMetadataManager)
[2022-12-14 16:59:56,970] INFO [GroupMetadataManager brokerId=0] Finished loading offsets and group metadata from __consumer_offsets-5 in 38 milliseconds for epoch 0, of which 38 milliseconds was spent in the scheduler. (kafka.coordinator.group.GroupMetadataManager)
[2022-12-14 16:59:56,978] INFO [GroupMetadataManager brokerId=0] Finished loading offsets and group metadata from __consumer_offsets-20 in 44 milliseconds for epoch 0, of which 44 milliseconds was spent in the scheduler. (kafka.coordinator.group.GroupMetadataManager)
[2022-12-14 16:59:56,978] INFO [GroupMetadataManager brokerId=0] Finished loading offsets and group metadata from __consumer_offsets-27 in 44 milliseconds for epoch 0, of which 44 milliseconds was spent in the scheduler. (kafka.coordinator.group.GroupMetadataManager)
[2022-12-14 16:59:56,989] INFO [GroupMetadataManager brokerId=0] Finished loading offsets and group metadata from __consumer_offsets-42 in 55 milliseconds for epoch 0, of which 55 milliseconds was spent in the scheduler. (kafka.coordinator.group.GroupMetadataManager)
[2022-12-14 16:59:56,990] INFO [GroupMetadataManager brokerId=0] Finished loading offsets and group metadata from __consumer_offsets-12 in 55 milliseconds for epoch 0, of which 55 milliseconds was spent in the scheduler. (kafka.coordinator.group.GroupMetadataManager)
[2022-12-14 16:59:56,990] INFO [GroupMetadataManager brokerId=0] Finished loading offsets and group metadata from __consumer_offsets-21 in 55 milliseconds for epoch 0, of which 55 milliseconds was spent in the scheduler. (kafka.coordinator.group.GroupMetadataManager)
[2022-12-14 16:59:56,991] INFO [GroupMetadataManager brokerId=0] Finished loading offsets and group metadata from __consumer_offsets-36 in 56 milliseconds for epoch 0, of which 56 milliseconds was spent in the scheduler. (kafka.coordinator.group.GroupMetadataManager)
[2022-12-14 16:59:56,991] INFO [GroupMetadataManager brokerId=0] Finished loading offsets and group metadata from __consumer_offsets-6 in 55 milliseconds for epoch 0, of which 55 milliseconds was spent in the scheduler. (kafka.coordinator.group.GroupMetadataManager)
[2022-12-14 16:59:56,992] INFO [GroupMetadataManager brokerId=0] Finished loading offsets and group metadata from __consumer_offsets-43 in 56 milliseconds for epoch 0, of which 56 milliseconds was spent in the scheduler. (kafka.coordinator.group.GroupMetadataManager)
[2022-12-14 16:59:56,992] INFO [GroupMetadataManager brokerId=0] Finished loading offsets and group metadata from __consumer_offsets-13 in 56 milliseconds for epoch 0, of which 56 milliseconds was spent in the scheduler. (kafka.coordinator.group.GroupMetadataManager)
[2022-12-14 16:59:56,992] INFO [GroupMetadataManager brokerId=0] Finished loading offsets and group metadata from __consumer_offsets-28 in 55 milliseconds for epoch 0, of which 55 milliseconds was spent in the scheduler. (kafka.coordinator.group.GroupMetadataManager)
[2022-12-14 16:59:57,038] INFO [ReplicaFetcherManager on broker 0] Removed fetcher for partitions Set(loadrunner-0, loadrunner-2, loadrunner-1) (kafka.server.ReplicaFetcherManager)
[2022-12-14 16:59:57,047] INFO [LogLoader partition=loadrunner-0, dir=/tmp/kafka-logs] Loading producer state till offset 0 with message format version 2 (kafka.log.UnifiedLog$)
[2022-12-14 16:59:57,053] INFO Created log for partition loadrunner-0 in /tmp/kafka-logs/loadrunner-0 with properties {} (kafka.log.LogManager)
[2022-12-14 16:59:57,054] INFO [Partition loadrunner-0 broker=0] No checkpointed highwatermark is found for partition loadrunner-0 (kafka.cluster.Partition)
[2022-12-14 16:59:57,064] INFO [Partition loadrunner-0 broker=0] Log loaded for partition loadrunner-0 with initial high watermark 0 (kafka.cluster.Partition)
[2022-12-14 16:59:57,073] INFO [LogLoader partition=loadrunner-2, dir=/tmp/kafka-logs] Loading producer state till offset 0 with message format version 2 (kafka.log.UnifiedLog$)
[2022-12-14 16:59:57,076] INFO Created log for partition loadrunner-2 in /tmp/kafka-logs/loadrunner-2 with properties {} (kafka.log.LogManager)
[2022-12-14 16:59:57,077] INFO [Partition loadrunner-2 broker=0] No checkpointed highwatermark is found for partition loadrunner-2 (kafka.cluster.Partition)
[2022-12-14 16:59:57,078] INFO [Partition loadrunner-2 broker=0] Log loaded for partition loadrunner-2 with initial high watermark 0 (kafka.cluster.Partition)
[2022-12-14 16:59:57,091] INFO [LogLoader partition=loadrunner-1, dir=/tmp/kafka-logs] Loading producer state till offset 0 with message format version 2 (kafka.log.UnifiedLog$)
[2022-12-14 16:59:57,093] INFO Created log for partition loadrunner-1 in /tmp/kafka-logs/loadrunner-1 with properties {} (kafka.log.LogManager)
[2022-12-14 16:59:57,094] INFO [Partition loadrunner-1 broker=0] No checkpointed highwatermark is found for partition loadrunner-1 (kafka.cluster.Partition)
[2022-12-14 16:59:57,094] INFO [Partition loadrunner-1 broker=0] Log loaded for partition loadrunner-1 with initial high watermark 0 (kafka.cluster.Partition)
[2022-12-14 16:59:57,493] INFO [GroupCoordinator 0]: Dynamic member with unknown member id joins group vector2influx in Empty state. Created a new member id vector-11874d5a-724c-48df-bb8f-cb9b13b4f84c and request the member to rejoin with this id. (kafka.coordinator.group.GroupCoordinator)
[2022-12-14 16:59:57,538] INFO [GroupCoordinator 0]: Preparing to rebalance group vector2influx in state PreparingRebalance with old generation 0 (__consumer_offsets-13) (reason: Adding new member vector-11874d5a-724c-48df-bb8f-cb9b13b4f84c with group instance id None) (kafka.coordinator.group.GroupCoordinator)
[2022-12-14 16:59:57,555] INFO [GroupCoordinator 0]: Stabilized group vector2influx generation 1 (__consumer_offsets-13) with 1 members (kafka.coordinator.group.GroupCoordinator)
[2022-12-14 16:59:57,591] INFO [GroupCoordinator 0]: Assignment received from leader vector-11874d5a-724c-48df-bb8f-cb9b13b4f84c for group vector2influx for generation 1. The group has 1 members, 0 of which are static. (kafka.coordinator.group.GroupCoordinator)
