2022-12-14T17:05:12.574042Z DEBUG sink{component_kind="sink" component_id=influx component_type=http component_name=influx}:request{request_id=272}:http: vector::internal_events::http_client: Sending HTTP request. uri=http://influx:8086/write?db=loadrunner method=POST version=HTTP/1.1 headers={"content-type": "text/plain", "user-agent": "Vector/0.26.0 (x86_64-unknown-linux-musl c6b5bc2 2022-12-05)", "accept-encoding": "identity"} body=[210085 bytes]
2022-12-14T17:05:12.574198Z DEBUG sink{component_kind="sink" component_id=influx component_type=http component_name=influx}:request{request_id=272}:http: hyper::client::pool: reuse idle connection for ("http", influx:8086)
2022-12-14T17:05:12.574703Z DEBUG hyper::proto::h1::io: flushed 210293 bytes
2022-12-14T17:05:12.594034Z DEBUG hyper::proto::h1::io: parsed 6 headers
2022-12-14T17:05:12.594052Z DEBUG hyper::proto::h1::conn: incoming body is empty
2022-12-14T17:05:12.594079Z DEBUG sink{component_kind="sink" component_id=influx component_type=http component_name=influx}:request{request_id=272}:http: hyper::client::pool: pooling idle connection for ("http", influx:8086)
2022-12-14T17:05:12.594161Z DEBUG sink{component_kind="sink" component_id=influx component_type=http component_name=influx}:request{request_id=272}:http: vector::internal_events::http_client: HTTP response. status=204 No Content version=HTTP/1.1 headers={"content-type": "application/json", "request-id": "78f04239-7bd1-11ed-8132-0242ac120003", "x-influxdb-build": "OSS", "x-influxdb-version": "1.8.10", "x-request-id": "78f04239-7bd1-11ed-8132-0242ac120003", "date": "Wed, 14 Dec 2022 17:05:12 GMT"} body=[empty]
2022-12-14T17:05:12.878826Z DEBUG transform{component_kind="transform" component_id=kafkaFormatted component_type=remap component_name=kafkaFormatted}: vector::utilization: utilization=0.011819171233671585
2022-12-14T17:05:13.607071Z DEBUG sink{component_kind="sink" component_id=influx component_type=http component_name=influx}:request{request_id=273}:http: vector::internal_events::http_client: Sending HTTP request. uri=http://influx:8086/write?db=loadrunner method=POST version=HTTP/1.1 headers={"content-type": "text/plain", "user-agent": "Vector/0.26.0 (x86_64-unknown-linux-musl c6b5bc2 2022-12-05)", "accept-encoding": "identity"} body=[111767 bytes]
2022-12-14T17:05:13.607128Z DEBUG sink{component_kind="sink" component_id=influx component_type=http component_name=influx}:request{request_id=273}:http: hyper::client::pool: reuse idle connection for ("http", influx:8086)
2022-12-14T17:05:13.608005Z DEBUG hyper::proto::h1::io: flushed 111975 bytes
2022-12-14T17:05:13.618498Z DEBUG hyper::proto::h1::io: parsed 6 headers
2022-12-14T17:05:13.618530Z DEBUG hyper::proto::h1::conn: incoming body is empty
2022-12-14T17:05:13.618725Z DEBUG sink{component_kind="sink" component_id=influx component_type=http component_name=influx}:request{request_id=273}:http: hyper::client::pool: pooling idle connection for ("http", influx:8086)
2022-12-14T17:05:13.618760Z DEBUG sink{component_kind="sink" component_id=influx component_type=http component_name=influx}:request{request_id=273}:http: vector::internal_events::http_client: HTTP response. status=204 No Content version=HTTP/1.1 headers={"content-type": "application/json", "request-id": "798df62e-7bd1-11ed-8133-0242ac120003", "x-influxdb-build": "OSS", "x-influxdb-version": "1.8.10", "x-request-id": "798df62e-7bd1-11ed-8133-0242ac120003", "date": "Wed, 14 Dec 2022 17:05:13 GMT"} body=[empty]
2022-12-14T17:05:14.638049Z DEBUG sink{component_kind="sink" component_id=influx component_type=http component_name=influx}:request{request_id=274}:http: vector::internal_events::http_client: Sending HTTP request. uri=http://influx:8086/write?db=loadrunner method=POST version=HTTP/1.1 headers={"content-type": "text/plain", "user-agent": "Vector/0.26.0 (x86_64-unknown-linux-musl c6b5bc2 2022-12-05)", "accept-encoding": "identity"} body=[195902 bytes]
2022-12-14T17:05:14.638224Z DEBUG sink{component_kind="sink" component_id=influx component_type=http component_name=influx}:request{request_id=274}:http: hyper::client::pool: reuse idle connection for ("http", influx:8086)
2022-12-14T17:05:14.638533Z DEBUG hyper::proto::h1::io: flushed 196110 bytes
2022-12-14T17:05:14.658518Z DEBUG hyper::proto::h1::io: parsed 6 headers
2022-12-14T17:05:14.658623Z DEBUG hyper::proto::h1::conn: incoming body is empty
2022-12-14T17:05:14.658708Z DEBUG sink{component_kind="sink" component_id=influx component_type=http component_name=influx}:request{request_id=274}:http: hyper::client::pool: pooling idle connection for ("http", influx:8086)
2022-12-14T17:05:14.658793Z DEBUG sink{component_kind="sink" component_id=influx component_type=http component_name=influx}:request{request_id=274}:http: vector::internal_events::http_client: HTTP response. status=204 No Content version=HTTP/1.1 headers={"content-type": "application/json", "request-id": "7a2b3a07-7bd1-11ed-8134-0242ac120003", "x-influxdb-build": "OSS", "x-influxdb-version": "1.8.10", "x-request-id": "7a2b3a07-7bd1-11ed-8134-0242ac120003", "date": "Wed, 14 Dec 2022 17:05:14 GMT"} body=[empty]
2022-12-14T17:05:14.739160Z DEBUG sink{component_kind="sink" component_id=influx component_type=http component_name=influx}: vector::utilization: utilization=0.0011836573982443883
2022-12-14T17:05:15.714935Z DEBUG sink{component_kind="sink" component_id=influx component_type=http component_name=influx}:request{request_id=275}:http: vector::internal_events::http_client: Sending HTTP request. uri=http://influx:8086/write?db=loadrunner method=POST version=HTTP/1.1 headers={"content-type": "text/plain", "user-agent": "Vector/0.26.0 (x86_64-unknown-linux-musl c6b5bc2 2022-12-05)", "accept-encoding": "identity"} body=[223999 bytes]
2022-12-14T17:05:15.715041Z DEBUG sink{component_kind="sink" component_id=influx component_type=http component_name=influx}:request{request_id=275}:http: hyper::client::pool: reuse idle connection for ("http", influx:8086)
2022-12-14T17:05:15.715324Z DEBUG hyper::proto::h1::io: flushed 224207 bytes
2022-12-14T17:05:15.736602Z DEBUG hyper::proto::h1::io: parsed 6 headers
2022-12-14T17:05:15.736668Z DEBUG hyper::proto::h1::conn: incoming body is empty
2022-12-14T17:05:15.736715Z DEBUG sink{component_kind="sink" component_id=influx component_type=http component_name=influx}:request{request_id=275}:http: hyper::client::pool: pooling idle connection for ("http", influx:8086)
2022-12-14T17:05:15.736768Z DEBUG sink{component_kind="sink" component_id=influx component_type=http component_name=influx}:request{request_id=275}:http: vector::internal_events::http_client: HTTP response. status=204 No Content version=HTTP/1.1 headers={"content-type": "application/json", "request-id": "7acf7df9-7bd1-11ed-8135-0242ac120003", "x-influxdb-build": "OSS", "x-influxdb-version": "1.8.10", "x-request-id": "7acf7df9-7bd1-11ed-8135-0242ac120003", "date": "Wed, 14 Dec 2022 17:05:15 GMT"} body=[empty]
2022-12-14T17:05:16.833675Z DEBUG sink{component_kind="sink" component_id=influx component_type=http component_name=influx}:request{request_id=276}:http: vector::internal_events::http_client: Sending HTTP request. uri=http://influx:8086/write?db=loadrunner method=POST version=HTTP/1.1 headers={"content-type": "text/plain", "user-agent": "Vector/0.26.0 (x86_64-unknown-linux-musl c6b5bc2 2022-12-05)", "accept-encoding": "identity"} body=[307879 bytes]
2022-12-14T17:05:16.833720Z DEBUG sink{component_kind="sink" component_id=influx component_type=http component_name=influx}:request{request_id=276}:http: hyper::client::pool: reuse idle connection for ("http", influx:8086)
2022-12-14T17:05:16.834028Z DEBUG hyper::proto::h1::io: flushed 308087 bytes
2022-12-14T17:05:16.893337Z DEBUG hyper::proto::h1::io: parsed 6 headers
2022-12-14T17:05:16.893357Z DEBUG hyper::proto::h1::conn: incoming body is empty
2022-12-14T17:05:16.893458Z DEBUG sink{component_kind="sink" component_id=influx component_type=http component_name=influx}:request{request_id=276}:http: hyper::client::pool: pooling idle connection for ("http", influx:8086)
2022-12-14T17:05:16.893486Z DEBUG sink{component_kind="sink" component_id=influx component_type=http component_name=influx}:request{request_id=276}:http: vector::internal_events::http_client: HTTP response. status=204 No Content version=HTTP/1.1 headers={"content-type": "application/json", "request-id": "7b7a3779-7bd1-11ed-8136-0242ac120003", "x-influxdb-build": "OSS", "x-influxdb-version": "1.8.10", "x-request-id": "7b7a3779-7bd1-11ed-8136-0242ac120003", "date": "Wed, 14 Dec 2022 17:05:16 GMT"} body=[empty]
2022-12-14T17:05:17.923875Z DEBUG transform{component_kind="transform" component_id=kafkaFormatted component_type=remap component_name=kafkaFormatted}: vector::utilization: utilization=0.01214838669677901
2022-12-14T17:05:17.951036Z DEBUG sink{component_kind="sink" component_id=influx component_type=http component_name=influx}:request{request_id=277}:http: vector::internal_events::http_client: Sending HTTP request. uri=http://influx:8086/write?db=loadrunner method=POST version=HTTP/1.1 headers={"content-type": "text/plain", "user-agent": "Vector/0.26.0 (x86_64-unknown-linux-musl c6b5bc2 2022-12-05)", "accept-encoding": "identity"} body=[112225 bytes]
2022-12-14T17:05:17.951081Z DEBUG sink{component_kind="sink" component_id=influx component_type=http component_name=influx}:request{request_id=277}:http: hyper::client::pool: reuse idle connection for ("http", influx:8086)
2022-12-14T17:05:17.951349Z DEBUG hyper::proto::h1::io: flushed 112433 bytes
2022-12-14T17:05:17.966691Z DEBUG hyper::proto::h1::io: parsed 6 headers
2022-12-14T17:05:17.966744Z DEBUG hyper::proto::h1::conn: incoming body is empty
2022-12-14T17:05:17.966768Z DEBUG sink{component_kind="sink" component_id=influx component_type=http component_name=influx}:request{request_id=277}:http: hyper::client::pool: pooling idle connection for ("http", influx:8086)
2022-12-14T17:05:17.966845Z DEBUG sink{component_kind="sink" component_id=influx component_type=http component_name=influx}:request{request_id=277}:http: vector::internal_events::http_client: HTTP response. status=204 No Content version=HTTP/1.1 headers={"content-type": "application/json", "request-id": "7c24b338-7bd1-11ed-8137-0242ac120003", "x-influxdb-build": "OSS", "x-influxdb-version": "1.8.10", "x-request-id": "7c24b338-7bd1-11ed-8137-0242ac120003", "date": "Wed, 14 Dec 2022 17:05:17 GMT"} body=[empty]
2022-12-14T17:05:19.015686Z DEBUG sink{component_kind="sink" component_id=influx component_type=http component_name=influx}:request{request_id=278}:http: vector::internal_events::http_client: Sending HTTP request. uri=http://influx:8086/write?db=loadrunner method=POST version=HTTP/1.1 headers={"content-type": "text/plain", "user-agent": "Vector/0.26.0 (x86_64-unknown-linux-musl c6b5bc2 2022-12-05)", "accept-encoding": "identity"} body=[210140 bytes]
2022-12-14T17:05:19.015843Z DEBUG sink{component_kind="sink" component_id=influx component_type=http component_name=influx}:request{request_id=278}:http: hyper::client::pool: reuse idle connection for ("http", influx:8086)
2022-12-14T17:05:19.016154Z DEBUG hyper::proto::h1::io: flushed 210348 bytes
2022-12-14T17:05:19.038582Z DEBUG hyper::proto::h1::io: parsed 6 headers
2022-12-14T17:05:19.038642Z DEBUG hyper::proto::h1::conn: incoming body is empty
2022-12-14T17:05:19.038682Z DEBUG sink{component_kind="sink" component_id=influx component_type=http component_name=influx}:request{request_id=278}:http: hyper::client::pool: pooling idle connection for ("http", influx:8086)
2022-12-14T17:05:19.038732Z DEBUG sink{component_kind="sink" component_id=influx component_type=http component_name=influx}:request{request_id=278}:http: vector::internal_events::http_client: HTTP response. status=204 No Content version=HTTP/1.1 headers={"content-type": "application/json", "request-id": "7cc7307f-7bd1-11ed-8138-0242ac120003", "x-influxdb-build": "OSS", "x-influxdb-version": "1.8.10", "x-request-id": "7cc7307f-7bd1-11ed-8138-0242ac120003", "date": "Wed, 14 Dec 2022 17:05:19 GMT"} body=[empty]
2022-12-14T17:05:19.739540Z DEBUG sink{component_kind="sink" component_id=influx component_type=http component_name=influx}: vector::utilization: utilization=0.0015134134597969587
2022-12-14T17:05:20.109703Z DEBUG sink{component_kind="sink" component_id=influx component_type=http component_name=influx}:request{request_id=279}:http: vector::internal_events::http_client: Sending HTTP request. uri=http://influx:8086/write?db=loadrunner method=POST version=HTTP/1.1 headers={"content-type": "text/plain", "user-agent": "Vector/0.26.0 (x86_64-unknown-linux-musl c6b5bc2 2022-12-05)", "accept-encoding": "identity"} body=[224807 bytes]
2022-12-14T17:05:20.110034Z DEBUG sink{component_kind="sink" component_id=influx component_type=http component_name=influx}:request{request_id=279}:http: hyper::client::pool: reuse idle connection for ("http", influx:8086)
2022-12-14T17:05:20.110375Z DEBUG hyper::proto::h1::io: flushed 225015 bytes
2022-12-14T17:05:20.136364Z DEBUG hyper::proto::h1::io: parsed 6 headers
2022-12-14T17:05:20.136473Z DEBUG hyper::proto::h1::conn: incoming body is empty
2022-12-14T17:05:20.136604Z DEBUG sink{component_kind="sink" component_id=influx component_type=http component_name=influx}:request{request_id=279}:http: hyper::client::pool: pooling idle connection for ("http", influx:8086)
2022-12-14T17:05:20.136696Z DEBUG sink{component_kind="sink" component_id=influx component_type=http component_name=influx}:request{request_id=279}:http: vector::internal_events::http_client: HTTP response. status=204 No Content version=HTTP/1.1 headers={"content-type": "application/json", "request-id": "7d6e27f2-7bd1-11ed-8139-0242ac120003", "x-influxdb-build": "OSS", "x-influxdb-version": "1.8.10", "x-request-id": "7d6e27f2-7bd1-11ed-8139-0242ac120003", "date": "Wed, 14 Dec 2022 17:05:20 GMT"} body=[empty]
2022-12-14T17:05:21.131384Z DEBUG sink{component_kind="sink" component_id=influx component_type=http component_name=influx}:request{request_id=280}:http: vector::internal_events::http_client: Sending HTTP request. uri=http://influx:8086/write?db=loadrunner method=POST version=HTTP/1.1 headers={"content-type": "text/plain", "user-agent": "Vector/0.26.0 (x86_64-unknown-linux-musl c6b5bc2 2022-12-05)", "accept-encoding": "identity"} body=[293957 bytes]
2022-12-14T17:05:21.140516Z DEBUG sink{component_kind="sink" component_id=influx component_type=http component_name=influx}:request{request_id=280}:http: hyper::client::pool: reuse idle connection for ("http", influx:8086)
2022-12-14T17:05:21.140818Z DEBUG hyper::proto::h1::io: flushed 294165 bytes
2022-12-14T17:05:21.208561Z DEBUG hyper::proto::h1::io: parsed 6 headers
2022-12-14T17:05:21.208661Z DEBUG hyper::proto::h1::conn: incoming body is empty
2022-12-14T17:05:21.208756Z DEBUG sink{component_kind="sink" component_id=influx component_type=http component_name=influx}:request{request_id=280}:http: hyper::client::pool: pooling idle connection for ("http", influx:8086)
2022-12-14T17:05:21.208827Z DEBUG sink{component_kind="sink" component_id=influx component_type=http component_name=influx}:request{request_id=280}:http: vector::internal_events::http_client: HTTP response. status=204 No Content version=HTTP/1.1 headers={"content-type": "application/json", "request-id": "7e0b627f-7bd1-11ed-813a-0242ac120003", "x-influxdb-build": "OSS", "x-influxdb-version": "1.8.10", "x-request-id": "7e0b627f-7bd1-11ed-813a-0242ac120003", "date": "Wed, 14 Dec 2022 17:05:21 GMT"} body=[empty]
2022-12-14T17:05:22.962600Z DEBUG transform{component_kind="transform" component_id=kafkaFormatted component_type=remap component_name=kafkaFormatted}: vector::utilization: utilization=0.012744946901567947
2022-12-14T17:05:23.206427Z DEBUG sink{component_kind="sink" component_id=influx component_type=http component_name=influx}:request{request_id=281}:http: vector::internal_events::http_client: Sending HTTP request. uri=http://influx:8086/write?db=loadrunner method=POST version=HTTP/1.1 headers={"content-type": "text/plain", "user-agent": "Vector/0.26.0 (x86_64-unknown-linux-musl c6b5bc2 2022-12-05)", "accept-encoding": "identity"} body=[251748 bytes]
2022-12-14T17:05:23.206566Z DEBUG sink{component_kind="sink" component_id=influx component_type=http component_name=influx}:request{request_id=281}:http: hyper::client::pool: reuse idle connection for ("http", influx:8086)
2022-12-14T17:05:23.206866Z DEBUG hyper::proto::h1::io: flushed 251956 bytes
2022-12-14T17:05:23.229776Z DEBUG hyper::proto::h1::io: parsed 6 headers
2022-12-14T17:05:23.229793Z DEBUG hyper::proto::h1::conn: incoming body is empty
2022-12-14T17:05:23.229843Z DEBUG sink{component_kind="sink" component_id=influx component_type=http component_name=influx}:request{request_id=281}:http: hyper::client::pool: pooling idle connection for ("http", influx:8086)
2022-12-14T17:05:23.229884Z DEBUG sink{component_kind="sink" component_id=influx component_type=http component_name=influx}:request{request_id=281}:http: vector::internal_events::http_client: HTTP response. status=204 No Content version=HTTP/1.1 headers={"content-type": "application/json", "request-id": "7f46a5b2-7bd1-11ed-813c-0242ac120003", "x-influxdb-build": "OSS", "x-influxdb-version": "1.8.10", "x-request-id": "7f46a5b2-7bd1-11ed-813c-0242ac120003", "date": "Wed, 14 Dec 2022 17:05:23 GMT"} body=[empty]
2022-12-14T17:05:24.223933Z DEBUG sink{component_kind="sink" component_id=influx component_type=http component_name=influx}:request{request_id=282}:http: vector::internal_events::http_client: Sending HTTP request. uri=http://influx:8086/write?db=loadrunner method=POST version=HTTP/1.1 headers={"content-type": "text/plain", "user-agent": "Vector/0.26.0 (x86_64-unknown-linux-musl c6b5bc2 2022-12-05)", "accept-encoding": "identity"} body=[210329 bytes]
2022-12-14T17:05:24.223978Z DEBUG sink{component_kind="sink" component_id=influx component_type=http component_name=influx}:request{request_id=282}:http: hyper::client::pool: reuse idle connection for ("http", influx:8086)
2022-12-14T17:05:24.224324Z DEBUG hyper::proto::h1::io: flushed 210537 bytes
2022-12-14T17:05:24.247171Z DEBUG hyper::proto::h1::io: parsed 6 headers
2022-12-14T17:05:24.247192Z DEBUG hyper::proto::h1::conn: incoming body is empty
2022-12-14T17:05:24.247322Z DEBUG sink{component_kind="sink" component_id=influx component_type=http component_name=influx}:request{request_id=282}:http: hyper::client::pool: pooling idle connection for ("http", influx:8086)
2022-12-14T17:05:24.247351Z DEBUG sink{component_kind="sink" component_id=influx component_type=http component_name=influx}:request{request_id=282}:http: vector::internal_events::http_client: HTTP response. status=204 No Content version=HTTP/1.1 headers={"content-type": "application/json", "request-id": "7fe1e63a-7bd1-11ed-813d-0242ac120003", "x-influxdb-build": "OSS", "x-influxdb-version": "1.8.10", "x-request-id": "7fe1e63a-7bd1-11ed-813d-0242ac120003", "date": "Wed, 14 Dec 2022 17:05:24 GMT"} body=[empty]
2022-12-14T17:05:24.739270Z DEBUG sink{component_kind="sink" component_id=influx component_type=http component_name=influx}: vector::utilization: utilization=0.0017976619348534356
2022-12-14T17:05:25.283353Z DEBUG sink{component_kind="sink" component_id=influx component_type=http component_name=influx}:request{request_id=283}:http: vector::internal_events::http_client: Sending HTTP request. uri=http://influx:8086/write?db=loadrunner method=POST version=HTTP/1.1 headers={"content-type": "text/plain", "user-agent": "Vector/0.26.0 (x86_64-unknown-linux-musl c6b5bc2 2022-12-05)", "accept-encoding": "identity"} body=[125845 bytes]
2022-12-14T17:05:25.283433Z DEBUG sink{component_kind="sink" component_id=influx component_type=http component_name=influx}:request{request_id=283}:http: hyper::client::pool: reuse idle connection for ("http", influx:8086)
2022-12-14T17:05:25.283643Z DEBUG hyper::proto::h1::io: flushed 126053 bytes
2022-12-14T17:05:25.293327Z DEBUG hyper::proto::h1::io: parsed 6 headers
2022-12-14T17:05:25.293345Z DEBUG hyper::proto::h1::conn: incoming body is empty
2022-12-14T17:05:25.293383Z DEBUG sink{component_kind="sink" component_id=influx component_type=http component_name=influx}:request{request_id=283}:http: hyper::client::pool: pooling idle connection for ("http", influx:8086)
2022-12-14T17:05:25.293417Z DEBUG sink{component_kind="sink" component_id=influx component_type=http component_name=influx}:request{request_id=283}:http: vector::internal_events::http_client: HTTP response. status=204 No Content version=HTTP/1.1 headers={"content-type": "application/json", "request-id": "80838981-7bd1-11ed-813e-0242ac120003", "x-influxdb-build": "OSS", "x-influxdb-version": "1.8.10", "x-request-id": "80838981-7bd1-11ed-813e-0242ac120003", "date": "Wed, 14 Dec 2022 17:05:25 GMT"} body=[empty]
2022-12-14T17:05:26.310734Z DEBUG sink{component_kind="sink" component_id=influx component_type=http component_name=influx}:request{request_id=284}:http: vector::internal_events::http_client: Sending HTTP request. uri=http://influx:8086/write?db=loadrunner method=POST version=HTTP/1.1 headers={"content-type": "text/plain", "user-agent": "Vector/0.26.0 (x86_64-unknown-linux-musl c6b5bc2 2022-12-05)", "accept-encoding": "identity"} body=[287061 bytes]
2022-12-14T17:05:26.310785Z DEBUG sink{component_kind="sink" component_id=influx component_type=http component_name=influx}:request{request_id=284}:http: hyper::client::pool: reuse idle connection for ("http", influx:8086)
2022-12-14T17:05:26.311135Z DEBUG hyper::proto::h1::io: flushed 287269 bytes
2022-12-14T17:05:26.332593Z DEBUG hyper::proto::h1::io: parsed 6 headers
2022-12-14T17:05:26.332634Z DEBUG hyper::proto::h1::conn: incoming body is empty
2022-12-14T17:05:26.332678Z DEBUG sink{component_kind="sink" component_id=influx component_type=http component_name=influx}:request{request_id=284}:http: hyper::client::pool: pooling idle connection for ("http", influx:8086)
2022-12-14T17:05:26.332730Z DEBUG sink{component_kind="sink" component_id=influx component_type=http component_name=influx}:request{request_id=284}:http: vector::internal_events::http_client: HTTP response. status=204 No Content version=HTTP/1.1 headers={"content-type": "application/json", "request-id": "8120519f-7bd1-11ed-813f-0242ac120003", "x-influxdb-build": "OSS", "x-influxdb-version": "1.8.10", "x-request-id": "8120519f-7bd1-11ed-813f-0242ac120003", "date": "Wed, 14 Dec 2022 17:05:26 GMT"} body=[empty]
2022-12-14T17:05:29.738842Z DEBUG sink{component_kind="sink" component_id=influx component_type=http component_name=influx}: vector::utilization: utilization=0.0007179409156919738
2022-12-14T17:05:34.739255Z DEBUG sink{component_kind="sink" component_id=influx component_type=http component_name=influx}: vector::utilization: utilization=0.00007181209008467537
2022-12-14T17:05:39.739112Z DEBUG sink{component_kind="sink" component_id=influx component_type=http component_name=influx}: vector::utilization: utilization=0.000007217210041422292
