START Running Jmeter on Tue Dec 13 00:10:30 CET 2022
JVM_ARGS=-Xmn976m -Xms3904m -Xmx3904m
jmeter args=-n -t /app/loadTest.jmx -l /app/3680604531/loadTest.jtl
jmeter ALL ARGS=-Dlog4j2.formatMsgNoLookups=true -n -t /app/loadTest.jmx -l /app/3680604531/loadTest.jtl
Dec 13, 2022 12:10:31 AM java.util.prefs.FileSystemPreferences$1 run
INFO: Created user preferences directory.
Creating summariser <summary>
Created the tree successfully using /app/loadTest.jmx
Starting standalone test @ December 13, 2022 12:10:31 AM CET (1670886631712)
Waiting for possible Shutdown/StopTestNow/HeapDump/ThreadDump message on port 4445
summary +      1 in 00:00:02 =    0.5/s Avg:   964 Min:   964 Max:   964 Err:     0 (0.00%) Active: 42 Started: 42 Finished: 0
summary +   8018 in 00:00:26 =  310.9/s Avg:    21 Min:     1 Max:  1958 Err:     0 (0.00%) Active: 558 Started: 558 Finished: 0
summary =   8019 in 00:00:28 =  287.2/s Avg:    21 Min:     1 Max:  1958 Err:     0 (0.00%)
summary +  26010 in 00:00:30 =  866.9/s Avg:    16 Min:     0 Max:   281 Err:     0 (0.00%) Active: 1158 Started: 1158 Finished: 0
summary =  34029 in 00:00:58 =  587.5/s Avg:    17 Min:     0 Max:  1958 Err:     0 (0.00%)
summary +  44010 in 00:00:30 = 1467.2/s Avg:    19 Min:     0 Max:   256 Err:     0 (0.00%) Active: 1758 Started: 1758 Finished: 0
summary =  78039 in 00:01:28 =  887.6/s Avg:    18 Min:     0 Max:  1958 Err:     0 (0.00%)
summary +  61712 in 00:00:30 = 2057.6/s Avg:   107 Min:     0 Max:   985 Err:     0 (0.00%) Active: 2357 Started: 2357 Finished: 0
summary = 139751 in 00:01:58 = 1185.2/s Avg:    57 Min:     0 Max:  1958 Err:     0 (0.00%)
summary +  65489 in 00:00:30 = 2154.4/s Avg:   901 Min:     0 Max:  2272 Err:     0 (0.00%) Active: 2957 Started: 2957 Finished: 0
summary = 205240 in 00:02:28 = 1383.8/s Avg:   327 Min:     0 Max:  2272 Err:     0 (0.00%)
summary +  61004 in 00:00:30 = 2060.9/s Avg:  1541 Min:     4 Max:  4014 Err:     0 (0.00%) Active: 3548 Started: 3548 Finished: 0
summary = 266244 in 00:02:58 = 1496.5/s Avg:   605 Min:     0 Max:  4014 Err:     0 (0.00%)
summary +  59263 in 00:00:30 = 1952.7/s Avg:  1936 Min:   846 Max:  3418 Err:     0 (0.00%) Active: 4000 Started: 4000 Finished: 0
summary = 325507 in 00:03:28 = 1563.0/s Avg:   847 Min:     0 Max:  4014 Err:     0 (0.00%)
summary +  57324 in 00:00:30 = 1933.1/s Avg:  2102 Min:  1322 Max:  3235 Err:     0 (0.00%) Active: 4000 Started: 4000 Finished: 0
summary = 382831 in 00:03:58 = 1609.1/s Avg:  1035 Min:     0 Max:  4014 Err:     0 (0.00%)
summary +  60556 in 00:00:30 = 2017.4/s Avg:  1981 Min:     5 Max:  3845 Err:     0 (0.00%) Active: 4000 Started: 4000 Finished: 0
summary = 443387 in 00:04:28 = 1654.8/s Avg:  1164 Min:     0 Max:  4014 Err:     0 (0.00%)
summary +  56383 in 00:00:30 = 1880.5/s Avg:  2088 Min:  1291 Max:  4099 Err:     0 (0.00%) Active: 4000 Started: 4000 Finished: 0
summary = 499770 in 00:04:58 = 1677.5/s Avg:  1268 Min:     0 Max:  4099 Err:     0 (0.00%)
summary +  12097 in 00:00:06 = 2034.8/s Avg:  1894 Min:   627 Max:  2851 Err:     0 (0.00%) Active: 0 Started: 4000 Finished: 4000
summary = 511867 in 00:05:04 = 1684.5/s Avg:  1283 Min:     0 Max:  4099 Err:     0 (0.00%)
Tidying up ...    @ December 13, 2022 12:15:35 AM CET (1670886935953)
... end of run
END Running Jmeter on Tue Dec 13 00:15:36 CET 2022
