2022-12-12T23:15:22.508461Z DEBUG sink{component_kind="sink" component_id=influx component_type=http component_name=influx}:request{request_id=277}:http: vector::internal_events::http_client: HTTP response. status=204 No Content version=HTTP/1.1 headers={"content-type": "application/json", "request-id": "da415723-7a72-11ed-8154-0242ac120003", "x-influxdb-build": "OSS", "x-influxdb-version": "1.8.10", "x-request-id": "da415723-7a72-11ed-8154-0242ac120003", "date": "Mon, 12 Dec 2022 23:15:22 GMT"} body=[empty]
2022-12-12T23:15:23.566910Z DEBUG sink{component_kind="sink" component_id=influx component_type=http component_name=influx}:request{request_id=278}:http: vector::internal_events::http_client: Sending HTTP request. uri=http://influx:8086/write?db=loadrunner method=POST version=HTTP/1.1 headers={"content-type": "text/plain", "user-agent": "Vector/0.26.0 (x86_64-unknown-linux-musl c6b5bc2 2022-12-05)", "accept-encoding": "identity"} body=[196683 bytes]
2022-12-12T23:15:23.567087Z DEBUG sink{component_kind="sink" component_id=influx component_type=http component_name=influx}:request{request_id=278}:http: hyper::client::pool: reuse idle connection for ("http", influx:8086)
2022-12-12T23:15:23.567355Z DEBUG hyper::proto::h1::io: flushed 196891 bytes
2022-12-12T23:15:23.585654Z DEBUG hyper::proto::h1::io: parsed 6 headers
2022-12-12T23:15:23.585745Z DEBUG hyper::proto::h1::conn: incoming body is empty
2022-12-12T23:15:23.585820Z DEBUG sink{component_kind="sink" component_id=influx component_type=http component_name=influx}:request{request_id=278}:http: hyper::client::pool: pooling idle connection for ("http", influx:8086)
2022-12-12T23:15:23.585887Z DEBUG sink{component_kind="sink" component_id=influx component_type=http component_name=influx}:request{request_id=278}:http: vector::internal_events::http_client: HTTP response. status=204 No Content version=HTTP/1.1 headers={"content-type": "application/json", "request-id": "dae54b18-7a72-11ed-8156-0242ac120003", "x-influxdb-build": "OSS", "x-influxdb-version": "1.8.10", "x-request-id": "dae54b18-7a72-11ed-8156-0242ac120003", "date": "Mon, 12 Dec 2022 23:15:23 GMT"} body=[empty]
2022-12-12T23:15:24.012497Z DEBUG sink{component_kind="sink" component_id=influx component_type=http component_name=influx}: vector::utilization: utilization=0.002534004210234392
2022-12-12T23:15:24.594169Z DEBUG sink{component_kind="sink" component_id=influx component_type=http component_name=influx}:request{request_id=279}:http: vector::internal_events::http_client: Sending HTTP request. uri=http://influx:8086/write?db=loadrunner method=POST version=HTTP/1.1 headers={"content-type": "text/plain", "user-agent": "Vector/0.26.0 (x86_64-unknown-linux-musl c6b5bc2 2022-12-05)", "accept-encoding": "identity"} body=[294860 bytes]
2022-12-12T23:15:24.594334Z DEBUG sink{component_kind="sink" component_id=influx component_type=http component_name=influx}:request{request_id=279}:http: hyper::client::pool: reuse idle connection for ("http", influx:8086)
2022-12-12T23:15:24.594626Z DEBUG hyper::proto::h1::io: flushed 295068 bytes
2022-12-12T23:15:24.622081Z DEBUG hyper::proto::h1::io: parsed 6 headers
2022-12-12T23:15:24.622180Z DEBUG hyper::proto::h1::conn: incoming body is empty
2022-12-12T23:15:24.622276Z DEBUG sink{component_kind="sink" component_id=influx component_type=http component_name=influx}:request{request_id=279}:http: hyper::client::pool: pooling idle connection for ("http", influx:8086)
2022-12-12T23:15:24.622365Z DEBUG sink{component_kind="sink" component_id=influx component_type=http component_name=influx}:request{request_id=279}:http: vector::internal_events::http_client: HTTP response. status=204 No Content version=HTTP/1.1 headers={"content-type": "application/json", "request-id": "db820aa8-7a72-11ed-8157-0242ac120003", "x-influxdb-build": "OSS", "x-influxdb-version": "1.8.10", "x-request-id": "db820aa8-7a72-11ed-8157-0242ac120003", "date": "Mon, 12 Dec 2022 23:15:24 GMT"} body=[empty]
2022-12-12T23:15:25.513910Z DEBUG transform{component_kind="transform" component_id=kafkaFormatted component_type=remap component_name=kafkaFormatted}: vector::utilization: utilization=0.020420931729907395
2022-12-12T23:15:25.606083Z DEBUG sink{component_kind="sink" component_id=influx component_type=http component_name=influx}:request{request_id=280}:http: vector::internal_events::http_client: Sending HTTP request. uri=http://influx:8086/write?db=loadrunner method=POST version=HTTP/1.1 headers={"content-type": "text/plain", "user-agent": "Vector/0.26.0 (x86_64-unknown-linux-musl c6b5bc2 2022-12-05)", "accept-encoding": "identity"} body=[280450 bytes]
2022-12-12T23:15:25.606181Z DEBUG sink{component_kind="sink" component_id=influx component_type=http component_name=influx}:request{request_id=280}:http: hyper::client::pool: reuse idle connection for ("http", influx:8086)
2022-12-12T23:15:25.606433Z DEBUG hyper::proto::h1::io: flushed 280658 bytes
2022-12-12T23:15:25.630087Z DEBUG hyper::proto::h1::io: parsed 6 headers
2022-12-12T23:15:25.630141Z DEBUG hyper::proto::h1::conn: incoming body is empty
2022-12-12T23:15:25.630180Z DEBUG sink{component_kind="sink" component_id=influx component_type=http component_name=influx}:request{request_id=280}:http: hyper::client::pool: pooling idle connection for ("http", influx:8086)
2022-12-12T23:15:25.630238Z DEBUG sink{component_kind="sink" component_id=influx component_type=http component_name=influx}:request{request_id=280}:http: vector::internal_events::http_client: HTTP response. status=204 No Content version=HTTP/1.1 headers={"content-type": "application/json", "request-id": "dc1c6dd2-7a72-11ed-8158-0242ac120003", "x-influxdb-build": "OSS", "x-influxdb-version": "1.8.10", "x-request-id": "dc1c6dd2-7a72-11ed-8158-0242ac120003", "date": "Mon, 12 Dec 2022 23:15:25 GMT"} body=[empty]
2022-12-12T23:15:26.747829Z DEBUG sink{component_kind="sink" component_id=influx component_type=http component_name=influx}:request{request_id=281}:http: vector::internal_events::http_client: Sending HTTP request. uri=http://influx:8086/write?db=loadrunner method=POST version=HTTP/1.1 headers={"content-type": "text/plain", "user-agent": "Vector/0.26.0 (x86_64-unknown-linux-musl c6b5bc2 2022-12-05)", "accept-encoding": "identity"} body=[266488 bytes]
2022-12-12T23:15:26.747869Z DEBUG sink{component_kind="sink" component_id=influx component_type=http component_name=influx}:request{request_id=281}:http: hyper::client::pool: reuse idle connection for ("http", influx:8086)
2022-12-12T23:15:26.748130Z DEBUG hyper::proto::h1::io: flushed 266696 bytes
2022-12-12T23:15:26.766800Z DEBUG hyper::proto::h1::io: parsed 6 headers
2022-12-12T23:15:26.766815Z DEBUG hyper::proto::h1::conn: incoming body is empty
2022-12-12T23:15:26.766837Z DEBUG sink{component_kind="sink" component_id=influx component_type=http component_name=influx}:request{request_id=281}:http: hyper::client::pool: pooling idle connection for ("http", influx:8086)
2022-12-12T23:15:26.766907Z DEBUG sink{component_kind="sink" component_id=influx component_type=http component_name=influx}:request{request_id=281}:http: vector::internal_events::http_client: HTTP response. status=204 No Content version=HTTP/1.1 headers={"content-type": "application/json", "request-id": "dccaa9ec-7a72-11ed-8159-0242ac120003", "x-influxdb-build": "OSS", "x-influxdb-version": "1.8.10", "x-request-id": "dccaa9ec-7a72-11ed-8159-0242ac120003", "date": "Mon, 12 Dec 2022 23:15:26 GMT"} body=[empty]
2022-12-12T23:15:27.836896Z DEBUG sink{component_kind="sink" component_id=influx component_type=http component_name=influx}:request{request_id=282}:http: vector::internal_events::http_client: Sending HTTP request. uri=http://influx:8086/write?db=loadrunner method=POST version=HTTP/1.1 headers={"content-type": "text/plain", "user-agent": "Vector/0.26.0 (x86_64-unknown-linux-musl c6b5bc2 2022-12-05)", "accept-encoding": "identity"} body=[267044 bytes]
2022-12-12T23:15:27.836940Z DEBUG sink{component_kind="sink" component_id=influx component_type=http component_name=influx}:request{request_id=282}:http: hyper::client::pool: reuse idle connection for ("http", influx:8086)
2022-12-12T23:15:27.837120Z DEBUG hyper::proto::h1::io: flushed 267252 bytes
2022-12-12T23:15:27.967858Z DEBUG hyper::proto::h1::io: parsed 6 headers
2022-12-12T23:15:27.967909Z DEBUG hyper::proto::h1::conn: incoming body is empty
2022-12-12T23:15:27.967956Z DEBUG sink{component_kind="sink" component_id=influx component_type=http component_name=influx}:request{request_id=282}:http: hyper::client::pool: pooling idle connection for ("http", influx:8086)
2022-12-12T23:15:27.968005Z DEBUG sink{component_kind="sink" component_id=influx component_type=http component_name=influx}:request{request_id=282}:http: vector::internal_events::http_client: HTTP response. status=204 No Content version=HTTP/1.1 headers={"content-type": "application/json", "request-id": "dd720d78-7a72-11ed-815b-0242ac120003", "x-influxdb-build": "OSS", "x-influxdb-version": "1.8.10", "x-request-id": "dd720d78-7a72-11ed-815b-0242ac120003", "date": "Mon, 12 Dec 2022 23:15:27 GMT"} body=[empty]
2022-12-12T23:15:28.962680Z DEBUG sink{component_kind="sink" component_id=influx component_type=http component_name=influx}:request{request_id=283}:http: vector::internal_events::http_client: Sending HTTP request. uri=http://influx:8086/write?db=loadrunner method=POST version=HTTP/1.1 headers={"content-type": "text/plain", "user-agent": "Vector/0.26.0 (x86_64-unknown-linux-musl c6b5bc2 2022-12-05)", "accept-encoding": "identity"} body=[196602 bytes]
2022-12-12T23:15:28.962775Z DEBUG sink{component_kind="sink" component_id=influx component_type=http component_name=influx}:request{request_id=283}:http: hyper::client::pool: reuse idle connection for ("http", influx:8086)
2022-12-12T23:15:28.962983Z DEBUG hyper::proto::h1::io: flushed 196810 bytes
2022-12-12T23:15:28.982507Z DEBUG hyper::proto::h1::io: parsed 6 headers
2022-12-12T23:15:28.982559Z DEBUG hyper::proto::h1::conn: incoming body is empty
2022-12-12T23:15:28.982598Z DEBUG sink{component_kind="sink" component_id=influx component_type=http component_name=influx}:request{request_id=283}:http: hyper::client::pool: pooling idle connection for ("http", influx:8086)
2022-12-12T23:15:28.982645Z DEBUG sink{component_kind="sink" component_id=influx component_type=http component_name=influx}:request{request_id=283}:http: vector::internal_events::http_client: HTTP response. status=204 No Content version=HTTP/1.1 headers={"content-type": "application/json", "request-id": "de1ca141-7a72-11ed-815c-0242ac120003", "x-influxdb-build": "OSS", "x-influxdb-version": "1.8.10", "x-request-id": "de1ca141-7a72-11ed-815c-0242ac120003", "date": "Mon, 12 Dec 2022 23:15:28 GMT"} body=[empty]
2022-12-12T23:15:29.012189Z DEBUG sink{component_kind="sink" component_id=influx component_type=http component_name=influx}: vector::utilization: utilization=0.0019143994312698503
2022-12-12T23:15:29.985469Z DEBUG sink{component_kind="sink" component_id=influx component_type=http component_name=influx}:request{request_id=284}:http: vector::internal_events::http_client: Sending HTTP request. uri=http://influx:8086/write?db=loadrunner method=POST version=HTTP/1.1 headers={"content-type": "text/plain", "user-agent": "Vector/0.26.0 (x86_64-unknown-linux-musl c6b5bc2 2022-12-05)", "accept-encoding": "identity"} body=[266645 bytes]
2022-12-12T23:15:29.985558Z DEBUG sink{component_kind="sink" component_id=influx component_type=http component_name=influx}:request{request_id=284}:http: hyper::client::pool: reuse idle connection for ("http", influx:8086)
2022-12-12T23:15:29.986093Z DEBUG hyper::proto::h1::io: flushed 266853 bytes
2022-12-12T23:15:30.003731Z DEBUG hyper::proto::h1::io: parsed 6 headers
2022-12-12T23:15:30.003744Z DEBUG hyper::proto::h1::conn: incoming body is empty
2022-12-12T23:15:30.003818Z DEBUG sink{component_kind="sink" component_id=influx component_type=http component_name=influx}:request{request_id=284}:http: hyper::client::pool: pooling idle connection for ("http", influx:8086)
2022-12-12T23:15:30.003841Z DEBUG sink{component_kind="sink" component_id=influx component_type=http component_name=influx}:request{request_id=284}:http: vector::internal_events::http_client: HTTP response. status=204 No Content version=HTTP/1.1 headers={"content-type": "application/json", "request-id": "deb8bcae-7a72-11ed-815d-0242ac120003", "x-influxdb-build": "OSS", "x-influxdb-version": "1.8.10", "x-request-id": "deb8bcae-7a72-11ed-815d-0242ac120003", "date": "Mon, 12 Dec 2022 23:15:30 GMT"} body=[empty]
2022-12-12T23:15:30.561565Z DEBUG transform{component_kind="transform" component_id=kafkaFormatted component_type=remap component_name=kafkaFormatted}: vector::utilization: utilization=0.01452690704028435
2022-12-12T23:15:31.004241Z DEBUG sink{component_kind="sink" component_id=influx component_type=http component_name=influx}:request{request_id=285}:http: vector::internal_events::http_client: Sending HTTP request. uri=http://influx:8086/write?db=loadrunner method=POST version=HTTP/1.1 headers={"content-type": "text/plain", "user-agent": "Vector/0.26.0 (x86_64-unknown-linux-musl c6b5bc2 2022-12-05)", "accept-encoding": "identity"} body=[280774 bytes]
2022-12-12T23:15:31.004334Z DEBUG sink{component_kind="sink" component_id=influx component_type=http component_name=influx}:request{request_id=285}:http: hyper::client::pool: reuse idle connection for ("http", influx:8086)
2022-12-12T23:15:31.004546Z DEBUG hyper::proto::h1::io: flushed 280982 bytes
2022-12-12T23:15:31.023741Z DEBUG hyper::proto::h1::io: parsed 6 headers
2022-12-12T23:15:31.023793Z DEBUG hyper::proto::h1::conn: incoming body is empty
2022-12-12T23:15:31.023829Z DEBUG sink{component_kind="sink" component_id=influx component_type=http component_name=influx}:request{request_id=285}:http: hyper::client::pool: pooling idle connection for ("http", influx:8086)
2022-12-12T23:15:31.023883Z DEBUG sink{component_kind="sink" component_id=influx component_type=http component_name=influx}:request{request_id=285}:http: vector::internal_events::http_client: HTTP response. status=204 No Content version=HTTP/1.1 headers={"content-type": "application/json", "request-id": "df542381-7a72-11ed-815e-0242ac120003", "x-influxdb-build": "OSS", "x-influxdb-version": "1.8.10", "x-request-id": "df542381-7a72-11ed-815e-0242ac120003", "date": "Mon, 12 Dec 2022 23:15:31 GMT"} body=[empty]
2022-12-12T23:15:32.062518Z DEBUG sink{component_kind="sink" component_id=influx component_type=http component_name=influx}:request{request_id=286}:http: vector::internal_events::http_client: Sending HTTP request. uri=http://influx:8086/write?db=loadrunner method=POST version=HTTP/1.1 headers={"content-type": "text/plain", "user-agent": "Vector/0.26.0 (x86_64-unknown-linux-musl c6b5bc2 2022-12-05)", "accept-encoding": "identity"} body=[365201 bytes]
2022-12-12T23:15:32.062561Z DEBUG sink{component_kind="sink" component_id=influx component_type=http component_name=influx}:request{request_id=286}:http: hyper::client::pool: reuse idle connection for ("http", influx:8086)
2022-12-12T23:15:32.062869Z DEBUG hyper::proto::h1::io: flushed 365409 bytes
2022-12-12T23:15:32.091577Z DEBUG hyper::proto::h1::io: parsed 6 headers
2022-12-12T23:15:32.091593Z DEBUG hyper::proto::h1::conn: incoming body is empty
2022-12-12T23:15:32.091680Z DEBUG sink{component_kind="sink" component_id=influx component_type=http component_name=influx}:request{request_id=286}:http: hyper::client::pool: pooling idle connection for ("http", influx:8086)
2022-12-12T23:15:32.091704Z DEBUG sink{component_kind="sink" component_id=influx component_type=http component_name=influx}:request{request_id=286}:http: vector::internal_events::http_client: HTTP response. status=204 No Content version=HTTP/1.1 headers={"content-type": "application/json", "request-id": "dff599ce-7a72-11ed-815f-0242ac120003", "x-influxdb-build": "OSS", "x-influxdb-version": "1.8.10", "x-request-id": "dff599ce-7a72-11ed-815f-0242ac120003", "date": "Mon, 12 Dec 2022 23:15:32 GMT"} body=[empty]
2022-12-12T23:15:33.157601Z DEBUG sink{component_kind="sink" component_id=influx component_type=http component_name=influx}:request{request_id=287}:http: vector::internal_events::http_client: Sending HTTP request. uri=http://influx:8086/write?db=loadrunner method=POST version=HTTP/1.1 headers={"content-type": "text/plain", "user-agent": "Vector/0.26.0 (x86_64-unknown-linux-musl c6b5bc2 2022-12-05)", "accept-encoding": "identity"} body=[154438 bytes]
2022-12-12T23:15:33.157642Z DEBUG sink{component_kind="sink" component_id=influx component_type=http component_name=influx}:request{request_id=287}:http: hyper::client::pool: reuse idle connection for ("http", influx:8086)
2022-12-12T23:15:33.157871Z DEBUG hyper::proto::h1::io: flushed 154646 bytes
2022-12-12T23:15:33.251644Z DEBUG hyper::proto::h1::io: parsed 6 headers
2022-12-12T23:15:33.251662Z DEBUG hyper::proto::h1::conn: incoming body is empty
2022-12-12T23:15:33.251739Z DEBUG sink{component_kind="sink" component_id=influx component_type=http component_name=influx}:request{request_id=287}:http: hyper::client::pool: pooling idle connection for ("http", influx:8086)
2022-12-12T23:15:33.251763Z DEBUG sink{component_kind="sink" component_id=influx component_type=http component_name=influx}:request{request_id=287}:http: vector::internal_events::http_client: HTTP response. status=204 No Content version=HTTP/1.1 headers={"content-type": "application/json", "request-id": "e0a45b0a-7a72-11ed-8161-0242ac120003", "x-influxdb-build": "OSS", "x-influxdb-version": "1.8.10", "x-request-id": "e0a45b0a-7a72-11ed-8161-0242ac120003", "date": "Mon, 12 Dec 2022 23:15:33 GMT"} body=[empty]
2022-12-12T23:15:34.011842Z DEBUG sink{component_kind="sink" component_id=influx component_type=http component_name=influx}: vector::utilization: utilization=0.0025452106653268735
2022-12-12T23:15:34.210369Z DEBUG sink{component_kind="sink" component_id=influx component_type=http component_name=influx}:request{request_id=288}:http: vector::internal_events::http_client: Sending HTTP request. uri=http://influx:8086/write?db=loadrunner method=POST version=HTTP/1.1 headers={"content-type": "text/plain", "user-agent": "Vector/0.26.0 (x86_64-unknown-linux-musl c6b5bc2 2022-12-05)", "accept-encoding": "identity"} body=[294747 bytes]
2022-12-12T23:15:34.210446Z DEBUG sink{component_kind="sink" component_id=influx component_type=http component_name=influx}:request{request_id=288}:http: hyper::client::pool: reuse idle connection for ("http", influx:8086)
2022-12-12T23:15:34.210759Z DEBUG hyper::proto::h1::io: flushed 294955 bytes
2022-12-12T23:15:34.236269Z DEBUG hyper::proto::h1::io: parsed 6 headers
2022-12-12T23:15:34.236332Z DEBUG hyper::proto::h1::conn: incoming body is empty
2022-12-12T23:15:34.236371Z DEBUG sink{component_kind="sink" component_id=influx component_type=http component_name=influx}:request{request_id=288}:http: hyper::client::pool: pooling idle connection for ("http", influx:8086)
2022-12-12T23:15:34.236412Z DEBUG sink{component_kind="sink" component_id=influx component_type=http component_name=influx}:request{request_id=288}:http: vector::internal_events::http_client: HTTP response. status=204 No Content version=HTTP/1.1 headers={"content-type": "application/json", "request-id": "e13d5b52-7a72-11ed-8162-0242ac120003", "x-influxdb-build": "OSS", "x-influxdb-version": "1.8.10", "x-request-id": "e13d5b52-7a72-11ed-8162-0242ac120003", "date": "Mon, 12 Dec 2022 23:15:34 GMT"} body=[empty]
2022-12-12T23:15:35.231808Z DEBUG sink{component_kind="sink" component_id=influx component_type=http component_name=influx}:request{request_id=289}:http: vector::internal_events::http_client: Sending HTTP request. uri=http://influx:8086/write?db=loadrunner method=POST version=HTTP/1.1 headers={"content-type": "text/plain", "user-agent": "Vector/0.26.0 (x86_64-unknown-linux-musl c6b5bc2 2022-12-05)", "accept-encoding": "identity"} body=[321377 bytes]
2022-12-12T23:15:35.231847Z DEBUG sink{component_kind="sink" component_id=influx component_type=http component_name=influx}:request{request_id=289}:http: hyper::client::pool: reuse idle connection for ("http", influx:8086)
2022-12-12T23:15:35.232105Z DEBUG hyper::proto::h1::io: flushed 321585 bytes
2022-12-12T23:15:35.266168Z DEBUG hyper::proto::h1::io: parsed 6 headers
2022-12-12T23:15:35.266183Z DEBUG hyper::proto::h1::conn: incoming body is empty
2022-12-12T23:15:35.266266Z DEBUG sink{component_kind="sink" component_id=influx component_type=http component_name=influx}:request{request_id=289}:http: hyper::client::pool: pooling idle connection for ("http", influx:8086)
2022-12-12T23:15:35.266289Z DEBUG sink{component_kind="sink" component_id=influx component_type=http component_name=influx}:request{request_id=289}:http: vector::internal_events::http_client: HTTP response. status=204 No Content version=HTTP/1.1 headers={"content-type": "application/json", "request-id": "e1d93737-7a72-11ed-8163-0242ac120003", "x-influxdb-build": "OSS", "x-influxdb-version": "1.8.10", "x-request-id": "e1d93737-7a72-11ed-8163-0242ac120003", "date": "Mon, 12 Dec 2022 23:15:35 GMT"} body=[empty]
2022-12-12T23:15:36.266416Z DEBUG sink{component_kind="sink" component_id=influx component_type=http component_name=influx}:request{request_id=290}:http: vector::internal_events::http_client: Sending HTTP request. uri=http://influx:8086/write?db=loadrunner method=POST version=HTTP/1.1 headers={"content-type": "text/plain", "user-agent": "Vector/0.26.0 (x86_64-unknown-linux-musl c6b5bc2 2022-12-05)", "accept-encoding": "identity"} body=[86228 bytes]
2022-12-12T23:15:36.266503Z DEBUG sink{component_kind="sink" component_id=influx component_type=http component_name=influx}:request{request_id=290}:http: hyper::client::pool: reuse idle connection for ("http", influx:8086)
2022-12-12T23:15:36.266881Z DEBUG hyper::proto::h1::io: flushed 86435 bytes
2022-12-12T23:15:36.271355Z DEBUG hyper::proto::h1::io: parsed 6 headers
2022-12-12T23:15:36.271368Z DEBUG hyper::proto::h1::conn: incoming body is empty
2022-12-12T23:15:36.271387Z DEBUG sink{component_kind="sink" component_id=influx component_type=http component_name=influx}:request{request_id=290}:http: hyper::client::pool: pooling idle connection for ("http", influx:8086)
2022-12-12T23:15:36.271407Z DEBUG sink{component_kind="sink" component_id=influx component_type=http component_name=influx}:request{request_id=290}:http: vector::internal_events::http_client: HTTP response. status=204 No Content version=HTTP/1.1 headers={"content-type": "application/json", "request-id": "e27717b5-7a72-11ed-8164-0242ac120003", "x-influxdb-build": "OSS", "x-influxdb-version": "1.8.10", "x-request-id": "e27717b5-7a72-11ed-8164-0242ac120003", "date": "Mon, 12 Dec 2022 23:15:36 GMT"} body=[empty]
2022-12-12T23:15:39.012071Z DEBUG sink{component_kind="sink" component_id=influx component_type=http component_name=influx}: vector::utilization: utilization=0.0010321868287907047
2022-12-12T23:15:44.012445Z DEBUG sink{component_kind="sink" component_id=influx component_type=http component_name=influx}: vector::utilization: utilization=0.00010325468018260844
2022-12-12T23:15:49.011763Z DEBUG sink{component_kind="sink" component_id=influx component_type=http component_name=influx}: vector::utilization: utilization=0.000010361472933909765
