START Running Jmeter on Wed Dec 14 15:23:49 CET 2022
JVM_ARGS=-Xmn1168m -Xms4672m -Xmx4672m
jmeter args=-n -t /app/loadTest.jmx -l /app/3695702550/loadTest.jtl
jmeter ALL ARGS=-Dlog4j2.formatMsgNoLookups=true -n -t /app/loadTest.jmx -l /app/3695702550/loadTest.jtl
Dec 14, 2022 3:23:50 PM java.util.prefs.FileSystemPreferences$1 run
INFO: Created user preferences directory.
Creating summariser <summary>
Created the tree successfully using /app/loadTest.jmx
Starting standalone test @ December 14, 2022 3:23:51 PM CET (1671027831293)
Waiting for possible Shutdown/StopTestNow/HeapDump/ThreadDump message on port 4445
summary +    757 in 00:00:08 =   91.3/s Avg:     3 Min:     1 Max:    95 Err:     0 (0.00%) Active: 165 Started: 165 Finished: 0
summary +  14219 in 00:00:30 =  474.1/s Avg:     7 Min:     0 Max:   159 Err:     0 (0.00%) Active: 764 Started: 764 Finished: 0
summary =  14976 in 00:00:38 =  391.1/s Avg:     7 Min:     0 Max:   159 Err:     0 (0.00%)
summary +  32218 in 00:00:30 = 1073.9/s Avg:    11 Min:     0 Max:   407 Err:     0 (0.00%) Active: 1364 Started: 1364 Finished: 0
summary =  47194 in 00:01:08 =  691.1/s Avg:    10 Min:     0 Max:   407 Err:     0 (0.00%)
summary +  50220 in 00:00:30 = 1674.1/s Avg:    22 Min:     0 Max:   447 Err:     0 (0.00%) Active: 1964 Started: 1964 Finished: 0
summary =  97414 in 00:01:38 =  991.1/s Avg:    16 Min:     0 Max:   447 Err:     0 (0.00%)
summary +  68220 in 00:00:30 = 2274.0/s Avg:    37 Min:     0 Max:   415 Err:     0 (0.00%) Active: 2564 Started: 2564 Finished: 0
summary = 165634 in 00:02:08 = 1291.1/s Avg:    25 Min:     0 Max:   447 Err:     0 (0.00%)
summary +  81838 in 00:00:30 = 2728.1/s Avg:   388 Min:     0 Max:  2529 Err:     9 (0.01%) Active: 3164 Started: 3164 Finished: 0
summary = 247472 in 00:02:38 = 1563.4/s Avg:   145 Min:     0 Max:  2529 Err:     9 (0.00%)
summary +  91563 in 00:00:30 = 3052.2/s Avg:   714 Min:     1 Max:  2758 Err:     1 (0.00%) Active: 3764 Started: 3764 Finished: 0
summary = 339035 in 00:03:08 = 1800.6/s Avg:   298 Min:     0 Max:  2758 Err:    10 (0.00%)
summary +  92277 in 00:00:30 = 3075.9/s Avg:   923 Min:     1 Max:  3821 Err:     0 (0.00%) Active: 4000 Started: 4000 Finished: 0
summary = 431312 in 00:03:38 = 1975.9/s Avg:   432 Min:     0 Max:  3821 Err:    10 (0.00%)
summary +  92446 in 00:00:30 = 3081.1/s Avg:   962 Min:     1 Max:  3765 Err:   535 (0.58%) Active: 4000 Started: 4000 Finished: 0
summary = 523758 in 00:04:08 = 2109.5/s Avg:   525 Min:     0 Max:  3821 Err:   545 (0.10%)
