START Running Jmeter on Wed Dec 14 17:37:41 CET 2022
JVM_ARGS=-Xmn1170m -Xms4680m -Xmx4680m
jmeter args=-n -t /app/loadTest.jmx -l /app/3696814597/loadTest.jtl
jmeter ALL ARGS=-Dlog4j2.formatMsgNoLookups=true -n -t /app/loadTest.jmx -l /app/3696814597/loadTest.jtl
Dec 14, 2022 5:37:42 PM java.util.prefs.FileSystemPreferences$1 run
INFO: Created user preferences directory.
Creating summariser <summary>
Created the tree successfully using /app/loadTest.jmx
Starting standalone test @ December 14, 2022 5:37:43 PM CET (1671035863704)
Waiting for possible Shutdown/StopTestNow/HeapDump/ThreadDump message on port 4445
summary +   2625 in 00:00:16 =  166.2/s Avg:     4 Min:     1 Max:    90 Err:     0 (0.00%) Active: 315 Started: 315 Finished: 0
summary +  18720 in 00:00:30 =  624.0/s Avg:     9 Min:     0 Max:   219 Err:     0 (0.00%) Active: 914 Started: 914 Finished: 0
summary =  21345 in 00:00:46 =  466.2/s Avg:     8 Min:     0 Max:   219 Err:     0 (0.00%)
summary +  36719 in 00:00:30 = 1224.5/s Avg:    10 Min:     0 Max:   246 Err:     0 (0.00%) Active: 1514 Started: 1514 Finished: 0
summary =  58064 in 00:01:16 =  766.2/s Avg:     9 Min:     0 Max:   246 Err:     0 (0.00%)
summary +  54720 in 00:00:30 = 1824.0/s Avg:    14 Min:     0 Max:   383 Err:     0 (0.00%) Active: 2114 Started: 2114 Finished: 0
summary = 112784 in 00:01:46 = 1066.2/s Avg:    11 Min:     0 Max:   383 Err:     0 (0.00%)
summary +  72336 in 00:00:30 = 2411.3/s Avg:    21 Min:     0 Max:   420 Err:     0 (0.00%) Active: 2712 Started: 2712 Finished: 0
summary = 185120 in 00:02:16 = 1363.4/s Avg:    15 Min:     0 Max:   420 Err:     0 (0.00%)
summary +  87952 in 00:00:30 = 2932.3/s Avg:   145 Min:     0 Max:  1579 Err:     0 (0.00%) Active: 3314 Started: 3314 Finished: 0
summary = 273072 in 00:02:46 = 1647.3/s Avg:    57 Min:     0 Max:  1579 Err:     0 (0.00%)
summary +  85677 in 00:00:30 = 2856.1/s Avg:   955 Min:     0 Max:  2996 Err:     0 (0.00%) Active: 3914 Started: 3914 Finished: 0
summary = 358749 in 00:03:16 = 1832.5/s Avg:   271 Min:     0 Max:  2996 Err:     0 (0.00%)
summary +  86797 in 00:00:30 = 2893.2/s Avg:  1109 Min:     0 Max:  3332 Err:     0 (0.00%) Active: 4000 Started: 4000 Finished: 0
summary = 445546 in 00:03:46 = 1973.5/s Avg:   435 Min:     0 Max:  3332 Err:     0 (0.00%)
summary + 111189 in 00:00:30 = 3706.3/s Avg:   588 Min:     0 Max:  2637 Err:     0 (0.00%) Active: 4000 Started: 4000 Finished: 0
summary = 556735 in 00:04:16 = 2176.7/s Avg:   465 Min:     0 Max:  3332 Err:     0 (0.00%)
summary + 109832 in 00:00:30 = 3661.2/s Avg:   482 Min:     0 Max:  2299 Err:     0 (0.00%) Active: 4000 Started: 4000 Finished: 0
summary = 666567 in 00:04:46 = 2332.5/s Avg:   468 Min:     0 Max:  3332 Err:     0 (0.00%)
summary +  46587 in 00:00:18 = 2633.7/s Avg:  1225 Min:     0 Max:  3275 Err:     0 (0.00%) Active: 0 Started: 4000 Finished: 4000
summary = 713154 in 00:05:03 = 2350.1/s Avg:   517 Min:     0 Max:  3332 Err:     0 (0.00%)
Tidying up ...    @ December 14, 2022 5:42:47 PM CET (1671036167727)
... end of run
END Running Jmeter on Wed Dec 14 17:42:48 CET 2022
