START Running Jmeter on Sat Dec 17 19:34:39 CET 2022
JVM_ARGS=-Xmn1170m -Xms4680m -Xmx4680m
jmeter args=-n -t /app/loadTest.jmx -l /app/3721288387/loadTest.jtl
jmeter ALL ARGS=-Dlog4j2.formatMsgNoLookups=true -n -t /app/loadTest.jmx -l /app/3721288387/loadTest.jtl
Dec 17, 2022 7:34:40 PM java.util.prefs.FileSystemPreferences$1 run
INFO: Created user preferences directory.
Creating summariser <summary>
Created the tree successfully using /app/loadTest.jmx
Starting standalone test @ December 17, 2022 7:34:41 PM CET (1671302081039)
Waiting for possible Shutdown/StopTestNow/HeapDump/ThreadDump message on port 4445
summary +    441 in 00:00:19 =   23.8/s Avg:     3 Min:     1 Max:    76 Err:   416 (94.33%) Active: 371 Started: 371 Finished: 0
summary +   1640 in 00:00:30 =   54.7/s Avg:     2 Min:     0 Max:    45 Err:  1567 (95.55%) Active: 971 Started: 971 Finished: 0
summary =   2081 in 00:00:49 =   42.9/s Avg:     2 Min:     0 Max:    76 Err:  1983 (95.29%)
summary +   2840 in 00:00:30 =   94.7/s Avg:     2 Min:     0 Max:   132 Err:  2609 (91.87%) Active: 1571 Started: 1571 Finished: 0
summary =   4921 in 00:01:19 =   62.6/s Avg:     2 Min:     0 Max:   132 Err:  4592 (93.31%)
summary +   4040 in 00:00:30 =  134.7/s Avg:     3 Min:     0 Max:   271 Err:  3514 (86.98%) Active: 2171 Started: 2171 Finished: 0
summary =   8961 in 00:01:49 =   82.5/s Avg:     2 Min:     0 Max:   271 Err:  8106 (90.46%)
summary +   5240 in 00:00:30 =  174.7/s Avg:     2 Min:     0 Max:    19 Err:  4540 (86.64%) Active: 2771 Started: 2771 Finished: 0
summary =  14201 in 00:02:19 =  102.5/s Avg:     2 Min:     0 Max:   271 Err: 12646 (89.05%)
summary +   6440 in 00:00:30 =  214.7/s Avg:     2 Min:     0 Max:   312 Err:  6145 (95.42%) Active: 3371 Started: 3371 Finished: 0
summary =  20641 in 00:02:49 =  122.5/s Avg:     2 Min:     0 Max:   312 Err: 18791 (91.04%)
summary +   7640 in 00:00:30 =  254.7/s Avg:     1 Min:     0 Max:   164 Err:  7566 (99.03%) Active: 3971 Started: 3971 Finished: 0
summary =  28281 in 00:03:19 =  142.4/s Avg:     2 Min:     0 Max:   312 Err: 26357 (93.20%)
summary +   8000 in 00:00:30 =  266.6/s Avg:     2 Min:     0 Max:   148 Err:  6143 (76.79%) Active: 4000 Started: 4000 Finished: 0
summary =  36281 in 00:03:49 =  158.7/s Avg:     2 Min:     0 Max:   312 Err: 32500 (89.58%)
summary +   8000 in 00:00:30 =  266.7/s Avg:     3 Min:     0 Max:   153 Err:  6344 (79.30%) Active: 4000 Started: 4000 Finished: 0
summary =  44281 in 00:04:19 =  171.3/s Avg:     2 Min:     0 Max:   312 Err: 38844 (87.72%)
summary +   8000 in 00:00:30 =  266.7/s Avg:     2 Min:     0 Max:   138 Err:  7304 (91.30%) Active: 3292 Started: 4000 Finished: 708
summary =  52281 in 00:04:49 =  181.2/s Avg:     2 Min:     0 Max:   312 Err: 46148 (88.27%)
summary +   3292 in 00:00:13 =  253.2/s Avg:     2 Min:     0 Max:    16 Err:  3146 (95.57%) Active: 0 Started: 4000 Finished: 4000
summary =  55573 in 00:05:02 =  184.3/s Avg:     2 Min:     0 Max:   312 Err: 49294 (88.70%)
Tidying up ...    @ December 17, 2022 7:39:43 PM CET (1671302383014)
... end of run
END Running Jmeter on Sat Dec 17 19:39:43 CET 2022
