[2022-12-17 14:20:07,708] INFO [GroupMetadataManager brokerId=0] Scheduling loading of offsets and group metadata from __consumer_offsets-8 for epoch 0 (kafka.coordinator.group.GroupMetadataManager)
[2022-12-17 14:20:07,708] INFO [GroupCoordinator 0]: Elected as the group coordinator for partition 45 in epoch 0 (kafka.coordinator.group.GroupCoordinator)
[2022-12-17 14:20:07,708] INFO [GroupMetadataManager brokerId=0] Scheduling loading of offsets and group metadata from __consumer_offsets-45 for epoch 0 (kafka.coordinator.group.GroupMetadataManager)
[2022-12-17 14:20:07,708] INFO [GroupCoordinator 0]: Elected as the group coordinator for partition 15 in epoch 0 (kafka.coordinator.group.GroupCoordinator)
[2022-12-17 14:20:07,708] INFO [GroupMetadataManager brokerId=0] Scheduling loading of offsets and group metadata from __consumer_offsets-15 for epoch 0 (kafka.coordinator.group.GroupMetadataManager)
[2022-12-17 14:20:07,709] INFO [GroupCoordinator 0]: Elected as the group coordinator for partition 30 in epoch 0 (kafka.coordinator.group.GroupCoordinator)
[2022-12-17 14:20:07,709] INFO [GroupMetadataManager brokerId=0] Scheduling loading of offsets and group metadata from __consumer_offsets-30 for epoch 0 (kafka.coordinator.group.GroupMetadataManager)
[2022-12-17 14:20:07,709] INFO [GroupCoordinator 0]: Elected as the group coordinator for partition 0 in epoch 0 (kafka.coordinator.group.GroupCoordinator)
[2022-12-17 14:20:07,709] INFO [GroupMetadataManager brokerId=0] Scheduling loading of offsets and group metadata from __consumer_offsets-0 for epoch 0 (kafka.coordinator.group.GroupMetadataManager)
[2022-12-17 14:20:07,709] INFO [GroupCoordinator 0]: Elected as the group coordinator for partition 35 in epoch 0 (kafka.coordinator.group.GroupCoordinator)
[2022-12-17 14:20:07,709] INFO [GroupMetadataManager brokerId=0] Scheduling loading of offsets and group metadata from __consumer_offsets-35 for epoch 0 (kafka.coordinator.group.GroupMetadataManager)
[2022-12-17 14:20:07,709] INFO [GroupCoordinator 0]: Elected as the group coordinator for partition 5 in epoch 0 (kafka.coordinator.group.GroupCoordinator)
[2022-12-17 14:20:07,709] INFO [GroupMetadataManager brokerId=0] Scheduling loading of offsets and group metadata from __consumer_offsets-5 for epoch 0 (kafka.coordinator.group.GroupMetadataManager)
[2022-12-17 14:20:07,710] INFO [GroupCoordinator 0]: Elected as the group coordinator for partition 20 in epoch 0 (kafka.coordinator.group.GroupCoordinator)
[2022-12-17 14:20:07,710] INFO [GroupMetadataManager brokerId=0] Scheduling loading of offsets and group metadata from __consumer_offsets-20 for epoch 0 (kafka.coordinator.group.GroupMetadataManager)
[2022-12-17 14:20:07,710] INFO [GroupCoordinator 0]: Elected as the group coordinator for partition 27 in epoch 0 (kafka.coordinator.group.GroupCoordinator)
[2022-12-17 14:20:07,710] INFO [GroupMetadataManager brokerId=0] Scheduling loading of offsets and group metadata from __consumer_offsets-27 for epoch 0 (kafka.coordinator.group.GroupMetadataManager)
[2022-12-17 14:20:07,710] INFO [GroupCoordinator 0]: Elected as the group coordinator for partition 42 in epoch 0 (kafka.coordinator.group.GroupCoordinator)
[2022-12-17 14:20:07,713] INFO [GroupMetadataManager brokerId=0] Scheduling loading of offsets and group metadata from __consumer_offsets-42 for epoch 0 (kafka.coordinator.group.GroupMetadataManager)
[2022-12-17 14:20:07,717] INFO [GroupCoordinator 0]: Elected as the group coordinator for partition 12 in epoch 0 (kafka.coordinator.group.GroupCoordinator)
[2022-12-17 14:20:07,717] INFO [GroupMetadataManager brokerId=0] Scheduling loading of offsets and group metadata from __consumer_offsets-12 for epoch 0 (kafka.coordinator.group.GroupMetadataManager)
[2022-12-17 14:20:07,717] INFO [GroupCoordinator 0]: Elected as the group coordinator for partition 21 in epoch 0 (kafka.coordinator.group.GroupCoordinator)
[2022-12-17 14:20:07,717] INFO [GroupMetadataManager brokerId=0] Scheduling loading of offsets and group metadata from __consumer_offsets-21 for epoch 0 (kafka.coordinator.group.GroupMetadataManager)
[2022-12-17 14:20:07,718] INFO [GroupCoordinator 0]: Elected as the group coordinator for partition 36 in epoch 0 (kafka.coordinator.group.GroupCoordinator)
[2022-12-17 14:20:07,721] INFO [GroupMetadataManager brokerId=0] Scheduling loading of offsets and group metadata from __consumer_offsets-36 for epoch 0 (kafka.coordinator.group.GroupMetadataManager)
[2022-12-17 14:20:07,721] INFO [GroupCoordinator 0]: Elected as the group coordinator for partition 6 in epoch 0 (kafka.coordinator.group.GroupCoordinator)
[2022-12-17 14:20:07,721] INFO [GroupMetadataManager brokerId=0] Scheduling loading of offsets and group metadata from __consumer_offsets-6 for epoch 0 (kafka.coordinator.group.GroupMetadataManager)
[2022-12-17 14:20:07,721] INFO [GroupCoordinator 0]: Elected as the group coordinator for partition 43 in epoch 0 (kafka.coordinator.group.GroupCoordinator)
[2022-12-17 14:20:07,721] INFO [GroupMetadataManager brokerId=0] Scheduling loading of offsets and group metadata from __consumer_offsets-43 for epoch 0 (kafka.coordinator.group.GroupMetadataManager)
[2022-12-17 14:20:07,721] INFO [GroupCoordinator 0]: Elected as the group coordinator for partition 13 in epoch 0 (kafka.coordinator.group.GroupCoordinator)
[2022-12-17 14:20:07,721] INFO [GroupMetadataManager brokerId=0] Scheduling loading of offsets and group metadata from __consumer_offsets-13 for epoch 0 (kafka.coordinator.group.GroupMetadataManager)
[2022-12-17 14:20:07,722] INFO [GroupCoordinator 0]: Elected as the group coordinator for partition 28 in epoch 0 (kafka.coordinator.group.GroupCoordinator)
[2022-12-17 14:20:07,722] INFO [GroupMetadataManager brokerId=0] Scheduling loading of offsets and group metadata from __consumer_offsets-28 for epoch 0 (kafka.coordinator.group.GroupMetadataManager)
[2022-12-17 14:20:07,719] INFO [GroupMetadataManager brokerId=0] Finished loading offsets and group metadata from __consumer_offsets-3 in 25 milliseconds for epoch 0, of which 9 milliseconds was spent in the scheduler. (kafka.coordinator.group.GroupMetadataManager)
[2022-12-17 14:20:07,736] INFO [GroupMetadataManager brokerId=0] Finished loading offsets and group metadata from __consumer_offsets-18 in 39 milliseconds for epoch 0, of which 39 milliseconds was spent in the scheduler. (kafka.coordinator.group.GroupMetadataManager)
[2022-12-17 14:20:07,737] INFO [GroupMetadataManager brokerId=0] Finished loading offsets and group metadata from __consumer_offsets-41 in 39 milliseconds for epoch 0, of which 38 milliseconds was spent in the scheduler. (kafka.coordinator.group.GroupMetadataManager)
[2022-12-17 14:20:07,737] INFO [GroupMetadataManager brokerId=0] Finished loading offsets and group metadata from __consumer_offsets-10 in 39 milliseconds for epoch 0, of which 39 milliseconds was spent in the scheduler. (kafka.coordinator.group.GroupMetadataManager)
[2022-12-17 14:20:07,737] INFO [GroupMetadataManager brokerId=0] Finished loading offsets and group metadata from __consumer_offsets-33 in 39 milliseconds for epoch 0, of which 39 milliseconds was spent in the scheduler. (kafka.coordinator.group.GroupMetadataManager)
[2022-12-17 14:20:07,738] INFO [GroupMetadataManager brokerId=0] Finished loading offsets and group metadata from __consumer_offsets-48 in 38 milliseconds for epoch 0, of which 38 milliseconds was spent in the scheduler. (kafka.coordinator.group.GroupMetadataManager)
[2022-12-17 14:20:07,738] INFO [GroupMetadataManager brokerId=0] Finished loading offsets and group metadata from __consumer_offsets-19 in 39 milliseconds for epoch 0, of which 39 milliseconds was spent in the scheduler. (kafka.coordinator.group.GroupMetadataManager)
[2022-12-17 14:20:07,738] INFO [GroupMetadataManager brokerId=0] Finished loading offsets and group metadata from __consumer_offsets-34 in 39 milliseconds for epoch 0, of which 39 milliseconds was spent in the scheduler. (kafka.coordinator.group.GroupMetadataManager)
[2022-12-17 14:20:07,738] INFO [GroupMetadataManager brokerId=0] Finished loading offsets and group metadata from __consumer_offsets-4 in 39 milliseconds for epoch 0, of which 39 milliseconds was spent in the scheduler. (kafka.coordinator.group.GroupMetadataManager)
[2022-12-17 14:20:07,739] INFO [GroupMetadataManager brokerId=0] Finished loading offsets and group metadata from __consumer_offsets-11 in 39 milliseconds for epoch 0, of which 38 milliseconds was spent in the scheduler. (kafka.coordinator.group.GroupMetadataManager)
[2022-12-17 14:20:07,739] INFO [GroupMetadataManager brokerId=0] Finished loading offsets and group metadata from __consumer_offsets-26 in 39 milliseconds for epoch 0, of which 39 milliseconds was spent in the scheduler. (kafka.coordinator.group.GroupMetadataManager)
[2022-12-17 14:20:07,739] INFO [GroupMetadataManager brokerId=0] Finished loading offsets and group metadata from __consumer_offsets-49 in 39 milliseconds for epoch 0, of which 39 milliseconds was spent in the scheduler. (kafka.coordinator.group.GroupMetadataManager)
[2022-12-17 14:20:07,739] INFO [GroupMetadataManager brokerId=0] Finished loading offsets and group metadata from __consumer_offsets-39 in 39 milliseconds for epoch 0, of which 39 milliseconds was spent in the scheduler. (kafka.coordinator.group.GroupMetadataManager)
[2022-12-17 14:20:07,741] INFO [GroupMetadataManager brokerId=0] Finished loading offsets and group metadata from __consumer_offsets-9 in 40 milliseconds for epoch 0, of which 40 milliseconds was spent in the scheduler. (kafka.coordinator.group.GroupMetadataManager)
[2022-12-17 14:20:07,742] INFO [GroupMetadataManager brokerId=0] Finished loading offsets and group metadata from __consumer_offsets-24 in 41 milliseconds for epoch 0, of which 41 milliseconds was spent in the scheduler. (kafka.coordinator.group.GroupMetadataManager)
[2022-12-17 14:20:07,742] INFO [GroupMetadataManager brokerId=0] Finished loading offsets and group metadata from __consumer_offsets-31 in 41 milliseconds for epoch 0, of which 41 milliseconds was spent in the scheduler. (kafka.coordinator.group.GroupMetadataManager)
[2022-12-17 14:20:07,742] INFO [GroupMetadataManager brokerId=0] Finished loading offsets and group metadata from __consumer_offsets-46 in 41 milliseconds for epoch 0, of which 41 milliseconds was spent in the scheduler. (kafka.coordinator.group.GroupMetadataManager)
[2022-12-17 14:20:07,743] INFO [GroupMetadataManager brokerId=0] Finished loading offsets and group metadata from __consumer_offsets-1 in 42 milliseconds for epoch 0, of which 41 milliseconds was spent in the scheduler. (kafka.coordinator.group.GroupMetadataManager)
[2022-12-17 14:20:07,745] INFO [GroupMetadataManager brokerId=0] Finished loading offsets and group metadata from __consumer_offsets-16 in 43 milliseconds for epoch 0, of which 43 milliseconds was spent in the scheduler. (kafka.coordinator.group.GroupMetadataManager)
[2022-12-17 14:20:07,745] INFO [GroupMetadataManager brokerId=0] Finished loading offsets and group metadata from __consumer_offsets-2 in 43 milliseconds for epoch 0, of which 43 milliseconds was spent in the scheduler. (kafka.coordinator.group.GroupMetadataManager)
[2022-12-17 14:20:07,746] INFO [GroupMetadataManager brokerId=0] Finished loading offsets and group metadata from __consumer_offsets-25 in 44 milliseconds for epoch 0, of which 44 milliseconds was spent in the scheduler. (kafka.coordinator.group.GroupMetadataManager)
[2022-12-17 14:20:07,756] INFO [GroupMetadataManager brokerId=0] Finished loading offsets and group metadata from __consumer_offsets-40 in 54 milliseconds for epoch 0, of which 54 milliseconds was spent in the scheduler. (kafka.coordinator.group.GroupMetadataManager)
[2022-12-17 14:20:07,761] INFO [ReplicaFetcherManager on broker 0] Removed fetcher for partitions Set(loadrunner-0, loadrunner-2, loadrunner-1) (kafka.server.ReplicaFetcherManager)
[2022-12-17 14:20:07,763] INFO [GroupMetadataManager brokerId=0] Finished loading offsets and group metadata from __consumer_offsets-47 in 60 milliseconds for epoch 0, of which 60 milliseconds was spent in the scheduler. (kafka.coordinator.group.GroupMetadataManager)
[2022-12-17 14:20:07,765] INFO [GroupMetadataManager brokerId=0] Finished loading offsets and group metadata from __consumer_offsets-17 in 62 milliseconds for epoch 0, of which 62 milliseconds was spent in the scheduler. (kafka.coordinator.group.GroupMetadataManager)
[2022-12-17 14:20:07,765] INFO [LogLoader partition=loadrunner-0, dir=/tmp/kafka-logs] Loading producer state till offset 0 with message format version 2 (kafka.log.UnifiedLog$)
[2022-12-17 14:20:07,766] INFO Created log for partition loadrunner-0 in /tmp/kafka-logs/loadrunner-0 with properties {} (kafka.log.LogManager)
[2022-12-17 14:20:07,767] INFO [GroupMetadataManager brokerId=0] Finished loading offsets and group metadata from __consumer_offsets-32 in 62 milliseconds for epoch 0, of which 62 milliseconds was spent in the scheduler. (kafka.coordinator.group.GroupMetadataManager)
[2022-12-17 14:20:07,768] INFO [GroupMetadataManager brokerId=0] Finished loading offsets and group metadata from __consumer_offsets-37 in 63 milliseconds for epoch 0, of which 63 milliseconds was spent in the scheduler. (kafka.coordinator.group.GroupMetadataManager)
[2022-12-17 14:20:07,768] INFO [GroupMetadataManager brokerId=0] Finished loading offsets and group metadata from __consumer_offsets-7 in 63 milliseconds for epoch 0, of which 63 milliseconds was spent in the scheduler. (kafka.coordinator.group.GroupMetadataManager)
[2022-12-17 14:20:07,769] INFO [GroupMetadataManager brokerId=0] Finished loading offsets and group metadata from __consumer_offsets-22 in 63 milliseconds for epoch 0, of which 62 milliseconds was spent in the scheduler. (kafka.coordinator.group.GroupMetadataManager)
[2022-12-17 14:20:07,769] INFO [GroupMetadataManager brokerId=0] Finished loading offsets and group metadata from __consumer_offsets-29 in 63 milliseconds for epoch 0, of which 63 milliseconds was spent in the scheduler. (kafka.coordinator.group.GroupMetadataManager)
[2022-12-17 14:20:07,773] INFO [GroupMetadataManager brokerId=0] Finished loading offsets and group metadata from __consumer_offsets-44 in 67 milliseconds for epoch 0, of which 67 milliseconds was spent in the scheduler. (kafka.coordinator.group.GroupMetadataManager)
[2022-12-17 14:20:07,773] INFO [GroupMetadataManager brokerId=0] Finished loading offsets and group metadata from __consumer_offsets-14 in 66 milliseconds for epoch 0, of which 66 milliseconds was spent in the scheduler. (kafka.coordinator.group.GroupMetadataManager)
[2022-12-17 14:20:07,770] INFO [Partition loadrunner-0 broker=0] No checkpointed highwatermark is found for partition loadrunner-0 (kafka.cluster.Partition)
[2022-12-17 14:20:07,774] INFO [Partition loadrunner-0 broker=0] Log loaded for partition loadrunner-0 with initial high watermark 0 (kafka.cluster.Partition)
[2022-12-17 14:20:07,774] INFO [GroupMetadataManager brokerId=0] Finished loading offsets and group metadata from __consumer_offsets-23 in 67 milliseconds for epoch 0, of which 66 milliseconds was spent in the scheduler. (kafka.coordinator.group.GroupMetadataManager)
[2022-12-17 14:20:07,774] INFO [GroupMetadataManager brokerId=0] Finished loading offsets and group metadata from __consumer_offsets-38 in 66 milliseconds for epoch 0, of which 66 milliseconds was spent in the scheduler. (kafka.coordinator.group.GroupMetadataManager)
[2022-12-17 14:20:07,775] INFO [GroupMetadataManager brokerId=0] Finished loading offsets and group metadata from __consumer_offsets-8 in 67 milliseconds for epoch 0, of which 67 milliseconds was spent in the scheduler. (kafka.coordinator.group.GroupMetadataManager)
[2022-12-17 14:20:07,776] INFO [GroupMetadataManager brokerId=0] Finished loading offsets and group metadata from __consumer_offsets-45 in 68 milliseconds for epoch 0, of which 68 milliseconds was spent in the scheduler. (kafka.coordinator.group.GroupMetadataManager)
[2022-12-17 14:20:07,778] INFO [GroupMetadataManager brokerId=0] Finished loading offsets and group metadata from __consumer_offsets-15 in 67 milliseconds for epoch 0, of which 67 milliseconds was spent in the scheduler. (kafka.coordinator.group.GroupMetadataManager)
[2022-12-17 14:20:07,778] INFO [GroupMetadataManager brokerId=0] Finished loading offsets and group metadata from __consumer_offsets-30 in 69 milliseconds for epoch 0, of which 69 milliseconds was spent in the scheduler. (kafka.coordinator.group.GroupMetadataManager)
[2022-12-17 14:20:07,778] INFO [GroupMetadataManager brokerId=0] Finished loading offsets and group metadata from __consumer_offsets-0 in 69 milliseconds for epoch 0, of which 69 milliseconds was spent in the scheduler. (kafka.coordinator.group.GroupMetadataManager)
[2022-12-17 14:20:07,778] INFO [GroupMetadataManager brokerId=0] Finished loading offsets and group metadata from __consumer_offsets-35 in 69 milliseconds for epoch 0, of which 69 milliseconds was spent in the scheduler. (kafka.coordinator.group.GroupMetadataManager)
[2022-12-17 14:20:07,779] INFO [GroupMetadataManager brokerId=0] Finished loading offsets and group metadata from __consumer_offsets-5 in 69 milliseconds for epoch 0, of which 69 milliseconds was spent in the scheduler. (kafka.coordinator.group.GroupMetadataManager)
[2022-12-17 14:20:07,779] INFO [GroupMetadataManager brokerId=0] Finished loading offsets and group metadata from __consumer_offsets-20 in 69 milliseconds for epoch 0, of which 69 milliseconds was spent in the scheduler. (kafka.coordinator.group.GroupMetadataManager)
[2022-12-17 14:20:07,782] INFO [LogLoader partition=loadrunner-2, dir=/tmp/kafka-logs] Loading producer state till offset 0 with message format version 2 (kafka.log.UnifiedLog$)
[2022-12-17 14:20:07,809] INFO Created log for partition loadrunner-2 in /tmp/kafka-logs/loadrunner-2 with properties {} (kafka.log.LogManager)
[2022-12-17 14:20:07,812] INFO [Partition loadrunner-2 broker=0] No checkpointed highwatermark is found for partition loadrunner-2 (kafka.cluster.Partition)
[2022-12-17 14:20:07,810] INFO [GroupMetadataManager brokerId=0] Finished loading offsets and group metadata from __consumer_offsets-27 in 99 milliseconds for epoch 0, of which 98 milliseconds was spent in the scheduler. (kafka.coordinator.group.GroupMetadataManager)
[2022-12-17 14:20:07,815] INFO [GroupMetadataManager brokerId=0] Finished loading offsets and group metadata from __consumer_offsets-42 in 102 milliseconds for epoch 0, of which 102 milliseconds was spent in the scheduler. (kafka.coordinator.group.GroupMetadataManager)
[2022-12-17 14:20:07,816] INFO [Partition loadrunner-2 broker=0] Log loaded for partition loadrunner-2 with initial high watermark 0 (kafka.cluster.Partition)
[2022-12-17 14:20:07,816] INFO [GroupMetadataManager brokerId=0] Finished loading offsets and group metadata from __consumer_offsets-12 in 99 milliseconds for epoch 0, of which 99 milliseconds was spent in the scheduler. (kafka.coordinator.group.GroupMetadataManager)
[2022-12-17 14:20:07,817] INFO [GroupMetadataManager brokerId=0] Finished loading offsets and group metadata from __consumer_offsets-21 in 99 milliseconds for epoch 0, of which 99 milliseconds was spent in the scheduler. (kafka.coordinator.group.GroupMetadataManager)
[2022-12-17 14:20:07,817] INFO [GroupMetadataManager brokerId=0] Finished loading offsets and group metadata from __consumer_offsets-36 in 96 milliseconds for epoch 0, of which 96 milliseconds was spent in the scheduler. (kafka.coordinator.group.GroupMetadataManager)
[2022-12-17 14:20:07,821] INFO [GroupMetadataManager brokerId=0] Finished loading offsets and group metadata from __consumer_offsets-6 in 100 milliseconds for epoch 0, of which 100 milliseconds was spent in the scheduler. (kafka.coordinator.group.GroupMetadataManager)
[2022-12-17 14:20:07,821] INFO [GroupMetadataManager brokerId=0] Finished loading offsets and group metadata from __consumer_offsets-43 in 100 milliseconds for epoch 0, of which 100 milliseconds was spent in the scheduler. (kafka.coordinator.group.GroupMetadataManager)
[2022-12-17 14:20:07,821] INFO [GroupMetadataManager brokerId=0] Finished loading offsets and group metadata from __consumer_offsets-13 in 100 milliseconds for epoch 0, of which 100 milliseconds was spent in the scheduler. (kafka.coordinator.group.GroupMetadataManager)
[2022-12-17 14:20:07,821] INFO [GroupMetadataManager brokerId=0] Finished loading offsets and group metadata from __consumer_offsets-28 in 99 milliseconds for epoch 0, of which 99 milliseconds was spent in the scheduler. (kafka.coordinator.group.GroupMetadataManager)
[2022-12-17 14:20:07,826] INFO [LogLoader partition=loadrunner-1, dir=/tmp/kafka-logs] Loading producer state till offset 0 with message format version 2 (kafka.log.UnifiedLog$)
[2022-12-17 14:20:07,827] INFO Created log for partition loadrunner-1 in /tmp/kafka-logs/loadrunner-1 with properties {} (kafka.log.LogManager)
[2022-12-17 14:20:07,828] INFO [Partition loadrunner-1 broker=0] No checkpointed highwatermark is found for partition loadrunner-1 (kafka.cluster.Partition)
[2022-12-17 14:20:07,828] INFO [Partition loadrunner-1 broker=0] Log loaded for partition loadrunner-1 with initial high watermark 0 (kafka.cluster.Partition)
[2022-12-17 14:24:54,795] INFO [GroupCoordinator 0]: Dynamic member with unknown member id joins group vector2influx in Empty state. Created a new member id vector-78aac087-3a20-4142-be9b-941922ca4d29 and request the member to rejoin with this id. (kafka.coordinator.group.GroupCoordinator)
[2022-12-17 14:24:54,830] INFO [GroupCoordinator 0]: Preparing to rebalance group vector2influx in state PreparingRebalance with old generation 0 (__consumer_offsets-13) (reason: Adding new member vector-78aac087-3a20-4142-be9b-941922ca4d29 with group instance id None) (kafka.coordinator.group.GroupCoordinator)
[2022-12-17 14:24:54,889] INFO [GroupCoordinator 0]: Stabilized group vector2influx generation 1 (__consumer_offsets-13) with 1 members (kafka.coordinator.group.GroupCoordinator)
[2022-12-17 14:24:54,913] INFO [GroupCoordinator 0]: Assignment received from leader vector-78aac087-3a20-4142-be9b-941922ca4d29 for group vector2influx for generation 1. The group has 1 members, 0 of which are static. (kafka.coordinator.group.GroupCoordinator)
