	at org.glassfish.jersey.message.internal.WriterInterceptorExecutor.proceed(WriterInterceptorExecutor.java:139)
	at org.glassfish.jersey.server.internal.MappableExceptionWrapperInterceptor.aroundWriteTo(MappableExceptionWrapperInterceptor.java:61)
	... 39 more
Caused by: java.io.IOException: Broken pipe
	at java.base/sun.nio.ch.FileDispatcherImpl.writev0(Native Method)
	at java.base/sun.nio.ch.SocketDispatcher.writev(SocketDispatcher.java:51)
	at java.base/sun.nio.ch.IOUtil.write(IOUtil.java:182)
	at java.base/sun.nio.ch.IOUtil.write(IOUtil.java:130)
	at java.base/sun.nio.ch.SocketChannelImpl.write(SocketChannelImpl.java:493)
	at java.base/java.nio.channels.SocketChannel.write(SocketChannel.java:507)
	at org.eclipse.jetty.io.ChannelEndPoint.flush(ChannelEndPoint.java:274)
	... 67 more

Dec 17, 2022 6:43:06 PM org.glassfish.jersey.server.ServerRuntime$Responder writeResponse
SEVERE: An I/O error has occurred while writing a response message entity to the container output stream.
org.glassfish.jersey.server.internal.process.MappableException: org.eclipse.jetty.io.EofException
	at org.glassfish.jersey.server.internal.MappableExceptionWrapperInterceptor.aroundWriteTo(MappableExceptionWrapperInterceptor.java:67)
	at org.glassfish.jersey.message.internal.WriterInterceptorExecutor.proceed(WriterInterceptorExecutor.java:139)
	at org.glassfish.jersey.message.internal.MessageBodyFactory.writeTo(MessageBodyFactory.java:1116)
	at org.glassfish.jersey.server.ServerRuntime$Responder.writeResponse(ServerRuntime.java:642)
	at org.glassfish.jersey.server.ServerRuntime$Responder.processResponse(ServerRuntime.java:373)
	at org.glassfish.jersey.server.ServerRuntime$Responder.process(ServerRuntime.java:363)
	at org.glassfish.jersey.server.ServerRuntime$AsyncResponder$3.run(ServerRuntime.java:864)
	at org.glassfish.jersey.internal.Errors$1.call(Errors.java:248)
[2022-12-17 18:43:06,926] INFO - - - [17/Dec/2022:18:43:06 +0000] "POST /topics/loadrunner HTTP/1.1" 200 0 "-" "Apache-HttpClient/4.5.13 (Java/1.8.0_275)" 3 (io.confluent.rest-utils.requests)
	at org.glassfish.jersey.internal.Errors$1.call(Errors.java:244)
	at org.glassfish.jersey.internal.Errors.process(Errors.java:292)
	at org.glassfish.jersey.internal.Errors.process(Errors.java:274)
	at org.glassfish.jersey.internal.Errors.process(Errors.java:244)
	at org.glassfish.jersey.process.internal.RequestScope.runInScope(RequestScope.java:265)
	at org.glassfish.jersey.server.ServerRuntime$AsyncResponder.resume(ServerRuntime.java:896)
	at org.glassfish.jersey.server.ServerRuntime$AsyncResponder.resume(ServerRuntime.java:852)
	at io.confluent.kafkarest.resources.AsyncResponses$AsyncResponseBuilder.lambda$asyncResume$0(AsyncResponses.java:104)
	at java.base/java.util.concurrent.CompletableFuture.uniWhenComplete(CompletableFuture.java:859)
	at java.base/java.util.concurrent.CompletableFuture$UniWhenComplete.tryFire(CompletableFuture.java:837)
	at java.base/java.util.concurrent.CompletableFuture.postComplete(CompletableFuture.java:506)
	at java.base/java.util.concurrent.CompletableFuture.complete(CompletableFuture.java:2073)
	at io.confluent.kafkarest.controllers.ProduceControllerImpl.lambda$produce$1(ProduceControllerImpl.java:76)
	at org.apache.kafka.clients.producer.KafkaProducer$AppendCallbacks.onCompletion(KafkaProducer.java:1492)
	at org.apache.kafka.clients.producer.internals.ProducerBatch.completeFutureAndFireCallbacks(ProducerBatch.java:270)
	at org.apache.kafka.clients.producer.internals.ProducerBatch.done(ProducerBatch.java:234)
	at org.apache.kafka.clients.producer.internals.ProducerBatch.complete(ProducerBatch.java:180)
	at org.apache.kafka.clients.producer.internals.Sender.completeBatch(Sender.java:686)
	at org.apache.kafka.clients.producer.internals.Sender.completeBatch(Sender.java:657)
	at org.apache.kafka.clients.producer.internals.Sender.lambda$null$1(Sender.java:583)
	at java.base/java.util.ArrayList.forEach(ArrayList.java:1541)
	at org.apache.kafka.clients.producer.internals.Sender.lambda$handleProduceResponse$2(Sender.java:570)
	at java.base/java.lang.Iterable.forEach(Iterable.java:75)
	at org.apache.kafka.clients.producer.internals.Sender.handleProduceResponse(Sender.java:570)
	at org.apache.kafka.clients.producer.internals.Sender.lambda$sendProduceRequest$5(Sender.java:844)
	at org.apache.kafka.clients.ClientResponse.onComplete(ClientResponse.java:109)
	at org.apache.kafka.clients.NetworkClient.completeResponses(NetworkClient.java:667)
	at org.apache.kafka.clients.NetworkClient.poll(NetworkClient.java:659)
	at org.apache.kafka.clients.producer.internals.Sender.runOnce(Sender.java:328)
	at org.apache.kafka.clients.producer.internals.Sender.run(Sender.java:243)
	at java.base/java.lang.Thread.run(Thread.java:829)
	at org.apache.kafka.common.utils.KafkaThread.run(KafkaThread.java:64)
Caused by: org.eclipse.jetty.io.EofException
	at org.eclipse.jetty.io.ChannelEndPoint.flush(ChannelEndPoint.java:280)
	at org.eclipse.jetty.io.NetworkTrafficSocketChannelEndPoint.flush(NetworkTrafficSocketChannelEndPoint.java:66)
	at org.eclipse.jetty.io.WriteFlusher.flush(WriteFlusher.java:422)
	at org.eclipse.jetty.io.WriteFlusher.write(WriteFlusher.java:277)
	at org.eclipse.jetty.io.AbstractEndPoint.write(AbstractEndPoint.java:381)
	at org.eclipse.jetty.server.HttpConnection$SendCallback.process(HttpConnection.java:825)
	at org.eclipse.jetty.util.IteratingCallback.processing(IteratingCallback.java:241)
	at org.eclipse.jetty.util.IteratingCallback.iterate(IteratingCallback.java:223)
	at org.eclipse.jetty.server.HttpConnection.send(HttpConnection.java:555)
	at org.eclipse.jetty.server.HttpChannel.sendResponse(HttpChannel.java:1009)
	at org.eclipse.jetty.server.HttpChannel.write(HttpChannel.java:1086)
	at org.eclipse.jetty.server.handler.gzip.GzipHttpOutputInterceptor.commit(GzipHttpOutputInterceptor.java:215)
	at org.eclipse.jetty.server.handler.gzip.GzipHttpOutputInterceptor.write(GzipHttpOutputInterceptor.java:107)
	at org.eclipse.jetty.server.HttpOutput.channelWrite(HttpOutput.java:285)
	at org.eclipse.jetty.server.HttpOutput.channelWrite(HttpOutput.java:269)
	at org.eclipse.jetty.server.HttpOutput.flush(HttpOutput.java:751)
	at org.glassfish.jersey.servlet.internal.ResponseWriter$NonCloseableOutputStreamWrapper.flush(ResponseWriter.java:307)
	at org.glassfish.jersey.message.internal.CommittingOutputStream.flush(CommittingOutputStream.java:263)
	at java.base/java.io.FilterOutputStream.flush(FilterOutputStream.java:153)
	at org.glassfish.jersey.message.internal.WriterInterceptorExecutor$UnCloseableOutputStream.flush(WriterInterceptorExecutor.java:281)
	at com.fasterxml.jackson.core.json.UTF8JsonGenerator.flush(UTF8JsonGenerator.java:1187)
	at com.fasterxml.jackson.databind.ObjectWriter.writeValue(ObjectWriter.java:1009)
	at com.fasterxml.jackson.jaxrs.base.ProviderBase.writeTo(ProviderBase.java:617)
	at org.glassfish.jersey.message.internal.WriterInterceptorExecutor$TerminalWriterInterceptor.invokeWriteTo(WriterInterceptorExecutor.java:242)
	at org.glassfish.jersey.message.internal.WriterInterceptorExecutor$TerminalWriterInterceptor.aroundWriteTo(WriterInterceptorExecutor.java:227)
	at org.glassfish.jersey.message.internal.WriterInterceptorExecutor.proceed(WriterInterceptorExecutor.java:139)
	at org.glassfish.jersey.server.internal.JsonWithPaddingInterceptor.aroundWriteTo(JsonWithPaddingInterceptor.java:85)
	at org.glassfish.jersey.message.internal.WriterInterceptorExecutor.proceed(WriterInterceptorExecutor.java:139)
	at org.glassfish.jersey.server.internal.MappableExceptionWrapperInterceptor.aroundWriteTo(MappableExceptionWrapperInterceptor.java:61)
	... 39 more
Caused by: java.io.IOException: Broken pipe
	at java.base/sun.nio.ch.FileDispatcherImpl.writev0(Native Method)
	at java.base/sun.nio.ch.SocketDispatcher.writev(SocketDispatcher.java:51)
	at java.base/sun.nio.ch.IOUtil.write(IOUtil.java:182)
	at java.base/sun.nio.ch.IOUtil.write(IOUtil.java:130)
	at java.base/sun.nio.ch.SocketChannelImpl.write(SocketChannelImpl.java:493)
	at java.base/java.nio.channels.SocketChannel.write(SocketChannel.java:507)
	at org.eclipse.jetty.io.ChannelEndPoint.flush(ChannelEndPoint.java:274)
	... 67 more

[2022-12-17 18:43:06,972] INFO 172.18.0.12 - - [17/Dec/2022:18:43:06 +0000] "POST /topics/loadrunner HTTP/1.1" 200 119 "-" "Apache-HttpClient/4.5.13 (Java/1.8.0_275)" 1 (io.confluent.rest-utils.requests)
[2022-12-17 18:43:07,022] INFO 172.18.0.12 - - [17/Dec/2022:18:43:07 +0000] "POST /topics/loadrunner HTTP/1.1" 200 119 "-" "Apache-HttpClient/4.5.13 (Java/1.8.0_275)" 1 (io.confluent.rest-utils.requests)
