2022-12-17T18:42:54.737975Z DEBUG sink{component_kind="sink" component_id=influx component_type=http component_name=influx}:request{request_id=283}:http: hyper::client::pool: pooling idle connection for ("http", influx:8086)
2022-12-17T18:42:54.738039Z DEBUG sink{component_kind="sink" component_id=influx component_type=http component_name=influx}:request{request_id=283}:http: vector::internal_events::http_client: HTTP response. status=204 No Content version=HTTP/1.1 headers={"content-type": "application/json", "request-id": "9e4c3942-7e3a-11ed-813d-0242ac120003", "x-influxdb-build": "OSS", "x-influxdb-version": "1.8.10", "x-request-id": "9e4c3942-7e3a-11ed-813d-0242ac120003", "date": "Sat, 17 Dec 2022 18:42:54 GMT"} body=[empty]
2022-12-17T18:42:55.755730Z DEBUG sink{component_kind="sink" component_id=influx component_type=http component_name=influx}:request{request_id=284}:http: vector::internal_events::http_client: Sending HTTP request. uri=http://influx:8086/write?db=loadrunner method=POST version=HTTP/1.1 headers={"content-type": "text/plain", "user-agent": "Vector/0.26.0 (x86_64-unknown-linux-musl c6b5bc2 2022-12-05)", "accept-encoding": "identity"} body=[46637 bytes]
2022-12-17T18:42:55.755949Z DEBUG sink{component_kind="sink" component_id=influx component_type=http component_name=influx}:request{request_id=284}:http: hyper::client::pool: reuse idle connection for ("http", influx:8086)
2022-12-17T18:42:55.756213Z DEBUG hyper::proto::h1::io: flushed 46844 bytes
2022-12-17T18:42:55.761306Z DEBUG hyper::proto::h1::io: parsed 6 headers
2022-12-17T18:42:55.761441Z DEBUG hyper::proto::h1::conn: incoming body is empty
2022-12-17T18:42:55.761527Z DEBUG sink{component_kind="sink" component_id=influx component_type=http component_name=influx}:request{request_id=284}:http: hyper::client::pool: pooling idle connection for ("http", influx:8086)
2022-12-17T18:42:55.761624Z DEBUG sink{component_kind="sink" component_id=influx component_type=http component_name=influx}:request{request_id=284}:http: vector::internal_events::http_client: HTTP response. status=204 No Content version=HTTP/1.1 headers={"content-type": "application/json", "request-id": "9ee80e08-7e3a-11ed-813e-0242ac120003", "x-influxdb-build": "OSS", "x-influxdb-version": "1.8.10", "x-request-id": "9ee80e08-7e3a-11ed-813e-0242ac120003", "date": "Sat, 17 Dec 2022 18:42:55 GMT"} body=[empty]
2022-12-17T18:42:56.722497Z DEBUG transform{component_kind="transform" component_id=kafkaFormatted component_type=remap component_name=kafkaFormatted}: vector::utilization: utilization=0.0035588563690225885
2022-12-17T18:42:56.765083Z DEBUG sink{component_kind="sink" component_id=influx component_type=http component_name=influx}:request{request_id=285}:http: vector::internal_events::http_client: Sending HTTP request. uri=http://influx:8086/write?db=loadrunner method=POST version=HTTP/1.1 headers={"content-type": "text/plain", "user-agent": "Vector/0.26.0 (x86_64-unknown-linux-musl c6b5bc2 2022-12-05)", "accept-encoding": "identity"} body=[33342 bytes]
2022-12-17T18:42:56.765130Z DEBUG sink{component_kind="sink" component_id=influx component_type=http component_name=influx}:request{request_id=285}:http: hyper::client::pool: reuse idle connection for ("http", influx:8086)
2022-12-17T18:42:56.765396Z DEBUG hyper::proto::h1::io: flushed 33549 bytes
2022-12-17T18:42:56.768435Z DEBUG hyper::proto::h1::io: parsed 6 headers
2022-12-17T18:42:56.768480Z DEBUG hyper::proto::h1::conn: incoming body is empty
2022-12-17T18:42:56.768512Z DEBUG sink{component_kind="sink" component_id=influx component_type=http component_name=influx}:request{request_id=285}:http: hyper::client::pool: pooling idle connection for ("http", influx:8086)
2022-12-17T18:42:56.768542Z DEBUG sink{component_kind="sink" component_id=influx component_type=http component_name=influx}:request{request_id=285}:http: vector::internal_events::http_client: HTTP response. status=204 No Content version=HTTP/1.1 headers={"content-type": "application/json", "request-id": "9f820b09-7e3a-11ed-813f-0242ac120003", "x-influxdb-build": "OSS", "x-influxdb-version": "1.8.10", "x-request-id": "9f820b09-7e3a-11ed-813f-0242ac120003", "date": "Sat, 17 Dec 2022 18:42:56 GMT"} body=[empty]
2022-12-17T18:42:57.772784Z DEBUG sink{component_kind="sink" component_id=influx component_type=http component_name=influx}:request{request_id=286}:http: vector::internal_events::http_client: Sending HTTP request. uri=http://influx:8086/write?db=loadrunner method=POST version=HTTP/1.1 headers={"content-type": "text/plain", "user-agent": "Vector/0.26.0 (x86_64-unknown-linux-musl c6b5bc2 2022-12-05)", "accept-encoding": "identity"} body=[33217 bytes]
2022-12-17T18:42:57.772908Z DEBUG sink{component_kind="sink" component_id=influx component_type=http component_name=influx}:request{request_id=286}:http: hyper::client::pool: reuse idle connection for ("http", influx:8086)
2022-12-17T18:42:57.773118Z DEBUG hyper::proto::h1::io: flushed 33424 bytes
2022-12-17T18:42:57.776975Z DEBUG hyper::proto::h1::io: parsed 6 headers
2022-12-17T18:42:57.777025Z DEBUG hyper::proto::h1::conn: incoming body is empty
2022-12-17T18:42:57.777074Z DEBUG sink{component_kind="sink" component_id=influx component_type=http component_name=influx}:request{request_id=286}:http: hyper::client::pool: pooling idle connection for ("http", influx:8086)
2022-12-17T18:42:57.777110Z DEBUG sink{component_kind="sink" component_id=influx component_type=http component_name=influx}:request{request_id=286}:http: vector::internal_events::http_client: HTTP response. status=204 No Content version=HTTP/1.1 headers={"content-type": "application/json", "request-id": "a01bce7e-7e3a-11ed-8140-0242ac120003", "x-influxdb-build": "OSS", "x-influxdb-version": "1.8.10", "x-request-id": "a01bce7e-7e3a-11ed-8140-0242ac120003", "date": "Sat, 17 Dec 2022 18:42:57 GMT"} body=[empty]
2022-12-17T18:42:58.121631Z DEBUG sink{component_kind="sink" component_id=influx component_type=http component_name=influx}: vector::utilization: utilization=0.000729520255914209
2022-12-17T18:42:58.782645Z DEBUG sink{component_kind="sink" component_id=influx component_type=http component_name=influx}:request{request_id=287}:http: vector::internal_events::http_client: Sending HTTP request. uri=http://influx:8086/write?db=loadrunner method=POST version=HTTP/1.1 headers={"content-type": "text/plain", "user-agent": "Vector/0.26.0 (x86_64-unknown-linux-musl c6b5bc2 2022-12-05)", "accept-encoding": "identity"} body=[34881 bytes]
2022-12-17T18:42:58.782784Z DEBUG sink{component_kind="sink" component_id=influx component_type=http component_name=influx}:request{request_id=287}:http: hyper::client::pool: reuse idle connection for ("http", influx:8086)
2022-12-17T18:42:58.783037Z DEBUG hyper::proto::h1::io: flushed 35088 bytes
2022-12-17T18:42:58.786369Z DEBUG hyper::proto::h1::io: parsed 6 headers
2022-12-17T18:42:58.786444Z DEBUG hyper::proto::h1::conn: incoming body is empty
2022-12-17T18:42:58.786481Z DEBUG sink{component_kind="sink" component_id=influx component_type=http component_name=influx}:request{request_id=287}:http: hyper::client::pool: pooling idle connection for ("http", influx:8086)
2022-12-17T18:42:58.786519Z DEBUG sink{component_kind="sink" component_id=influx component_type=http component_name=influx}:request{request_id=287}:http: vector::internal_events::http_client: HTTP response. status=204 No Content version=HTTP/1.1 headers={"content-type": "application/json", "request-id": "a0b5e61e-7e3a-11ed-8141-0242ac120003", "x-influxdb-build": "OSS", "x-influxdb-version": "1.8.10", "x-request-id": "a0b5e61e-7e3a-11ed-8141-0242ac120003", "date": "Sat, 17 Dec 2022 18:42:58 GMT"} body=[empty]
2022-12-17T18:42:59.820572Z DEBUG sink{component_kind="sink" component_id=influx component_type=http component_name=influx}:request{request_id=288}:http: vector::internal_events::http_client: Sending HTTP request. uri=http://influx:8086/write?db=loadrunner method=POST version=HTTP/1.1 headers={"content-type": "text/plain", "user-agent": "Vector/0.26.0 (x86_64-unknown-linux-musl c6b5bc2 2022-12-05)", "accept-encoding": "identity"} body=[32704 bytes]
2022-12-17T18:42:59.820700Z DEBUG sink{component_kind="sink" component_id=influx component_type=http component_name=influx}:request{request_id=288}:http: hyper::client::pool: reuse idle connection for ("http", influx:8086)
2022-12-17T18:42:59.820875Z DEBUG hyper::proto::h1::io: flushed 32911 bytes
2022-12-17T18:42:59.827117Z DEBUG hyper::proto::h1::io: parsed 6 headers
2022-12-17T18:42:59.827133Z DEBUG hyper::proto::h1::conn: incoming body is empty
2022-12-17T18:42:59.827228Z DEBUG sink{component_kind="sink" component_id=influx component_type=http component_name=influx}:request{request_id=288}:http: hyper::client::pool: pooling idle connection for ("http", influx:8086)
2022-12-17T18:42:59.827301Z DEBUG sink{component_kind="sink" component_id=influx component_type=http component_name=influx}:request{request_id=288}:http: vector::internal_events::http_client: HTTP response. status=204 No Content version=HTTP/1.1 headers={"content-type": "application/json", "request-id": "a1544505-7e3a-11ed-8142-0242ac120003", "x-influxdb-build": "OSS", "x-influxdb-version": "1.8.10", "x-request-id": "a1544505-7e3a-11ed-8142-0242ac120003", "date": "Sat, 17 Dec 2022 18:42:59 GMT"} body=[empty]
2022-12-17T18:43:00.825254Z DEBUG sink{component_kind="sink" component_id=influx component_type=http component_name=influx}:request{request_id=289}:http: vector::internal_events::http_client: Sending HTTP request. uri=http://influx:8086/write?db=loadrunner method=POST version=HTTP/1.1 headers={"content-type": "text/plain", "user-agent": "Vector/0.26.0 (x86_64-unknown-linux-musl c6b5bc2 2022-12-05)", "accept-encoding": "identity"} body=[34245 bytes]
2022-12-17T18:43:00.825436Z DEBUG sink{component_kind="sink" component_id=influx component_type=http component_name=influx}:request{request_id=289}:http: hyper::client::pool: reuse idle connection for ("http", influx:8086)
2022-12-17T18:43:00.825676Z DEBUG hyper::proto::h1::io: flushed 34452 bytes
2022-12-17T18:43:00.831953Z DEBUG hyper::proto::h1::io: parsed 6 headers
2022-12-17T18:43:00.832380Z DEBUG hyper::proto::h1::conn: incoming body is empty
2022-12-17T18:43:00.832451Z DEBUG sink{component_kind="sink" component_id=influx component_type=http component_name=influx}:request{request_id=289}:http: hyper::client::pool: pooling idle connection for ("http", influx:8086)
2022-12-17T18:43:00.832517Z DEBUG sink{component_kind="sink" component_id=influx component_type=http component_name=influx}:request{request_id=289}:http: vector::internal_events::http_client: HTTP response. status=204 No Content version=HTTP/1.1 headers={"content-type": "application/json", "request-id": "a1ed9978-7e3a-11ed-8143-0242ac120003", "x-influxdb-build": "OSS", "x-influxdb-version": "1.8.10", "x-request-id": "a1ed9978-7e3a-11ed-8143-0242ac120003", "date": "Sat, 17 Dec 2022 18:43:00 GMT"} body=[empty]
2022-12-17T18:43:01.729076Z DEBUG transform{component_kind="transform" component_id=kafkaFormatted component_type=remap component_name=kafkaFormatted}: vector::utilization: utilization=0.004489876723874547
2022-12-17T18:43:01.829988Z DEBUG sink{component_kind="sink" component_id=influx component_type=http component_name=influx}:request{request_id=290}:http: vector::internal_events::http_client: Sending HTTP request. uri=http://influx:8086/write?db=loadrunner method=POST version=HTTP/1.1 headers={"content-type": "text/plain", "user-agent": "Vector/0.26.0 (x86_64-unknown-linux-musl c6b5bc2 2022-12-05)", "accept-encoding": "identity"} body=[34497 bytes]
2022-12-17T18:43:01.830107Z DEBUG sink{component_kind="sink" component_id=influx component_type=http component_name=influx}:request{request_id=290}:http: hyper::client::pool: reuse idle connection for ("http", influx:8086)
2022-12-17T18:43:01.830288Z DEBUG hyper::proto::h1::io: flushed 34704 bytes
2022-12-17T18:43:01.838245Z DEBUG hyper::proto::h1::io: parsed 6 headers
2022-12-17T18:43:01.838262Z DEBUG hyper::proto::h1::conn: incoming body is empty
2022-12-17T18:43:01.838282Z DEBUG sink{component_kind="sink" component_id=influx component_type=http component_name=influx}:request{request_id=290}:http: hyper::client::pool: pooling idle connection for ("http", influx:8086)
2022-12-17T18:43:01.838324Z DEBUG sink{component_kind="sink" component_id=influx component_type=http component_name=influx}:request{request_id=290}:http: vector::internal_events::http_client: HTTP response. status=204 No Content version=HTTP/1.1 headers={"content-type": "application/json", "request-id": "a286e128-7e3a-11ed-8144-0242ac120003", "x-influxdb-build": "OSS", "x-influxdb-version": "1.8.10", "x-request-id": "a286e128-7e3a-11ed-8144-0242ac120003", "date": "Sat, 17 Dec 2022 18:43:01 GMT"} body=[empty]
2022-12-17T18:43:02.838117Z DEBUG sink{component_kind="sink" component_id=influx component_type=http component_name=influx}:request{request_id=291}:http: vector::internal_events::http_client: Sending HTTP request. uri=http://influx:8086/write?db=loadrunner method=POST version=HTTP/1.1 headers={"content-type": "text/plain", "user-agent": "Vector/0.26.0 (x86_64-unknown-linux-musl c6b5bc2 2022-12-05)", "accept-encoding": "identity"} body=[33343 bytes]
2022-12-17T18:43:02.838159Z DEBUG sink{component_kind="sink" component_id=influx component_type=http component_name=influx}:request{request_id=291}:http: hyper::client::pool: reuse idle connection for ("http", influx:8086)
2022-12-17T18:43:02.838303Z DEBUG hyper::proto::h1::io: flushed 33550 bytes
2022-12-17T18:43:02.841190Z DEBUG hyper::proto::h1::io: parsed 6 headers
2022-12-17T18:43:02.841206Z DEBUG hyper::proto::h1::conn: incoming body is empty
2022-12-17T18:43:02.841300Z DEBUG sink{component_kind="sink" component_id=influx component_type=http component_name=influx}:request{request_id=291}:http: hyper::client::pool: pooling idle connection for ("http", influx:8086)
2022-12-17T18:43:02.841329Z DEBUG sink{component_kind="sink" component_id=influx component_type=http component_name=influx}:request{request_id=291}:http: vector::internal_events::http_client: HTTP response. status=204 No Content version=HTTP/1.1 headers={"content-type": "application/json", "request-id": "a320ad9f-7e3a-11ed-8145-0242ac120003", "x-influxdb-build": "OSS", "x-influxdb-version": "1.8.10", "x-request-id": "a320ad9f-7e3a-11ed-8145-0242ac120003", "date": "Sat, 17 Dec 2022 18:43:02 GMT"} body=[empty]
2022-12-17T18:43:03.121503Z DEBUG sink{component_kind="sink" component_id=influx component_type=http component_name=influx}: vector::utilization: utilization=0.0007881346825307824
2022-12-17T18:43:03.879658Z DEBUG sink{component_kind="sink" component_id=influx component_type=http component_name=influx}:request{request_id=292}:http: vector::internal_events::http_client: Sending HTTP request. uri=http://influx:8086/write?db=loadrunner method=POST version=HTTP/1.1 headers={"content-type": "text/plain", "user-agent": "Vector/0.26.0 (x86_64-unknown-linux-musl c6b5bc2 2022-12-05)", "accept-encoding": "identity"} body=[33598 bytes]
2022-12-17T18:43:03.879804Z DEBUG sink{component_kind="sink" component_id=influx component_type=http component_name=influx}:request{request_id=292}:http: hyper::client::pool: reuse idle connection for ("http", influx:8086)
2022-12-17T18:43:03.880466Z DEBUG hyper::proto::h1::io: flushed 33805 bytes
2022-12-17T18:43:03.884998Z DEBUG hyper::proto::h1::io: parsed 6 headers
2022-12-17T18:43:03.885087Z DEBUG hyper::proto::h1::conn: incoming body is empty
2022-12-17T18:43:03.885167Z DEBUG sink{component_kind="sink" component_id=influx component_type=http component_name=influx}:request{request_id=292}:http: hyper::client::pool: pooling idle connection for ("http", influx:8086)
2022-12-17T18:43:03.885241Z DEBUG sink{component_kind="sink" component_id=influx component_type=http component_name=influx}:request{request_id=292}:http: vector::internal_events::http_client: HTTP response. status=204 No Content version=HTTP/1.1 headers={"content-type": "application/json", "request-id": "a3bfbf45-7e3a-11ed-8146-0242ac120003", "x-influxdb-build": "OSS", "x-influxdb-version": "1.8.10", "x-request-id": "a3bfbf45-7e3a-11ed-8146-0242ac120003", "date": "Sat, 17 Dec 2022 18:43:03 GMT"} body=[empty]
2022-12-17T18:43:04.882134Z DEBUG sink{component_kind="sink" component_id=influx component_type=http component_name=influx}:request{request_id=293}:http: vector::internal_events::http_client: Sending HTTP request. uri=http://influx:8086/write?db=loadrunner method=POST version=HTTP/1.1 headers={"content-type": "text/plain", "user-agent": "Vector/0.26.0 (x86_64-unknown-linux-musl c6b5bc2 2022-12-05)", "accept-encoding": "identity"} body=[29924 bytes]
2022-12-17T18:43:04.882183Z DEBUG sink{component_kind="sink" component_id=influx component_type=http component_name=influx}:request{request_id=293}:http: hyper::client::pool: reuse idle connection for ("http", influx:8086)
2022-12-17T18:43:04.882402Z DEBUG hyper::proto::h1::io: flushed 30131 bytes
2022-12-17T18:43:04.886079Z DEBUG hyper::proto::h1::io: parsed 6 headers
2022-12-17T18:43:04.886093Z DEBUG hyper::proto::h1::conn: incoming body is empty
2022-12-17T18:43:04.886145Z DEBUG sink{component_kind="sink" component_id=influx component_type=http component_name=influx}:request{request_id=293}:http: hyper::client::pool: pooling idle connection for ("http", influx:8086)
2022-12-17T18:43:04.886169Z DEBUG sink{component_kind="sink" component_id=influx component_type=http component_name=influx}:request{request_id=293}:http: vector::internal_events::http_client: HTTP response. status=204 No Content version=HTTP/1.1 headers={"content-type": "application/json", "request-id": "a4589594-7e3a-11ed-8148-0242ac120003", "x-influxdb-build": "OSS", "x-influxdb-version": "1.8.10", "x-request-id": "a4589594-7e3a-11ed-8148-0242ac120003", "date": "Sat, 17 Dec 2022 18:43:04 GMT"} body=[empty]
2022-12-17T18:43:05.923119Z DEBUG sink{component_kind="sink" component_id=influx component_type=http component_name=influx}:request{request_id=294}:http: vector::internal_events::http_client: Sending HTTP request. uri=http://influx:8086/write?db=loadrunner method=POST version=HTTP/1.1 headers={"content-type": "text/plain", "user-agent": "Vector/0.26.0 (x86_64-unknown-linux-musl c6b5bc2 2022-12-05)", "accept-encoding": "identity"} body=[22133 bytes]
2022-12-17T18:43:05.923285Z DEBUG sink{component_kind="sink" component_id=influx component_type=http component_name=influx}:request{request_id=294}:http: hyper::client::pool: reuse idle connection for ("http", influx:8086)
2022-12-17T18:43:05.923453Z DEBUG hyper::proto::h1::io: flushed 22340 bytes
2022-12-17T18:43:05.927777Z DEBUG hyper::proto::h1::io: parsed 6 headers
2022-12-17T18:43:05.927874Z DEBUG hyper::proto::h1::conn: incoming body is empty
2022-12-17T18:43:05.927948Z DEBUG sink{component_kind="sink" component_id=influx component_type=http component_name=influx}:request{request_id=294}:http: hyper::client::pool: pooling idle connection for ("http", influx:8086)
2022-12-17T18:43:05.928026Z DEBUG sink{component_kind="sink" component_id=influx component_type=http component_name=influx}:request{request_id=294}:http: vector::internal_events::http_client: HTTP response. status=204 No Content version=HTTP/1.1 headers={"content-type": "application/json", "request-id": "a4f7718c-7e3a-11ed-8149-0242ac120003", "x-influxdb-build": "OSS", "x-influxdb-version": "1.8.10", "x-request-id": "a4f7718c-7e3a-11ed-8149-0242ac120003", "date": "Sat, 17 Dec 2022 18:43:05 GMT"} body=[empty]
2022-12-17T18:43:06.772085Z DEBUG transform{component_kind="transform" component_id=kafkaFormatted component_type=remap component_name=kafkaFormatted}: vector::utilization: utilization=0.003166162868502284
2022-12-17T18:43:06.930373Z DEBUG sink{component_kind="sink" component_id=influx component_type=http component_name=influx}:request{request_id=295}:http: vector::internal_events::http_client: Sending HTTP request. uri=http://influx:8086/write?db=loadrunner method=POST version=HTTP/1.1 headers={"content-type": "text/plain", "user-agent": "Vector/0.26.0 (x86_64-unknown-linux-musl c6b5bc2 2022-12-05)", "accept-encoding": "identity"} body=[15740 bytes]
2022-12-17T18:43:06.930421Z DEBUG sink{component_kind="sink" component_id=influx component_type=http component_name=influx}:request{request_id=295}:http: hyper::client::pool: reuse idle connection for ("http", influx:8086)
2022-12-17T18:43:06.930592Z DEBUG hyper::proto::h1::io: flushed 15947 bytes
2022-12-17T18:43:06.932953Z DEBUG hyper::proto::h1::io: parsed 6 headers
2022-12-17T18:43:06.932967Z DEBUG hyper::proto::h1::conn: incoming body is empty
2022-12-17T18:43:06.933036Z DEBUG sink{component_kind="sink" component_id=influx component_type=http component_name=influx}:request{request_id=295}:http: hyper::client::pool: pooling idle connection for ("http", influx:8086)
2022-12-17T18:43:06.933058Z DEBUG sink{component_kind="sink" component_id=influx component_type=http component_name=influx}:request{request_id=295}:http: vector::internal_events::http_client: HTTP response. status=204 No Content version=HTTP/1.1 headers={"content-type": "application/json", "request-id": "a5911f1a-7e3a-11ed-814a-0242ac120003", "x-influxdb-build": "OSS", "x-influxdb-version": "1.8.10", "x-request-id": "a5911f1a-7e3a-11ed-814a-0242ac120003", "date": "Sat, 17 Dec 2022 18:43:06 GMT"} body=[empty]
2022-12-17T18:43:07.974523Z DEBUG sink{component_kind="sink" component_id=influx component_type=http component_name=influx}:request{request_id=296}:http: vector::internal_events::http_client: Sending HTTP request. uri=http://influx:8086/write?db=loadrunner method=POST version=HTTP/1.1 headers={"content-type": "text/plain", "user-agent": "Vector/0.26.0 (x86_64-unknown-linux-musl c6b5bc2 2022-12-05)", "accept-encoding": "identity"} body=[255 bytes]
2022-12-17T18:43:07.974568Z DEBUG sink{component_kind="sink" component_id=influx component_type=http component_name=influx}:request{request_id=296}:http: hyper::client::pool: reuse idle connection for ("http", influx:8086)
2022-12-17T18:43:07.974648Z DEBUG hyper::proto::h1::io: flushed 460 bytes
2022-12-17T18:43:07.977162Z DEBUG hyper::proto::h1::io: parsed 6 headers
2022-12-17T18:43:07.977182Z DEBUG hyper::proto::h1::conn: incoming body is empty
2022-12-17T18:43:07.977208Z DEBUG sink{component_kind="sink" component_id=influx component_type=http component_name=influx}:request{request_id=296}:http: hyper::client::pool: pooling idle connection for ("http", influx:8086)
2022-12-17T18:43:07.977227Z DEBUG sink{component_kind="sink" component_id=influx component_type=http component_name=influx}:request{request_id=296}:http: vector::internal_events::http_client: HTTP response. status=204 No Content version=HTTP/1.1 headers={"content-type": "application/json", "request-id": "a6306bc3-7e3a-11ed-814b-0242ac120003", "x-influxdb-build": "OSS", "x-influxdb-version": "1.8.10", "x-request-id": "a6306bc3-7e3a-11ed-814b-0242ac120003", "date": "Sat, 17 Dec 2022 18:43:07 GMT"} body=[empty]
2022-12-17T18:43:08.122475Z DEBUG sink{component_kind="sink" component_id=influx component_type=http component_name=influx}: vector::utilization: utilization=0.0005783839141186941
2022-12-17T18:43:13.121692Z DEBUG sink{component_kind="sink" component_id=influx component_type=http component_name=influx}: vector::utilization: utilization=0.00005785639422640851
