START Running Jmeter on Wed Dec 14 15:13:35 CET 2022
JVM_ARGS=-Xmn958m -Xms3832m -Xmx3832m
jmeter args=-n -t /app/loadTest.jmx -l /app/3695603463/loadTest.jtl
jmeter ALL ARGS=-Dlog4j2.formatMsgNoLookups=true -n -t /app/loadTest.jmx -l /app/3695603463/loadTest.jtl
Dec 14, 2022 3:13:36 PM java.util.prefs.FileSystemPreferences$1 run
INFO: Created user preferences directory.
Creating summariser <summary>
Created the tree successfully using /app/loadTest.jmx
Starting standalone test @ December 14, 2022 3:13:36 PM CET (1671027216779)
Waiting for possible Shutdown/StopTestNow/HeapDump/ThreadDump message on port 4445
summary +   5275 in 00:00:23 =  232.8/s Avg:    30 Min:     1 Max:  2392 Err:     0 (0.00%) Active: 451 Started: 451 Finished: 0
summary +  22827 in 00:00:30 =  761.1/s Avg:    24 Min:     0 Max:   421 Err:     0 (0.00%) Active: 1051 Started: 1051 Finished: 0
summary =  28102 in 00:00:53 =  533.7/s Avg:    25 Min:     0 Max:  2392 Err:     0 (0.00%)
summary +  40830 in 00:00:30 = 1360.9/s Avg:    23 Min:     0 Max:   274 Err:     0 (0.00%) Active: 1651 Started: 1651 Finished: 0
summary =  68932 in 00:01:23 =  833.9/s Avg:    24 Min:     0 Max:  2392 Err:     0 (0.00%)
summary +  57853 in 00:00:30 = 1927.2/s Avg:    76 Min:     0 Max:   820 Err:     0 (0.00%) Active: 2252 Started: 2252 Finished: 0
summary = 126785 in 00:01:53 = 1125.2/s Avg:    48 Min:     0 Max:  2392 Err:     0 (0.00%)
summary +  61390 in 00:00:30 = 2047.8/s Avg:  1106 Min:     2 Max:  2447 Err:     0 (0.00%) Active: 2851 Started: 2851 Finished: 0
summary = 188175 in 00:02:23 = 1319.1/s Avg:   393 Min:     0 Max:  2447 Err:     0 (0.00%)
summary +  59917 in 00:00:30 = 1997.2/s Avg:  1537 Min:   648 Max:  3171 Err:     0 (0.00%) Active: 3451 Started: 3451 Finished: 0
summary = 248092 in 00:02:53 = 1436.9/s Avg:   669 Min:     0 Max:  3171 Err:     0 (0.00%)
summary +  57754 in 00:00:30 = 1925.0/s Avg:  1898 Min:   849 Max:  4077 Err:     0 (0.00%) Active: 4000 Started: 4000 Finished: 0
summary = 305846 in 00:03:23 = 1509.1/s Avg:   901 Min:     0 Max:  4077 Err:     0 (0.00%)
summary +  56008 in 00:00:30 = 1867.5/s Avg:  2109 Min:  1253 Max:  4033 Err:     0 (0.00%) Active: 4000 Started: 4000 Finished: 0
summary = 361854 in 00:03:53 = 1555.3/s Avg:  1088 Min:     0 Max:  4077 Err:     0 (0.00%)
summary +  55692 in 00:00:30 = 1855.4/s Avg:  2175 Min:  1375 Max:  3802 Err:     0 (0.00%) Active: 4000 Started: 4000 Finished: 0
summary = 417546 in 00:04:23 = 1589.6/s Avg:  1233 Min:     0 Max:  4077 Err:     0 (0.00%)
summary +  57277 in 00:00:30 = 1910.3/s Avg:  2095 Min:   957 Max:  3937 Err:     0 (0.00%) Active: 4000 Started: 4000 Finished: 0
summary = 474823 in 00:04:53 = 1622.5/s Avg:  1337 Min:     0 Max:  4077 Err:     0 (0.00%)
summary +  21436 in 00:00:11 = 1895.8/s Avg:  2050 Min:     1 Max:  3681 Err:     0 (0.00%) Active: 0 Started: 4000 Finished: 4000
summary = 496259 in 00:05:04 = 1632.5/s Avg:  1368 Min:     0 Max:  4077 Err:     0 (0.00%)
Tidying up ...    @ December 14, 2022 3:18:41 PM CET (1671027521331)
... end of run
END Running Jmeter on Wed Dec 14 15:18:41 CET 2022
