2022-12-14T14:18:28.031033Z DEBUG sink{component_kind="sink" component_id=influx component_type=http component_name=influx}:request{request_id=275}:http: vector::internal_events::http_client: HTTP response. status=204 No Content version=HTTP/1.1 headers={"content-type": "application/json", "request-id": "2dc1856c-7bba-11ed-8135-0242ac120003", "x-influxdb-build": "OSS", "x-influxdb-version": "1.8.10", "x-request-id": "2dc1856c-7bba-11ed-8135-0242ac120003", "date": "Wed, 14 Dec 2022 14:18:28 GMT"} body=[empty]
2022-12-14T14:18:28.897666Z DEBUG sink{component_kind="sink" component_id=influx component_type=http component_name=influx}: vector::utilization: utilization=0.0029976344935915833
2022-12-14T14:18:29.075689Z DEBUG sink{component_kind="sink" component_id=influx component_type=http component_name=influx}:request{request_id=276}:http: vector::internal_events::http_client: Sending HTTP request. uri=http://influx:8086/write?db=loadrunner method=POST version=HTTP/1.1 headers={"content-type": "text/plain", "user-agent": "Vector/0.26.0 (x86_64-unknown-linux-musl c6b5bc2 2022-12-05)", "accept-encoding": "identity"} body=[252751 bytes]
2022-12-14T14:18:29.075730Z DEBUG sink{component_kind="sink" component_id=influx component_type=http component_name=influx}:request{request_id=276}:http: hyper::client::pool: reuse idle connection for ("http", influx:8086)
2022-12-14T14:18:29.076041Z DEBUG hyper::proto::h1::io: flushed 252959 bytes
2022-12-14T14:18:29.096393Z DEBUG hyper::proto::h1::io: parsed 6 headers
2022-12-14T14:18:29.096408Z DEBUG hyper::proto::h1::conn: incoming body is empty
2022-12-14T14:18:29.096477Z DEBUG sink{component_kind="sink" component_id=influx component_type=http component_name=influx}:request{request_id=276}:http: hyper::client::pool: pooling idle connection for ("http", influx:8086)
2022-12-14T14:18:29.096498Z DEBUG sink{component_kind="sink" component_id=influx component_type=http component_name=influx}:request{request_id=276}:http: vector::internal_events::http_client: HTTP response. status=204 No Content version=HTTP/1.1 headers={"content-type": "application/json", "request-id": "2e6385c3-7bba-11ed-8136-0242ac120003", "x-influxdb-build": "OSS", "x-influxdb-version": "1.8.10", "x-request-id": "2e6385c3-7bba-11ed-8136-0242ac120003", "date": "Wed, 14 Dec 2022 14:18:29 GMT"} body=[empty]
2022-12-14T14:18:30.080075Z DEBUG sink{component_kind="sink" component_id=influx component_type=http component_name=influx}:request{request_id=277}:http: vector::internal_events::http_client: Sending HTTP request. uri=http://influx:8086/write?db=loadrunner method=POST version=HTTP/1.1 headers={"content-type": "text/plain", "user-agent": "Vector/0.26.0 (x86_64-unknown-linux-musl c6b5bc2 2022-12-05)", "accept-encoding": "identity"} body=[237953 bytes]
2022-12-14T14:18:30.080217Z DEBUG sink{component_kind="sink" component_id=influx component_type=http component_name=influx}:request{request_id=277}:http: hyper::client::pool: reuse idle connection for ("http", influx:8086)
2022-12-14T14:18:30.084243Z DEBUG hyper::proto::h1::io: flushed 238161 bytes
2022-12-14T14:18:30.104646Z DEBUG hyper::proto::h1::io: parsed 6 headers
2022-12-14T14:18:30.104717Z DEBUG hyper::proto::h1::conn: incoming body is empty
2022-12-14T14:18:30.104794Z DEBUG sink{component_kind="sink" component_id=influx component_type=http component_name=influx}:request{request_id=277}:http: hyper::client::pool: pooling idle connection for ("http", influx:8086)
2022-12-14T14:18:30.104856Z DEBUG sink{component_kind="sink" component_id=influx component_type=http component_name=influx}:request{request_id=277}:http: vector::internal_events::http_client: HTTP response. status=204 No Content version=HTTP/1.1 headers={"content-type": "application/json", "request-id": "2efcc727-7bba-11ed-8137-0242ac120003", "x-influxdb-build": "OSS", "x-influxdb-version": "1.8.10", "x-request-id": "2efcc727-7bba-11ed-8137-0242ac120003", "date": "Wed, 14 Dec 2022 14:18:30 GMT"} body=[empty]
2022-12-14T14:18:31.151447Z DEBUG sink{component_kind="sink" component_id=influx component_type=http component_name=influx}:request{request_id=278}:http: vector::internal_events::http_client: Sending HTTP request. uri=http://influx:8086/write?db=loadrunner method=POST version=HTTP/1.1 headers={"content-type": "text/plain", "user-agent": "Vector/0.26.0 (x86_64-unknown-linux-musl c6b5bc2 2022-12-05)", "accept-encoding": "identity"} body=[238817 bytes]
2022-12-14T14:18:31.151583Z DEBUG sink{component_kind="sink" component_id=influx component_type=http component_name=influx}:request{request_id=278}:http: hyper::client::pool: reuse idle connection for ("http", influx:8086)
2022-12-14T14:18:31.152026Z DEBUG hyper::proto::h1::io: flushed 239025 bytes
2022-12-14T14:18:31.175258Z DEBUG hyper::proto::h1::io: parsed 6 headers
2022-12-14T14:18:31.175318Z DEBUG hyper::proto::h1::conn: incoming body is empty
2022-12-14T14:18:31.175358Z DEBUG sink{component_kind="sink" component_id=influx component_type=http component_name=influx}:request{request_id=278}:http: hyper::client::pool: pooling idle connection for ("http", influx:8086)
2022-12-14T14:18:31.175403Z DEBUG sink{component_kind="sink" component_id=influx component_type=http component_name=influx}:request{request_id=278}:http: vector::internal_events::http_client: HTTP response. status=204 No Content version=HTTP/1.1 headers={"content-type": "application/json", "request-id": "2fa0468e-7bba-11ed-8138-0242ac120003", "x-influxdb-build": "OSS", "x-influxdb-version": "1.8.10", "x-request-id": "2fa0468e-7bba-11ed-8138-0242ac120003", "date": "Wed, 14 Dec 2022 14:18:31 GMT"} body=[empty]
2022-12-14T14:18:31.513540Z DEBUG transform{component_kind="transform" component_id=kafkaFormatted component_type=remap component_name=kafkaFormatted}: vector::utilization: utilization=0.014962332826304778
2022-12-14T14:18:32.166487Z DEBUG sink{component_kind="sink" component_id=influx component_type=http component_name=influx}:request{request_id=279}:http: vector::internal_events::http_client: Sending HTTP request. uri=http://influx:8086/write?db=loadrunner method=POST version=HTTP/1.1 headers={"content-type": "text/plain", "user-agent": "Vector/0.26.0 (x86_64-unknown-linux-musl c6b5bc2 2022-12-05)", "accept-encoding": "identity"} body=[252560 bytes]
2022-12-14T14:18:32.166582Z DEBUG sink{component_kind="sink" component_id=influx component_type=http component_name=influx}:request{request_id=279}:http: hyper::client::pool: reuse idle connection for ("http", influx:8086)
2022-12-14T14:18:32.166772Z DEBUG hyper::proto::h1::io: flushed 252768 bytes
2022-12-14T14:18:32.200575Z DEBUG hyper::proto::h1::io: parsed 6 headers
2022-12-14T14:18:32.200619Z DEBUG hyper::proto::h1::conn: incoming body is empty
2022-12-14T14:18:32.200668Z DEBUG sink{component_kind="sink" component_id=influx component_type=http component_name=influx}:request{request_id=279}:http: hyper::client::pool: pooling idle connection for ("http", influx:8086)
2022-12-14T14:18:32.200702Z DEBUG sink{component_kind="sink" component_id=influx component_type=http component_name=influx}:request{request_id=279}:http: vector::internal_events::http_client: HTTP response. status=204 No Content version=HTTP/1.1 headers={"content-type": "application/json", "request-id": "303b2406-7bba-11ed-8139-0242ac120003", "x-influxdb-build": "OSS", "x-influxdb-version": "1.8.10", "x-request-id": "303b2406-7bba-11ed-8139-0242ac120003", "date": "Wed, 14 Dec 2022 14:18:32 GMT"} body=[empty]
2022-12-14T14:18:33.180152Z DEBUG sink{component_kind="sink" component_id=influx component_type=http component_name=influx}:request{request_id=280}:http: vector::internal_events::http_client: Sending HTTP request. uri=http://influx:8086/write?db=loadrunner method=POST version=HTTP/1.1 headers={"content-type": "text/plain", "user-agent": "Vector/0.26.0 (x86_64-unknown-linux-musl c6b5bc2 2022-12-05)", "accept-encoding": "identity"} body=[252688 bytes]
2022-12-14T14:18:33.180239Z DEBUG sink{component_kind="sink" component_id=influx component_type=http component_name=influx}:request{request_id=280}:http: hyper::client::pool: reuse idle connection for ("http", influx:8086)
2022-12-14T14:18:33.180428Z DEBUG hyper::proto::h1::io: flushed 252896 bytes
2022-12-14T14:18:33.211507Z DEBUG hyper::proto::h1::io: parsed 6 headers
2022-12-14T14:18:33.211566Z DEBUG hyper::proto::h1::conn: incoming body is empty
2022-12-14T14:18:33.211606Z DEBUG sink{component_kind="sink" component_id=influx component_type=http component_name=influx}:request{request_id=280}:http: hyper::client::pool: pooling idle connection for ("http", influx:8086)
2022-12-14T14:18:33.211651Z DEBUG sink{component_kind="sink" component_id=influx component_type=http component_name=influx}:request{request_id=280}:http: vector::internal_events::http_client: HTTP response. status=204 No Content version=HTTP/1.1 headers={"content-type": "application/json", "request-id": "30d5d088-7bba-11ed-813a-0242ac120003", "x-influxdb-build": "OSS", "x-influxdb-version": "1.8.10", "x-request-id": "30d5d088-7bba-11ed-813a-0242ac120003", "date": "Wed, 14 Dec 2022 14:18:33 GMT"} body=[empty]
2022-12-14T14:18:33.898013Z DEBUG sink{component_kind="sink" component_id=influx component_type=http component_name=influx}: vector::utilization: utilization=0.0027662982422608897
2022-12-14T14:18:34.231618Z DEBUG sink{component_kind="sink" component_id=influx component_type=http component_name=influx}:request{request_id=281}:http: vector::internal_events::http_client: Sending HTTP request. uri=http://influx:8086/write?db=loadrunner method=POST version=HTTP/1.1 headers={"content-type": "text/plain", "user-agent": "Vector/0.26.0 (x86_64-unknown-linux-musl c6b5bc2 2022-12-05)", "accept-encoding": "identity"} body=[308928 bytes]
2022-12-14T14:18:34.231762Z DEBUG sink{component_kind="sink" component_id=influx component_type=http component_name=influx}:request{request_id=281}:http: hyper::client::pool: reuse idle connection for ("http", influx:8086)
2022-12-14T14:18:34.232076Z DEBUG hyper::proto::h1::io: flushed 309136 bytes
2022-12-14T14:18:34.255379Z DEBUG hyper::proto::h1::io: parsed 6 headers
2022-12-14T14:18:34.255506Z DEBUG hyper::proto::h1::conn: incoming body is empty
2022-12-14T14:18:34.255594Z DEBUG sink{component_kind="sink" component_id=influx component_type=http component_name=influx}:request{request_id=281}:http: hyper::client::pool: pooling idle connection for ("http", influx:8086)
2022-12-14T14:18:34.255671Z DEBUG sink{component_kind="sink" component_id=influx component_type=http component_name=influx}:request{request_id=281}:http: vector::internal_events::http_client: HTTP response. status=204 No Content version=HTTP/1.1 headers={"content-type": "application/json", "request-id": "3176433b-7bba-11ed-813b-0242ac120003", "x-influxdb-build": "OSS", "x-influxdb-version": "1.8.10", "x-request-id": "3176433b-7bba-11ed-813b-0242ac120003", "date": "Wed, 14 Dec 2022 14:18:34 GMT"} body=[empty]
2022-12-14T14:18:35.300816Z DEBUG sink{component_kind="sink" component_id=influx component_type=http component_name=influx}:request{request_id=282}:http: vector::internal_events::http_client: Sending HTTP request. uri=http://influx:8086/write?db=loadrunner method=POST version=HTTP/1.1 headers={"content-type": "text/plain", "user-agent": "Vector/0.26.0 (x86_64-unknown-linux-musl c6b5bc2 2022-12-05)", "accept-encoding": "identity"} body=[252693 bytes]
2022-12-14T14:18:35.300978Z DEBUG sink{component_kind="sink" component_id=influx component_type=http component_name=influx}:request{request_id=282}:http: hyper::client::pool: reuse idle connection for ("http", influx:8086)
2022-12-14T14:18:35.301283Z DEBUG hyper::proto::h1::io: flushed 252901 bytes
2022-12-14T14:18:35.324298Z DEBUG hyper::proto::h1::io: parsed 6 headers
2022-12-14T14:18:35.324403Z DEBUG hyper::proto::h1::conn: incoming body is empty
2022-12-14T14:18:35.324492Z DEBUG sink{component_kind="sink" component_id=influx component_type=http component_name=influx}:request{request_id=282}:http: hyper::client::pool: pooling idle connection for ("http", influx:8086)
2022-12-14T14:18:35.324582Z DEBUG sink{component_kind="sink" component_id=influx component_type=http component_name=influx}:request{request_id=282}:http: vector::internal_events::http_client: HTTP response. status=204 No Content version=HTTP/1.1 headers={"content-type": "application/json", "request-id": "321968fc-7bba-11ed-813c-0242ac120003", "x-influxdb-build": "OSS", "x-influxdb-version": "1.8.10", "x-request-id": "321968fc-7bba-11ed-813c-0242ac120003", "date": "Wed, 14 Dec 2022 14:18:35 GMT"} body=[empty]
2022-12-14T14:18:36.391042Z DEBUG sink{component_kind="sink" component_id=influx component_type=http component_name=influx}:request{request_id=283}:http: vector::internal_events::http_client: Sending HTTP request. uri=http://influx:8086/write?db=loadrunner method=POST version=HTTP/1.1 headers={"content-type": "text/plain", "user-agent": "Vector/0.26.0 (x86_64-unknown-linux-musl c6b5bc2 2022-12-05)", "accept-encoding": "identity"} body=[252389 bytes]
2022-12-14T14:18:36.391151Z DEBUG sink{component_kind="sink" component_id=influx component_type=http component_name=influx}:request{request_id=283}:http: hyper::client::pool: reuse idle connection for ("http", influx:8086)
2022-12-14T14:18:36.391771Z DEBUG hyper::proto::h1::io: flushed 252597 bytes
2022-12-14T14:18:36.417559Z DEBUG hyper::proto::h1::io: parsed 6 headers
2022-12-14T14:18:36.417601Z DEBUG hyper::proto::h1::conn: incoming body is empty
2022-12-14T14:18:36.417648Z DEBUG sink{component_kind="sink" component_id=influx component_type=http component_name=influx}:request{request_id=283}:http: hyper::client::pool: pooling idle connection for ("http", influx:8086)
2022-12-14T14:18:36.417691Z DEBUG sink{component_kind="sink" component_id=influx component_type=http component_name=influx}:request{request_id=283}:http: vector::internal_events::http_client: HTTP response. status=204 No Content version=HTTP/1.1 headers={"content-type": "application/json", "request-id": "32bfbf80-7bba-11ed-813d-0242ac120003", "x-influxdb-build": "OSS", "x-influxdb-version": "1.8.10", "x-request-id": "32bfbf80-7bba-11ed-813d-0242ac120003", "date": "Wed, 14 Dec 2022 14:18:36 GMT"} body=[empty]
2022-12-14T14:18:36.515045Z DEBUG transform{component_kind="transform" component_id=kafkaFormatted component_type=remap component_name=kafkaFormatted}: vector::utilization: utilization=0.01543263511213362
2022-12-14T14:18:37.414090Z DEBUG sink{component_kind="sink" component_id=influx component_type=http component_name=influx}:request{request_id=284}:http: vector::internal_events::http_client: Sending HTTP request. uri=http://influx:8086/write?db=loadrunner method=POST version=HTTP/1.1 headers={"content-type": "text/plain", "user-agent": "Vector/0.26.0 (x86_64-unknown-linux-musl c6b5bc2 2022-12-05)", "accept-encoding": "identity"} body=[280471 bytes]
2022-12-14T14:18:37.414249Z DEBUG sink{component_kind="sink" component_id=influx component_type=http component_name=influx}:request{request_id=284}:http: hyper::client::pool: reuse idle connection for ("http", influx:8086)
2022-12-14T14:18:37.414488Z DEBUG hyper::proto::h1::io: flushed 280679 bytes
2022-12-14T14:18:37.580012Z DEBUG hyper::proto::h1::io: parsed 6 headers
2022-12-14T14:18:37.580078Z DEBUG hyper::proto::h1::conn: incoming body is empty
2022-12-14T14:18:37.580121Z DEBUG sink{component_kind="sink" component_id=influx component_type=http component_name=influx}:request{request_id=284}:http: hyper::client::pool: pooling idle connection for ("http", influx:8086)
2022-12-14T14:18:37.580167Z DEBUG sink{component_kind="sink" component_id=influx component_type=http component_name=influx}:request{request_id=284}:http: vector::internal_events::http_client: HTTP response. status=204 No Content version=HTTP/1.1 headers={"content-type": "application/json", "request-id": "335ccd60-7bba-11ed-813f-0242ac120003", "x-influxdb-build": "OSS", "x-influxdb-version": "1.8.10", "x-request-id": "335ccd60-7bba-11ed-813f-0242ac120003", "date": "Wed, 14 Dec 2022 14:18:37 GMT"} body=[empty]
2022-12-14T14:18:38.735345Z DEBUG sink{component_kind="sink" component_id=influx component_type=http component_name=influx}:request{request_id=285}:http: vector::internal_events::http_client: Sending HTTP request. uri=http://influx:8086/write?db=loadrunner method=POST version=HTTP/1.1 headers={"content-type": "text/plain", "user-agent": "Vector/0.26.0 (x86_64-unknown-linux-musl c6b5bc2 2022-12-05)", "accept-encoding": "identity"} body=[182384 bytes]
2022-12-14T14:18:38.735387Z DEBUG sink{component_kind="sink" component_id=influx component_type=http component_name=influx}:request{request_id=285}:http: hyper::client::pool: reuse idle connection for ("http", influx:8086)
2022-12-14T14:18:38.735906Z DEBUG hyper::proto::h1::io: flushed 182592 bytes
2022-12-14T14:18:38.747515Z DEBUG hyper::proto::h1::io: parsed 6 headers
2022-12-14T14:18:38.747530Z DEBUG hyper::proto::h1::conn: incoming body is empty
2022-12-14T14:18:38.747552Z DEBUG sink{component_kind="sink" component_id=influx component_type=http component_name=influx}:request{request_id=285}:http: hyper::client::pool: pooling idle connection for ("http", influx:8086)
2022-12-14T14:18:38.747581Z DEBUG sink{component_kind="sink" component_id=influx component_type=http component_name=influx}:request{request_id=285}:http: vector::internal_events::http_client: HTTP response. status=204 No Content version=HTTP/1.1 headers={"content-type": "application/json", "request-id": "342572a2-7bba-11ed-8140-0242ac120003", "x-influxdb-build": "OSS", "x-influxdb-version": "1.8.10", "x-request-id": "342572a2-7bba-11ed-8140-0242ac120003", "date": "Wed, 14 Dec 2022 14:18:38 GMT"} body=[empty]
2022-12-14T14:18:38.897737Z DEBUG sink{component_kind="sink" component_id=influx component_type=http component_name=influx}: vector::utilization: utilization=0.002319117033980718
2022-12-14T14:18:39.786422Z DEBUG sink{component_kind="sink" component_id=influx component_type=http component_name=influx}:request{request_id=286}:http: vector::internal_events::http_client: Sending HTTP request. uri=http://influx:8086/write?db=loadrunner method=POST version=HTTP/1.1 headers={"content-type": "text/plain", "user-agent": "Vector/0.26.0 (x86_64-unknown-linux-musl c6b5bc2 2022-12-05)", "accept-encoding": "identity"} body=[336540 bytes]
2022-12-14T14:18:39.786461Z DEBUG sink{component_kind="sink" component_id=influx component_type=http component_name=influx}:request{request_id=286}:http: hyper::client::pool: reuse idle connection for ("http", influx:8086)
2022-12-14T14:18:39.786703Z DEBUG hyper::proto::h1::io: flushed 336748 bytes
2022-12-14T14:18:39.820025Z DEBUG hyper::proto::h1::io: parsed 6 headers
2022-12-14T14:18:39.820043Z DEBUG hyper::proto::h1::conn: incoming body is empty
2022-12-14T14:18:39.820069Z DEBUG sink{component_kind="sink" component_id=influx component_type=http component_name=influx}:request{request_id=286}:http: hyper::client::pool: pooling idle connection for ("http", influx:8086)
2022-12-14T14:18:39.820089Z DEBUG sink{component_kind="sink" component_id=influx component_type=http component_name=influx}:request{request_id=286}:http: vector::internal_events::http_client: HTTP response. status=204 No Content version=HTTP/1.1 headers={"content-type": "application/json", "request-id": "34c5d76e-7bba-11ed-8141-0242ac120003", "x-influxdb-build": "OSS", "x-influxdb-version": "1.8.10", "x-request-id": "34c5d76e-7bba-11ed-8141-0242ac120003", "date": "Wed, 14 Dec 2022 14:18:39 GMT"} body=[empty]
2022-12-14T14:18:40.802947Z DEBUG sink{component_kind="sink" component_id=influx component_type=http component_name=influx}:request{request_id=287}:http: vector::internal_events::http_client: Sending HTTP request. uri=http://influx:8086/write?db=loadrunner method=POST version=HTTP/1.1 headers={"content-type": "text/plain", "user-agent": "Vector/0.26.0 (x86_64-unknown-linux-musl c6b5bc2 2022-12-05)", "accept-encoding": "identity"} body=[294368 bytes]
2022-12-14T14:18:40.803036Z DEBUG sink{component_kind="sink" component_id=influx component_type=http component_name=influx}:request{request_id=287}:http: hyper::client::pool: reuse idle connection for ("http", influx:8086)
2022-12-14T14:18:40.803252Z DEBUG hyper::proto::h1::io: flushed 294576 bytes
2022-12-14T14:18:40.821039Z DEBUG hyper::proto::h1::io: parsed 6 headers
2022-12-14T14:18:40.821055Z DEBUG hyper::proto::h1::conn: incoming body is empty
2022-12-14T14:18:40.821077Z DEBUG sink{component_kind="sink" component_id=influx component_type=http component_name=influx}:request{request_id=287}:http: hyper::client::pool: pooling idle connection for ("http", influx:8086)
2022-12-14T14:18:40.821157Z DEBUG sink{component_kind="sink" component_id=influx component_type=http component_name=influx}:request{request_id=287}:http: vector::internal_events::http_client: HTTP response. status=204 No Content version=HTTP/1.1 headers={"content-type": "application/json", "request-id": "3560f727-7bba-11ed-8142-0242ac120003", "x-influxdb-build": "OSS", "x-influxdb-version": "1.8.10", "x-request-id": "3560f727-7bba-11ed-8142-0242ac120003", "date": "Wed, 14 Dec 2022 14:18:40 GMT"} body=[empty]
2022-12-14T14:18:41.844975Z DEBUG sink{component_kind="sink" component_id=influx component_type=http component_name=influx}:request{request_id=288}:http: vector::internal_events::http_client: Sending HTTP request. uri=http://influx:8086/write?db=loadrunner method=POST version=HTTP/1.1 headers={"content-type": "text/plain", "user-agent": "Vector/0.26.0 (x86_64-unknown-linux-musl c6b5bc2 2022-12-05)", "accept-encoding": "identity"} body=[27083 bytes]
2022-12-14T14:18:41.845012Z DEBUG sink{component_kind="sink" component_id=influx component_type=http component_name=influx}:request{request_id=288}:http: hyper::client::pool: reuse idle connection for ("http", influx:8086)
2022-12-14T14:18:41.845096Z DEBUG hyper::proto::h1::io: flushed 27290 bytes
2022-12-14T14:18:41.847752Z DEBUG hyper::proto::h1::io: parsed 6 headers
2022-12-14T14:18:41.847762Z DEBUG hyper::proto::h1::conn: incoming body is empty
2022-12-14T14:18:41.847783Z DEBUG sink{component_kind="sink" component_id=influx component_type=http component_name=influx}:request{request_id=288}:http: hyper::client::pool: pooling idle connection for ("http", influx:8086)
2022-12-14T14:18:41.847799Z DEBUG sink{component_kind="sink" component_id=influx component_type=http component_name=influx}:request{request_id=288}:http: vector::internal_events::http_client: HTTP response. status=204 No Content version=HTTP/1.1 headers={"content-type": "application/json", "request-id": "35ffee3e-7bba-11ed-8143-0242ac120003", "x-influxdb-build": "OSS", "x-influxdb-version": "1.8.10", "x-request-id": "35ffee3e-7bba-11ed-8143-0242ac120003", "date": "Wed, 14 Dec 2022 14:18:41 GMT"} body=[empty]
2022-12-14T14:18:43.897618Z DEBUG sink{component_kind="sink" component_id=influx component_type=http component_name=influx}: vector::utilization: utilization=0.0014636473005674195
2022-12-14T14:18:48.897547Z DEBUG sink{component_kind="sink" component_id=influx component_type=http component_name=influx}: vector::utilization: utilization=0.00014638273031262772
2022-12-14T14:18:53.897541Z DEBUG sink{component_kind="sink" component_id=influx component_type=http component_name=influx}: vector::utilization: utilization=0.00001465627305113739
