[2022-12-13 21:28:09,137] INFO [GroupMetadataManager brokerId=0] Scheduling loading of offsets and group metadata from __consumer_offsets-8 for epoch 0 (kafka.coordinator.group.GroupMetadataManager)
[2022-12-13 21:28:09,140] INFO [GroupCoordinator 0]: Elected as the group coordinator for partition 45 in epoch 0 (kafka.coordinator.group.GroupCoordinator)
[2022-12-13 21:28:09,140] INFO [GroupMetadataManager brokerId=0] Scheduling loading of offsets and group metadata from __consumer_offsets-45 for epoch 0 (kafka.coordinator.group.GroupMetadataManager)
[2022-12-13 21:28:09,140] INFO [GroupCoordinator 0]: Elected as the group coordinator for partition 15 in epoch 0 (kafka.coordinator.group.GroupCoordinator)
[2022-12-13 21:28:09,140] INFO [GroupMetadataManager brokerId=0] Scheduling loading of offsets and group metadata from __consumer_offsets-15 for epoch 0 (kafka.coordinator.group.GroupMetadataManager)
[2022-12-13 21:28:09,140] INFO [GroupCoordinator 0]: Elected as the group coordinator for partition 30 in epoch 0 (kafka.coordinator.group.GroupCoordinator)
[2022-12-13 21:28:09,140] INFO [GroupMetadataManager brokerId=0] Scheduling loading of offsets and group metadata from __consumer_offsets-30 for epoch 0 (kafka.coordinator.group.GroupMetadataManager)
[2022-12-13 21:28:09,141] INFO [GroupCoordinator 0]: Elected as the group coordinator for partition 0 in epoch 0 (kafka.coordinator.group.GroupCoordinator)
[2022-12-13 21:28:09,141] INFO [GroupMetadataManager brokerId=0] Scheduling loading of offsets and group metadata from __consumer_offsets-0 for epoch 0 (kafka.coordinator.group.GroupMetadataManager)
[2022-12-13 21:28:09,141] INFO [GroupCoordinator 0]: Elected as the group coordinator for partition 35 in epoch 0 (kafka.coordinator.group.GroupCoordinator)
[2022-12-13 21:28:09,141] INFO [GroupMetadataManager brokerId=0] Scheduling loading of offsets and group metadata from __consumer_offsets-35 for epoch 0 (kafka.coordinator.group.GroupMetadataManager)
[2022-12-13 21:28:09,141] INFO [GroupCoordinator 0]: Elected as the group coordinator for partition 5 in epoch 0 (kafka.coordinator.group.GroupCoordinator)
[2022-12-13 21:28:09,141] INFO [GroupMetadataManager brokerId=0] Scheduling loading of offsets and group metadata from __consumer_offsets-5 for epoch 0 (kafka.coordinator.group.GroupMetadataManager)
[2022-12-13 21:28:09,141] INFO [GroupCoordinator 0]: Elected as the group coordinator for partition 20 in epoch 0 (kafka.coordinator.group.GroupCoordinator)
[2022-12-13 21:28:09,141] INFO [GroupMetadataManager brokerId=0] Scheduling loading of offsets and group metadata from __consumer_offsets-20 for epoch 0 (kafka.coordinator.group.GroupMetadataManager)
[2022-12-13 21:28:09,141] INFO [GroupCoordinator 0]: Elected as the group coordinator for partition 27 in epoch 0 (kafka.coordinator.group.GroupCoordinator)
[2022-12-13 21:28:09,141] INFO [GroupMetadataManager brokerId=0] Scheduling loading of offsets and group metadata from __consumer_offsets-27 for epoch 0 (kafka.coordinator.group.GroupMetadataManager)
[2022-12-13 21:28:09,141] INFO [GroupCoordinator 0]: Elected as the group coordinator for partition 42 in epoch 0 (kafka.coordinator.group.GroupCoordinator)
[2022-12-13 21:28:09,141] INFO [GroupMetadataManager brokerId=0] Scheduling loading of offsets and group metadata from __consumer_offsets-42 for epoch 0 (kafka.coordinator.group.GroupMetadataManager)
[2022-12-13 21:28:09,141] INFO [GroupCoordinator 0]: Elected as the group coordinator for partition 12 in epoch 0 (kafka.coordinator.group.GroupCoordinator)
[2022-12-13 21:28:09,142] INFO [GroupMetadataManager brokerId=0] Scheduling loading of offsets and group metadata from __consumer_offsets-12 for epoch 0 (kafka.coordinator.group.GroupMetadataManager)
[2022-12-13 21:28:09,142] INFO [GroupCoordinator 0]: Elected as the group coordinator for partition 21 in epoch 0 (kafka.coordinator.group.GroupCoordinator)
[2022-12-13 21:28:09,142] INFO [GroupMetadataManager brokerId=0] Scheduling loading of offsets and group metadata from __consumer_offsets-21 for epoch 0 (kafka.coordinator.group.GroupMetadataManager)
[2022-12-13 21:28:09,142] INFO [GroupCoordinator 0]: Elected as the group coordinator for partition 36 in epoch 0 (kafka.coordinator.group.GroupCoordinator)
[2022-12-13 21:28:09,142] INFO [GroupMetadataManager brokerId=0] Scheduling loading of offsets and group metadata from __consumer_offsets-36 for epoch 0 (kafka.coordinator.group.GroupMetadataManager)
[2022-12-13 21:28:09,142] INFO [GroupCoordinator 0]: Elected as the group coordinator for partition 6 in epoch 0 (kafka.coordinator.group.GroupCoordinator)
[2022-12-13 21:28:09,142] INFO [GroupMetadataManager brokerId=0] Scheduling loading of offsets and group metadata from __consumer_offsets-6 for epoch 0 (kafka.coordinator.group.GroupMetadataManager)
[2022-12-13 21:28:09,142] INFO [GroupCoordinator 0]: Elected as the group coordinator for partition 43 in epoch 0 (kafka.coordinator.group.GroupCoordinator)
[2022-12-13 21:28:09,142] INFO [GroupMetadataManager brokerId=0] Scheduling loading of offsets and group metadata from __consumer_offsets-43 for epoch 0 (kafka.coordinator.group.GroupMetadataManager)
[2022-12-13 21:28:09,142] INFO [GroupCoordinator 0]: Elected as the group coordinator for partition 13 in epoch 0 (kafka.coordinator.group.GroupCoordinator)
[2022-12-13 21:28:09,142] INFO [GroupMetadataManager brokerId=0] Scheduling loading of offsets and group metadata from __consumer_offsets-13 for epoch 0 (kafka.coordinator.group.GroupMetadataManager)
[2022-12-13 21:28:09,142] INFO [GroupCoordinator 0]: Elected as the group coordinator for partition 28 in epoch 0 (kafka.coordinator.group.GroupCoordinator)
[2022-12-13 21:28:09,142] INFO [GroupMetadataManager brokerId=0] Scheduling loading of offsets and group metadata from __consumer_offsets-28 for epoch 0 (kafka.coordinator.group.GroupMetadataManager)
[2022-12-13 21:28:09,150] INFO [GroupMetadataManager brokerId=0] Finished loading offsets and group metadata from __consumer_offsets-3 in 22 milliseconds for epoch 0, of which 14 milliseconds was spent in the scheduler. (kafka.coordinator.group.GroupMetadataManager)
[2022-12-13 21:28:09,173] INFO [GroupMetadataManager brokerId=0] Finished loading offsets and group metadata from __consumer_offsets-18 in 41 milliseconds for epoch 0, of which 41 milliseconds was spent in the scheduler. (kafka.coordinator.group.GroupMetadataManager)
[2022-12-13 21:28:09,173] INFO [GroupMetadataManager brokerId=0] Finished loading offsets and group metadata from __consumer_offsets-41 in 41 milliseconds for epoch 0, of which 41 milliseconds was spent in the scheduler. (kafka.coordinator.group.GroupMetadataManager)
[2022-12-13 21:28:09,173] INFO [GroupMetadataManager brokerId=0] Finished loading offsets and group metadata from __consumer_offsets-10 in 40 milliseconds for epoch 0, of which 40 milliseconds was spent in the scheduler. (kafka.coordinator.group.GroupMetadataManager)
[2022-12-13 21:28:09,174] INFO [GroupMetadataManager brokerId=0] Finished loading offsets and group metadata from __consumer_offsets-33 in 41 milliseconds for epoch 0, of which 41 milliseconds was spent in the scheduler. (kafka.coordinator.group.GroupMetadataManager)
[2022-12-13 21:28:09,174] INFO [GroupMetadataManager brokerId=0] Finished loading offsets and group metadata from __consumer_offsets-48 in 41 milliseconds for epoch 0, of which 41 milliseconds was spent in the scheduler. (kafka.coordinator.group.GroupMetadataManager)
[2022-12-13 21:28:09,174] INFO [GroupMetadataManager brokerId=0] Finished loading offsets and group metadata from __consumer_offsets-19 in 41 milliseconds for epoch 0, of which 41 milliseconds was spent in the scheduler. (kafka.coordinator.group.GroupMetadataManager)
[2022-12-13 21:28:09,174] INFO [GroupMetadataManager brokerId=0] Finished loading offsets and group metadata from __consumer_offsets-34 in 41 milliseconds for epoch 0, of which 41 milliseconds was spent in the scheduler. (kafka.coordinator.group.GroupMetadataManager)
[2022-12-13 21:28:09,174] INFO [GroupMetadataManager brokerId=0] Finished loading offsets and group metadata from __consumer_offsets-4 in 41 milliseconds for epoch 0, of which 41 milliseconds was spent in the scheduler. (kafka.coordinator.group.GroupMetadataManager)
[2022-12-13 21:28:09,175] INFO [GroupMetadataManager brokerId=0] Finished loading offsets and group metadata from __consumer_offsets-11 in 42 milliseconds for epoch 0, of which 41 milliseconds was spent in the scheduler. (kafka.coordinator.group.GroupMetadataManager)
[2022-12-13 21:28:09,175] INFO [GroupMetadataManager brokerId=0] Finished loading offsets and group metadata from __consumer_offsets-26 in 41 milliseconds for epoch 0, of which 41 milliseconds was spent in the scheduler. (kafka.coordinator.group.GroupMetadataManager)
[2022-12-13 21:28:09,175] INFO [GroupMetadataManager brokerId=0] Finished loading offsets and group metadata from __consumer_offsets-49 in 41 milliseconds for epoch 0, of which 41 milliseconds was spent in the scheduler. (kafka.coordinator.group.GroupMetadataManager)
[2022-12-13 21:28:09,175] INFO [GroupMetadataManager brokerId=0] Finished loading offsets and group metadata from __consumer_offsets-39 in 41 milliseconds for epoch 0, of which 41 milliseconds was spent in the scheduler. (kafka.coordinator.group.GroupMetadataManager)
[2022-12-13 21:28:09,175] INFO [GroupMetadataManager brokerId=0] Finished loading offsets and group metadata from __consumer_offsets-9 in 41 milliseconds for epoch 0, of which 41 milliseconds was spent in the scheduler. (kafka.coordinator.group.GroupMetadataManager)
[2022-12-13 21:28:09,175] INFO [GroupMetadataManager brokerId=0] Finished loading offsets and group metadata from __consumer_offsets-24 in 41 milliseconds for epoch 0, of which 41 milliseconds was spent in the scheduler. (kafka.coordinator.group.GroupMetadataManager)
[2022-12-13 21:28:09,176] INFO [GroupMetadataManager brokerId=0] Finished loading offsets and group metadata from __consumer_offsets-31 in 42 milliseconds for epoch 0, of which 42 milliseconds was spent in the scheduler. (kafka.coordinator.group.GroupMetadataManager)
[2022-12-13 21:28:09,176] INFO [GroupMetadataManager brokerId=0] Finished loading offsets and group metadata from __consumer_offsets-46 in 42 milliseconds for epoch 0, of which 42 milliseconds was spent in the scheduler. (kafka.coordinator.group.GroupMetadataManager)
[2022-12-13 21:28:09,180] INFO [GroupMetadataManager brokerId=0] Finished loading offsets and group metadata from __consumer_offsets-1 in 45 milliseconds for epoch 0, of which 45 milliseconds was spent in the scheduler. (kafka.coordinator.group.GroupMetadataManager)
[2022-12-13 21:28:09,180] INFO [GroupMetadataManager brokerId=0] Finished loading offsets and group metadata from __consumer_offsets-16 in 45 milliseconds for epoch 0, of which 45 milliseconds was spent in the scheduler. (kafka.coordinator.group.GroupMetadataManager)
[2022-12-13 21:28:09,187] INFO [ReplicaFetcherManager on broker 0] Removed fetcher for partitions Set(loadrunner-0, loadrunner-2, loadrunner-1) (kafka.server.ReplicaFetcherManager)
[2022-12-13 21:28:09,193] INFO [GroupMetadataManager brokerId=0] Finished loading offsets and group metadata from __consumer_offsets-2 in 58 milliseconds for epoch 0, of which 52 milliseconds was spent in the scheduler. (kafka.coordinator.group.GroupMetadataManager)
[2022-12-13 21:28:09,196] INFO [GroupMetadataManager brokerId=0] Finished loading offsets and group metadata from __consumer_offsets-25 in 61 milliseconds for epoch 0, of which 61 milliseconds was spent in the scheduler. (kafka.coordinator.group.GroupMetadataManager)
[2022-12-13 21:28:09,196] INFO [GroupMetadataManager brokerId=0] Finished loading offsets and group metadata from __consumer_offsets-40 in 61 milliseconds for epoch 0, of which 61 milliseconds was spent in the scheduler. (kafka.coordinator.group.GroupMetadataManager)
[2022-12-13 21:28:09,197] INFO [GroupMetadataManager brokerId=0] Finished loading offsets and group metadata from __consumer_offsets-47 in 62 milliseconds for epoch 0, of which 62 milliseconds was spent in the scheduler. (kafka.coordinator.group.GroupMetadataManager)
[2022-12-13 21:28:09,197] INFO [GroupMetadataManager brokerId=0] Finished loading offsets and group metadata from __consumer_offsets-17 in 62 milliseconds for epoch 0, of which 62 milliseconds was spent in the scheduler. (kafka.coordinator.group.GroupMetadataManager)
[2022-12-13 21:28:09,197] INFO [GroupMetadataManager brokerId=0] Finished loading offsets and group metadata from __consumer_offsets-32 in 61 milliseconds for epoch 0, of which 61 milliseconds was spent in the scheduler. (kafka.coordinator.group.GroupMetadataManager)
[2022-12-13 21:28:09,197] INFO [GroupMetadataManager brokerId=0] Finished loading offsets and group metadata from __consumer_offsets-37 in 61 milliseconds for epoch 0, of which 61 milliseconds was spent in the scheduler. (kafka.coordinator.group.GroupMetadataManager)
[2022-12-13 21:28:09,197] INFO [GroupMetadataManager brokerId=0] Finished loading offsets and group metadata from __consumer_offsets-7 in 61 milliseconds for epoch 0, of which 61 milliseconds was spent in the scheduler. (kafka.coordinator.group.GroupMetadataManager)
[2022-12-13 21:28:09,198] INFO [GroupMetadataManager brokerId=0] Finished loading offsets and group metadata from __consumer_offsets-22 in 62 milliseconds for epoch 0, of which 62 milliseconds was spent in the scheduler. (kafka.coordinator.group.GroupMetadataManager)
[2022-12-13 21:28:09,198] INFO [GroupMetadataManager brokerId=0] Finished loading offsets and group metadata from __consumer_offsets-29 in 62 milliseconds for epoch 0, of which 62 milliseconds was spent in the scheduler. (kafka.coordinator.group.GroupMetadataManager)
[2022-12-13 21:28:09,198] INFO [GroupMetadataManager brokerId=0] Finished loading offsets and group metadata from __consumer_offsets-44 in 62 milliseconds for epoch 0, of which 62 milliseconds was spent in the scheduler. (kafka.coordinator.group.GroupMetadataManager)
[2022-12-13 21:28:09,198] INFO [GroupMetadataManager brokerId=0] Finished loading offsets and group metadata from __consumer_offsets-14 in 62 milliseconds for epoch 0, of which 62 milliseconds was spent in the scheduler. (kafka.coordinator.group.GroupMetadataManager)
[2022-12-13 21:28:09,198] INFO [GroupMetadataManager brokerId=0] Finished loading offsets and group metadata from __consumer_offsets-23 in 61 milliseconds for epoch 0, of which 61 milliseconds was spent in the scheduler. (kafka.coordinator.group.GroupMetadataManager)
[2022-12-13 21:28:09,199] INFO [GroupMetadataManager brokerId=0] Finished loading offsets and group metadata from __consumer_offsets-38 in 62 milliseconds for epoch 0, of which 61 milliseconds was spent in the scheduler. (kafka.coordinator.group.GroupMetadataManager)
[2022-12-13 21:28:09,199] INFO [GroupMetadataManager brokerId=0] Finished loading offsets and group metadata from __consumer_offsets-8 in 62 milliseconds for epoch 0, of which 62 milliseconds was spent in the scheduler. (kafka.coordinator.group.GroupMetadataManager)
[2022-12-13 21:28:09,199] INFO [LogLoader partition=loadrunner-0, dir=/tmp/kafka-logs] Loading producer state till offset 0 with message format version 2 (kafka.log.UnifiedLog$)
[2022-12-13 21:28:09,205] INFO Created log for partition loadrunner-0 in /tmp/kafka-logs/loadrunner-0 with properties {} (kafka.log.LogManager)
[2022-12-13 21:28:09,205] INFO [GroupMetadataManager brokerId=0] Finished loading offsets and group metadata from __consumer_offsets-45 in 65 milliseconds for epoch 0, of which 64 milliseconds was spent in the scheduler. (kafka.coordinator.group.GroupMetadataManager)
[2022-12-13 21:28:09,206] INFO [GroupMetadataManager brokerId=0] Finished loading offsets and group metadata from __consumer_offsets-15 in 66 milliseconds for epoch 0, of which 65 milliseconds was spent in the scheduler. (kafka.coordinator.group.GroupMetadataManager)
[2022-12-13 21:28:09,206] INFO [GroupMetadataManager brokerId=0] Finished loading offsets and group metadata from __consumer_offsets-30 in 65 milliseconds for epoch 0, of which 65 milliseconds was spent in the scheduler. (kafka.coordinator.group.GroupMetadataManager)
[2022-12-13 21:28:09,206] INFO [GroupMetadataManager brokerId=0] Finished loading offsets and group metadata from __consumer_offsets-0 in 65 milliseconds for epoch 0, of which 65 milliseconds was spent in the scheduler. (kafka.coordinator.group.GroupMetadataManager)
[2022-12-13 21:28:09,206] INFO [GroupMetadataManager brokerId=0] Finished loading offsets and group metadata from __consumer_offsets-35 in 65 milliseconds for epoch 0, of which 65 milliseconds was spent in the scheduler. (kafka.coordinator.group.GroupMetadataManager)
[2022-12-13 21:28:09,206] INFO [GroupMetadataManager brokerId=0] Finished loading offsets and group metadata from __consumer_offsets-5 in 65 milliseconds for epoch 0, of which 65 milliseconds was spent in the scheduler. (kafka.coordinator.group.GroupMetadataManager)
[2022-12-13 21:28:09,208] INFO [GroupMetadataManager brokerId=0] Finished loading offsets and group metadata from __consumer_offsets-20 in 67 milliseconds for epoch 0, of which 66 milliseconds was spent in the scheduler. (kafka.coordinator.group.GroupMetadataManager)
[2022-12-13 21:28:09,207] INFO [Partition loadrunner-0 broker=0] No checkpointed highwatermark is found for partition loadrunner-0 (kafka.cluster.Partition)
[2022-12-13 21:28:09,215] INFO [Partition loadrunner-0 broker=0] Log loaded for partition loadrunner-0 with initial high watermark 0 (kafka.cluster.Partition)
[2022-12-13 21:28:09,216] INFO [GroupMetadataManager brokerId=0] Finished loading offsets and group metadata from __consumer_offsets-27 in 75 milliseconds for epoch 0, of which 75 milliseconds was spent in the scheduler. (kafka.coordinator.group.GroupMetadataManager)
[2022-12-13 21:28:09,219] INFO [GroupMetadataManager brokerId=0] Finished loading offsets and group metadata from __consumer_offsets-42 in 78 milliseconds for epoch 0, of which 78 milliseconds was spent in the scheduler. (kafka.coordinator.group.GroupMetadataManager)
[2022-12-13 21:28:09,225] INFO [LogLoader partition=loadrunner-2, dir=/tmp/kafka-logs] Loading producer state till offset 0 with message format version 2 (kafka.log.UnifiedLog$)
[2022-12-13 21:28:09,226] INFO Created log for partition loadrunner-2 in /tmp/kafka-logs/loadrunner-2 with properties {} (kafka.log.LogManager)
[2022-12-13 21:28:09,226] INFO [Partition loadrunner-2 broker=0] No checkpointed highwatermark is found for partition loadrunner-2 (kafka.cluster.Partition)
[2022-12-13 21:28:09,226] INFO [Partition loadrunner-2 broker=0] Log loaded for partition loadrunner-2 with initial high watermark 0 (kafka.cluster.Partition)
[2022-12-13 21:28:09,227] INFO [GroupMetadataManager brokerId=0] Finished loading offsets and group metadata from __consumer_offsets-12 in 85 milliseconds for epoch 0, of which 77 milliseconds was spent in the scheduler. (kafka.coordinator.group.GroupMetadataManager)
[2022-12-13 21:28:09,228] INFO [GroupMetadataManager brokerId=0] Finished loading offsets and group metadata from __consumer_offsets-21 in 86 milliseconds for epoch 0, of which 85 milliseconds was spent in the scheduler. (kafka.coordinator.group.GroupMetadataManager)
[2022-12-13 21:28:09,231] INFO [GroupMetadataManager brokerId=0] Finished loading offsets and group metadata from __consumer_offsets-36 in 89 milliseconds for epoch 0, of which 89 milliseconds was spent in the scheduler. (kafka.coordinator.group.GroupMetadataManager)
[2022-12-13 21:28:09,236] INFO [GroupMetadataManager brokerId=0] Finished loading offsets and group metadata from __consumer_offsets-6 in 94 milliseconds for epoch 0, of which 94 milliseconds was spent in the scheduler. (kafka.coordinator.group.GroupMetadataManager)
[2022-12-13 21:28:09,238] INFO [LogLoader partition=loadrunner-1, dir=/tmp/kafka-logs] Loading producer state till offset 0 with message format version 2 (kafka.log.UnifiedLog$)
[2022-12-13 21:28:09,238] INFO [GroupMetadataManager brokerId=0] Finished loading offsets and group metadata from __consumer_offsets-43 in 96 milliseconds for epoch 0, of which 96 milliseconds was spent in the scheduler. (kafka.coordinator.group.GroupMetadataManager)
[2022-12-13 21:28:09,240] INFO Created log for partition loadrunner-1 in /tmp/kafka-logs/loadrunner-1 with properties {} (kafka.log.LogManager)
[2022-12-13 21:28:09,240] INFO [GroupMetadataManager brokerId=0] Finished loading offsets and group metadata from __consumer_offsets-13 in 98 milliseconds for epoch 0, of which 98 milliseconds was spent in the scheduler. (kafka.coordinator.group.GroupMetadataManager)
[2022-12-13 21:28:09,240] INFO [GroupMetadataManager brokerId=0] Finished loading offsets and group metadata from __consumer_offsets-28 in 98 milliseconds for epoch 0, of which 98 milliseconds was spent in the scheduler. (kafka.coordinator.group.GroupMetadataManager)
[2022-12-13 21:28:09,246] INFO [Partition loadrunner-1 broker=0] No checkpointed highwatermark is found for partition loadrunner-1 (kafka.cluster.Partition)
[2022-12-13 21:28:09,247] INFO [Partition loadrunner-1 broker=0] Log loaded for partition loadrunner-1 with initial high watermark 0 (kafka.cluster.Partition)
[2022-12-13 21:28:09,403] INFO [GroupCoordinator 0]: Dynamic member with unknown member id joins group vector2influx in Empty state. Created a new member id vector-545b1399-44c5-4d9e-a67d-013aac03235c and request the member to rejoin with this id. (kafka.coordinator.group.GroupCoordinator)
[2022-12-13 21:28:09,445] INFO [GroupCoordinator 0]: Preparing to rebalance group vector2influx in state PreparingRebalance with old generation 0 (__consumer_offsets-13) (reason: Adding new member vector-545b1399-44c5-4d9e-a67d-013aac03235c with group instance id None) (kafka.coordinator.group.GroupCoordinator)
[2022-12-13 21:28:09,467] INFO [GroupCoordinator 0]: Stabilized group vector2influx generation 1 (__consumer_offsets-13) with 1 members (kafka.coordinator.group.GroupCoordinator)
[2022-12-13 21:28:09,505] INFO [GroupCoordinator 0]: Assignment received from leader vector-545b1399-44c5-4d9e-a67d-013aac03235c for group vector2influx for generation 1. The group has 1 members, 0 of which are static. (kafka.coordinator.group.GroupCoordinator)
