2022-12-13T21:33:22.088632Z DEBUG sink{component_kind="sink" component_id=influx component_type=http component_name=influx}:request{request_id=275}:http: vector::internal_events::http_client: HTTP response. status=204 No Content version=HTTP/1.1 headers={"content-type": "application/json", "request-id": "c49b606e-7b2d-11ed-8134-0242ac120003", "x-influxdb-build": "OSS", "x-influxdb-version": "1.8.10", "x-request-id": "c49b606e-7b2d-11ed-8134-0242ac120003", "date": "Tue, 13 Dec 2022 21:33:22 GMT"} body=[empty]
2022-12-13T21:33:23.086093Z DEBUG sink{component_kind="sink" component_id=influx component_type=http component_name=influx}:request{request_id=276}:http: vector::internal_events::http_client: Sending HTTP request. uri=http://influx:8086/write?db=loadrunner method=POST version=HTTP/1.1 headers={"content-type": "text/plain", "user-agent": "Vector/0.26.0 (x86_64-unknown-linux-musl c6b5bc2 2022-12-05)", "accept-encoding": "identity"} body=[365137 bytes]
2022-12-13T21:33:23.086138Z DEBUG sink{component_kind="sink" component_id=influx component_type=http component_name=influx}:request{request_id=276}:http: hyper::client::pool: reuse idle connection for ("http", influx:8086)
2022-12-13T21:33:23.086375Z DEBUG hyper::proto::h1::io: flushed 365345 bytes
2022-12-13T21:33:23.354814Z DEBUG hyper::proto::h1::io: parsed 6 headers
2022-12-13T21:33:23.354832Z DEBUG hyper::proto::h1::conn: incoming body is empty
2022-12-13T21:33:23.354858Z DEBUG sink{component_kind="sink" component_id=influx component_type=http component_name=influx}:request{request_id=276}:http: hyper::client::pool: pooling idle connection for ("http", influx:8086)
2022-12-13T21:33:23.354878Z DEBUG sink{component_kind="sink" component_id=influx component_type=http component_name=influx}:request{request_id=276}:http: vector::internal_events::http_client: HTTP response. status=204 No Content version=HTTP/1.1 headers={"content-type": "application/json", "request-id": "c540240d-7b2d-11ed-8136-0242ac120003", "x-influxdb-build": "OSS", "x-influxdb-version": "1.8.10", "x-request-id": "c540240d-7b2d-11ed-8136-0242ac120003", "date": "Tue, 13 Dec 2022 21:33:23 GMT"} body=[empty]
2022-12-13T21:33:23.574584Z DEBUG sink{component_kind="sink" component_id=influx component_type=http component_name=influx}: vector::utilization: utilization=0.0028641880950424294
2022-12-13T21:33:24.251142Z DEBUG sink{component_kind="sink" component_id=influx component_type=http component_name=influx}:request{request_id=277}:http: vector::internal_events::http_client: Sending HTTP request. uri=http://influx:8086/write?db=loadrunner method=POST version=HTTP/1.1 headers={"content-type": "text/plain", "user-agent": "Vector/0.26.0 (x86_64-unknown-linux-musl c6b5bc2 2022-12-05)", "accept-encoding": "identity"} body=[70166 bytes]
2022-12-13T21:33:24.251182Z DEBUG sink{component_kind="sink" component_id=influx component_type=http component_name=influx}:request{request_id=277}:http: hyper::client::pool: reuse idle connection for ("http", influx:8086)
2022-12-13T21:33:24.251328Z DEBUG hyper::proto::h1::io: flushed 70373 bytes
2022-12-13T21:33:24.256044Z DEBUG hyper::proto::h1::io: parsed 6 headers
2022-12-13T21:33:24.256124Z DEBUG hyper::proto::h1::conn: incoming body is empty
2022-12-13T21:33:24.256204Z DEBUG sink{component_kind="sink" component_id=influx component_type=http component_name=influx}:request{request_id=277}:http: hyper::client::pool: pooling idle connection for ("http", influx:8086)
2022-12-13T21:33:24.256282Z DEBUG sink{component_kind="sink" component_id=influx component_type=http component_name=influx}:request{request_id=277}:http: vector::internal_events::http_client: HTTP response. status=204 No Content version=HTTP/1.1 headers={"content-type": "application/json", "request-id": "c5e9876d-7b2d-11ed-8137-0242ac120003", "x-influxdb-build": "OSS", "x-influxdb-version": "1.8.10", "x-request-id": "c5e9876d-7b2d-11ed-8137-0242ac120003", "date": "Tue, 13 Dec 2022 21:33:24 GMT"} body=[empty]
2022-12-13T21:33:25.296215Z DEBUG sink{component_kind="sink" component_id=influx component_type=http component_name=influx}:request{request_id=278}:http: vector::internal_events::http_client: Sending HTTP request. uri=http://influx:8086/write?db=loadrunner method=POST version=HTTP/1.1 headers={"content-type": "text/plain", "user-agent": "Vector/0.26.0 (x86_64-unknown-linux-musl c6b5bc2 2022-12-05)", "accept-encoding": "identity"} body=[266235 bytes]
2022-12-13T21:33:25.296257Z DEBUG sink{component_kind="sink" component_id=influx component_type=http component_name=influx}:request{request_id=278}:http: hyper::client::pool: reuse idle connection for ("http", influx:8086)
2022-12-13T21:33:25.297170Z DEBUG hyper::proto::h1::io: flushed 266443 bytes
2022-12-13T21:33:25.320279Z DEBUG hyper::proto::h1::io: parsed 6 headers
2022-12-13T21:33:25.320360Z DEBUG hyper::proto::h1::conn: incoming body is empty
2022-12-13T21:33:25.320452Z DEBUG sink{component_kind="sink" component_id=influx component_type=http component_name=influx}:request{request_id=278}:http: hyper::client::pool: pooling idle connection for ("http", influx:8086)
2022-12-13T21:33:25.320518Z DEBUG sink{component_kind="sink" component_id=influx component_type=http component_name=influx}:request{request_id=278}:http: vector::internal_events::http_client: HTTP response. status=204 No Content version=HTTP/1.1 headers={"content-type": "application/json", "request-id": "c6890553-7b2d-11ed-8138-0242ac120003", "x-influxdb-build": "OSS", "x-influxdb-version": "1.8.10", "x-request-id": "c6890553-7b2d-11ed-8138-0242ac120003", "date": "Tue, 13 Dec 2022 21:33:25 GMT"} body=[empty]
2022-12-13T21:33:25.579645Z DEBUG transform{component_kind="transform" component_id=kafkaFormatted component_type=remap component_name=kafkaFormatted}: vector::utilization: utilization=0.013628502353614399
2022-12-13T21:33:26.363119Z DEBUG sink{component_kind="sink" component_id=influx component_type=http component_name=influx}:request{request_id=279}:http: vector::internal_events::http_client: Sending HTTP request. uri=http://influx:8086/write?db=loadrunner method=POST version=HTTP/1.1 headers={"content-type": "text/plain", "user-agent": "Vector/0.26.0 (x86_64-unknown-linux-musl c6b5bc2 2022-12-05)", "accept-encoding": "identity"} body=[252555 bytes]
2022-12-13T21:33:26.363229Z DEBUG sink{component_kind="sink" component_id=influx component_type=http component_name=influx}:request{request_id=279}:http: hyper::client::pool: reuse idle connection for ("http", influx:8086)
2022-12-13T21:33:26.363951Z DEBUG hyper::proto::h1::io: flushed 252763 bytes
2022-12-13T21:33:26.388692Z DEBUG hyper::proto::h1::io: parsed 6 headers
2022-12-13T21:33:26.388739Z DEBUG hyper::proto::h1::conn: incoming body is empty
2022-12-13T21:33:26.388789Z DEBUG sink{component_kind="sink" component_id=influx component_type=http component_name=influx}:request{request_id=279}:http: hyper::client::pool: pooling idle connection for ("http", influx:8086)
2022-12-13T21:33:26.388837Z DEBUG sink{component_kind="sink" component_id=influx component_type=http component_name=influx}:request{request_id=279}:http: vector::internal_events::http_client: HTTP response. status=204 No Content version=HTTP/1.1 headers={"content-type": "application/json", "request-id": "c72bdf13-7b2d-11ed-8139-0242ac120003", "x-influxdb-build": "OSS", "x-influxdb-version": "1.8.10", "x-request-id": "c72bdf13-7b2d-11ed-8139-0242ac120003", "date": "Tue, 13 Dec 2022 21:33:26 GMT"} body=[empty]
2022-12-13T21:33:27.404539Z DEBUG sink{component_kind="sink" component_id=influx component_type=http component_name=influx}:request{request_id=280}:http: vector::internal_events::http_client: Sending HTTP request. uri=http://influx:8086/write?db=loadrunner method=POST version=HTTP/1.1 headers={"content-type": "text/plain", "user-agent": "Vector/0.26.0 (x86_64-unknown-linux-musl c6b5bc2 2022-12-05)", "accept-encoding": "identity"} body=[238517 bytes]
2022-12-13T21:33:27.404655Z DEBUG sink{component_kind="sink" component_id=influx component_type=http component_name=influx}:request{request_id=280}:http: hyper::client::pool: reuse idle connection for ("http", influx:8086)
2022-12-13T21:33:27.404915Z DEBUG hyper::proto::h1::io: flushed 238725 bytes
2022-12-13T21:33:27.422981Z DEBUG hyper::proto::h1::io: parsed 6 headers
2022-12-13T21:33:27.422996Z DEBUG hyper::proto::h1::conn: incoming body is empty
2022-12-13T21:33:27.423018Z DEBUG sink{component_kind="sink" component_id=influx component_type=http component_name=influx}:request{request_id=280}:http: hyper::client::pool: pooling idle connection for ("http", influx:8086)
2022-12-13T21:33:27.423037Z DEBUG sink{component_kind="sink" component_id=influx component_type=http component_name=influx}:request{request_id=280}:http: vector::internal_events::http_client: HTTP response. status=204 No Content version=HTTP/1.1 headers={"content-type": "application/json", "request-id": "c7cabf6c-7b2d-11ed-813a-0242ac120003", "x-influxdb-build": "OSS", "x-influxdb-version": "1.8.10", "x-request-id": "c7cabf6c-7b2d-11ed-813a-0242ac120003", "date": "Tue, 13 Dec 2022 21:33:27 GMT"} body=[empty]
2022-12-13T21:33:28.470387Z DEBUG sink{component_kind="sink" component_id=influx component_type=http component_name=influx}:request{request_id=281}:http: vector::internal_events::http_client: Sending HTTP request. uri=http://influx:8086/write?db=loadrunner method=POST version=HTTP/1.1 headers={"content-type": "text/plain", "user-agent": "Vector/0.26.0 (x86_64-unknown-linux-musl c6b5bc2 2022-12-05)", "accept-encoding": "identity"} body=[252556 bytes]
2022-12-13T21:33:28.470429Z DEBUG sink{component_kind="sink" component_id=influx component_type=http component_name=influx}:request{request_id=281}:http: hyper::client::pool: reuse idle connection for ("http", influx:8086)
2022-12-13T21:33:28.470792Z DEBUG hyper::proto::h1::io: flushed 252764 bytes
2022-12-13T21:33:28.487528Z DEBUG hyper::proto::h1::io: parsed 6 headers
2022-12-13T21:33:28.487542Z DEBUG hyper::proto::h1::conn: incoming body is empty
2022-12-13T21:33:28.487564Z DEBUG sink{component_kind="sink" component_id=influx component_type=http component_name=influx}:request{request_id=281}:http: hyper::client::pool: pooling idle connection for ("http", influx:8086)
2022-12-13T21:33:28.487693Z DEBUG sink{component_kind="sink" component_id=influx component_type=http component_name=influx}:request{request_id=281}:http: vector::internal_events::http_client: HTTP response. status=204 No Content version=HTTP/1.1 headers={"content-type": "application/json", "request-id": "c86d5514-7b2d-11ed-813b-0242ac120003", "x-influxdb-build": "OSS", "x-influxdb-version": "1.8.10", "x-request-id": "c86d5514-7b2d-11ed-813b-0242ac120003", "date": "Tue, 13 Dec 2022 21:33:28 GMT"} body=[empty]
2022-12-13T21:33:28.574858Z DEBUG sink{component_kind="sink" component_id=influx component_type=http component_name=influx}: vector::utilization: utilization=0.0022736071858627826
2022-12-13T21:33:29.512170Z DEBUG sink{component_kind="sink" component_id=influx component_type=http component_name=influx}:request{request_id=282}:http: vector::internal_events::http_client: Sending HTTP request. uri=http://influx:8086/write?db=loadrunner method=POST version=HTTP/1.1 headers={"content-type": "text/plain", "user-agent": "Vector/0.26.0 (x86_64-unknown-linux-musl c6b5bc2 2022-12-05)", "accept-encoding": "identity"} body=[378915 bytes]
2022-12-13T21:33:29.512215Z DEBUG sink{component_kind="sink" component_id=influx component_type=http component_name=influx}:request{request_id=282}:http: hyper::client::pool: reuse idle connection for ("http", influx:8086)
2022-12-13T21:33:29.512498Z DEBUG hyper::proto::h1::io: flushed 379123 bytes
2022-12-13T21:33:29.542291Z DEBUG hyper::proto::h1::io: parsed 6 headers
2022-12-13T21:33:29.542308Z DEBUG hyper::proto::h1::conn: incoming body is empty
2022-12-13T21:33:29.542332Z DEBUG sink{component_kind="sink" component_id=influx component_type=http component_name=influx}:request{request_id=282}:http: hyper::client::pool: pooling idle connection for ("http", influx:8086)
2022-12-13T21:33:29.542352Z DEBUG sink{component_kind="sink" component_id=influx component_type=http component_name=influx}:request{request_id=282}:http: vector::internal_events::http_client: HTTP response. status=204 No Content version=HTTP/1.1 headers={"content-type": "application/json", "request-id": "c90c5156-7b2d-11ed-813c-0242ac120003", "x-influxdb-build": "OSS", "x-influxdb-version": "1.8.10", "x-request-id": "c90c5156-7b2d-11ed-813c-0242ac120003", "date": "Tue, 13 Dec 2022 21:33:29 GMT"} body=[empty]
2022-12-13T21:33:30.586340Z DEBUG transform{component_kind="transform" component_id=kafkaFormatted component_type=remap component_name=kafkaFormatted}: vector::utilization: utilization=0.014861404349646095
2022-12-13T21:33:30.780996Z DEBUG sink{component_kind="sink" component_id=influx component_type=http component_name=influx}:request{request_id=283}:http: vector::internal_events::http_client: Sending HTTP request. uri=http://influx:8086/write?db=loadrunner method=POST version=HTTP/1.1 headers={"content-type": "text/plain", "user-agent": "Vector/0.26.0 (x86_64-unknown-linux-musl c6b5bc2 2022-12-05)", "accept-encoding": "identity"} body=[224473 bytes]
2022-12-13T21:33:30.781159Z DEBUG sink{component_kind="sink" component_id=influx component_type=http component_name=influx}:request{request_id=283}:http: hyper::client::pool: reuse idle connection for ("http", influx:8086)
2022-12-13T21:33:30.781411Z DEBUG hyper::proto::h1::io: flushed 224681 bytes
2022-12-13T21:33:30.793285Z DEBUG hyper::proto::h1::io: parsed 6 headers
2022-12-13T21:33:30.793367Z DEBUG hyper::proto::h1::conn: incoming body is empty
2022-12-13T21:33:30.793445Z DEBUG sink{component_kind="sink" component_id=influx component_type=http component_name=influx}:request{request_id=283}:http: hyper::client::pool: pooling idle connection for ("http", influx:8086)
2022-12-13T21:33:30.793507Z DEBUG sink{component_kind="sink" component_id=influx component_type=http component_name=influx}:request{request_id=283}:http: vector::internal_events::http_client: HTTP response. status=204 No Content version=HTTP/1.1 headers={"content-type": "application/json", "request-id": "c9cdee0e-7b2d-11ed-813d-0242ac120003", "x-influxdb-build": "OSS", "x-influxdb-version": "1.8.10", "x-request-id": "c9cdee0e-7b2d-11ed-813d-0242ac120003", "date": "Tue, 13 Dec 2022 21:33:30 GMT"} body=[empty]
2022-12-13T21:33:31.849950Z DEBUG sink{component_kind="sink" component_id=influx component_type=http component_name=influx}:request{request_id=284}:http: vector::internal_events::http_client: Sending HTTP request. uri=http://influx:8086/write?db=loadrunner method=POST version=HTTP/1.1 headers={"content-type": "text/plain", "user-agent": "Vector/0.26.0 (x86_64-unknown-linux-musl c6b5bc2 2022-12-05)", "accept-encoding": "identity"} body=[239013 bytes]
2022-12-13T21:33:31.850036Z DEBUG sink{component_kind="sink" component_id=influx component_type=http component_name=influx}:request{request_id=284}:http: hyper::client::pool: reuse idle connection for ("http", influx:8086)
2022-12-13T21:33:31.850321Z DEBUG hyper::proto::h1::io: flushed 239221 bytes
2022-12-13T21:33:31.877601Z DEBUG hyper::proto::h1::io: parsed 6 headers
2022-12-13T21:33:31.877667Z DEBUG hyper::proto::h1::conn: incoming body is empty
2022-12-13T21:33:31.877701Z DEBUG sink{component_kind="sink" component_id=influx component_type=http component_name=influx}:request{request_id=284}:http: hyper::client::pool: pooling idle connection for ("http", influx:8086)
2022-12-13T21:33:31.877730Z DEBUG sink{component_kind="sink" component_id=influx component_type=http component_name=influx}:request{request_id=284}:http: vector::internal_events::http_client: HTTP response. status=204 No Content version=HTTP/1.1 headers={"content-type": "application/json", "request-id": "ca710ff8-7b2d-11ed-813e-0242ac120003", "x-influxdb-build": "OSS", "x-influxdb-version": "1.8.10", "x-request-id": "ca710ff8-7b2d-11ed-813e-0242ac120003", "date": "Tue, 13 Dec 2022 21:33:31 GMT"} body=[empty]
2022-12-13T21:33:32.870614Z DEBUG sink{component_kind="sink" component_id=influx component_type=http component_name=influx}:request{request_id=285}:http: vector::internal_events::http_client: Sending HTTP request. uri=http://influx:8086/write?db=loadrunner method=POST version=HTTP/1.1 headers={"content-type": "text/plain", "user-agent": "Vector/0.26.0 (x86_64-unknown-linux-musl c6b5bc2 2022-12-05)", "accept-encoding": "identity"} body=[322124 bytes]
2022-12-13T21:33:32.870710Z DEBUG sink{component_kind="sink" component_id=influx component_type=http component_name=influx}:request{request_id=285}:http: hyper::client::pool: reuse idle connection for ("http", influx:8086)
2022-12-13T21:33:32.870957Z DEBUG hyper::proto::h1::io: flushed 322332 bytes
2022-12-13T21:33:33.033460Z DEBUG hyper::proto::h1::io: parsed 6 headers
2022-12-13T21:33:33.033531Z DEBUG hyper::proto::h1::conn: incoming body is empty
2022-12-13T21:33:33.033571Z DEBUG sink{component_kind="sink" component_id=influx component_type=http component_name=influx}:request{request_id=285}:http: hyper::client::pool: pooling idle connection for ("http", influx:8086)
2022-12-13T21:33:33.033616Z DEBUG sink{component_kind="sink" component_id=influx component_type=http component_name=influx}:request{request_id=285}:http: vector::internal_events::http_client: HTTP response. status=204 No Content version=HTTP/1.1 headers={"content-type": "application/json", "request-id": "cb10543f-7b2d-11ed-8140-0242ac120003", "x-influxdb-build": "OSS", "x-influxdb-version": "1.8.10", "x-request-id": "cb10543f-7b2d-11ed-8140-0242ac120003", "date": "Tue, 13 Dec 2022 21:33:33 GMT"} body=[empty]
2022-12-13T21:33:33.574328Z DEBUG sink{component_kind="sink" component_id=influx component_type=http component_name=influx}: vector::utilization: utilization=0.0017567775457819625
2022-12-13T21:33:33.981281Z DEBUG sink{component_kind="sink" component_id=influx component_type=http component_name=influx}:request{request_id=286}:http: vector::internal_events::http_client: Sending HTTP request. uri=http://influx:8086/write?db=loadrunner method=POST version=HTTP/1.1 headers={"content-type": "text/plain", "user-agent": "Vector/0.26.0 (x86_64-unknown-linux-musl c6b5bc2 2022-12-05)", "accept-encoding": "identity"} body=[154172 bytes]
2022-12-13T21:33:33.981323Z DEBUG sink{component_kind="sink" component_id=influx component_type=http component_name=influx}:request{request_id=286}:http: hyper::client::pool: reuse idle connection for ("http", influx:8086)
2022-12-13T21:33:33.981463Z DEBUG hyper::proto::h1::io: flushed 154380 bytes
2022-12-13T21:33:33.993720Z DEBUG hyper::proto::h1::io: parsed 6 headers
2022-12-13T21:33:33.993737Z DEBUG hyper::proto::h1::conn: incoming body is empty
2022-12-13T21:33:33.993759Z DEBUG sink{component_kind="sink" component_id=influx component_type=http component_name=influx}:request{request_id=286}:http: hyper::client::pool: pooling idle connection for ("http", influx:8086)
2022-12-13T21:33:33.993776Z DEBUG sink{component_kind="sink" component_id=influx component_type=http component_name=influx}:request{request_id=286}:http: vector::internal_events::http_client: HTTP response. status=204 No Content version=HTTP/1.1 headers={"content-type": "application/json", "request-id": "cbb63b1a-7b2d-11ed-8141-0242ac120003", "x-influxdb-build": "OSS", "x-influxdb-version": "1.8.10", "x-request-id": "cbb63b1a-7b2d-11ed-8141-0242ac120003", "date": "Tue, 13 Dec 2022 21:33:33 GMT"} body=[empty]
2022-12-13T21:33:35.164741Z DEBUG sink{component_kind="sink" component_id=influx component_type=http component_name=influx}:request{request_id=287}:http: vector::internal_events::http_client: Sending HTTP request. uri=http://influx:8086/write?db=loadrunner method=POST version=HTTP/1.1 headers={"content-type": "text/plain", "user-agent": "Vector/0.26.0 (x86_64-unknown-linux-musl c6b5bc2 2022-12-05)", "accept-encoding": "identity"} body=[265983 bytes]
2022-12-13T21:33:35.164830Z DEBUG sink{component_kind="sink" component_id=influx component_type=http component_name=influx}:request{request_id=287}:http: hyper::client::pool: reuse idle connection for ("http", influx:8086)
2022-12-13T21:33:35.165066Z DEBUG hyper::proto::h1::io: flushed 266191 bytes
2022-12-13T21:33:35.196288Z DEBUG hyper::proto::h1::io: parsed 6 headers
2022-12-13T21:33:35.196345Z DEBUG hyper::proto::h1::conn: incoming body is empty
2022-12-13T21:33:35.196387Z DEBUG sink{component_kind="sink" component_id=influx component_type=http component_name=influx}:request{request_id=287}:http: hyper::client::pool: pooling idle connection for ("http", influx:8086)
2022-12-13T21:33:35.196443Z DEBUG sink{component_kind="sink" component_id=influx component_type=http component_name=influx}:request{request_id=287}:http: vector::internal_events::http_client: HTTP response. status=204 No Content version=HTTP/1.1 headers={"content-type": "application/json", "request-id": "cc6ad761-7b2d-11ed-8142-0242ac120003", "x-influxdb-build": "OSS", "x-influxdb-version": "1.8.10", "x-request-id": "cc6ad761-7b2d-11ed-8142-0242ac120003", "date": "Tue, 13 Dec 2022 21:33:35 GMT"} body=[empty]
2022-12-13T21:33:36.189350Z DEBUG sink{component_kind="sink" component_id=influx component_type=http component_name=influx}:request{request_id=288}:http: vector::internal_events::http_client: Sending HTTP request. uri=http://influx:8086/write?db=loadrunner method=POST version=HTTP/1.1 headers={"content-type": "text/plain", "user-agent": "Vector/0.26.0 (x86_64-unknown-linux-musl c6b5bc2 2022-12-05)", "accept-encoding": "identity"} body=[52861 bytes]
2022-12-13T21:33:36.189389Z DEBUG sink{component_kind="sink" component_id=influx component_type=http component_name=influx}:request{request_id=288}:http: hyper::client::pool: reuse idle connection for ("http", influx:8086)
2022-12-13T21:33:36.189532Z DEBUG hyper::proto::h1::io: flushed 53068 bytes
2022-12-13T21:33:36.192994Z DEBUG hyper::proto::h1::io: parsed 6 headers
2022-12-13T21:33:36.193006Z DEBUG hyper::proto::h1::conn: incoming body is empty
2022-12-13T21:33:36.193049Z DEBUG sink{component_kind="sink" component_id=influx component_type=http component_name=influx}:request{request_id=288}:http: hyper::client::pool: pooling idle connection for ("http", influx:8086)
2022-12-13T21:33:36.193086Z DEBUG sink{component_kind="sink" component_id=influx component_type=http component_name=influx}:request{request_id=288}:http: vector::internal_events::http_client: HTTP response. status=204 No Content version=HTTP/1.1 headers={"content-type": "application/json", "request-id": "cd07274c-7b2d-11ed-8143-0242ac120003", "x-influxdb-build": "OSS", "x-influxdb-version": "1.8.10", "x-request-id": "cd07274c-7b2d-11ed-8143-0242ac120003", "date": "Tue, 13 Dec 2022 21:33:36 GMT"} body=[empty]
2022-12-13T21:33:38.574174Z DEBUG sink{component_kind="sink" component_id=influx component_type=http component_name=influx}: vector::utilization: utilization=0.0004743593628243947
2022-12-13T21:33:43.574540Z DEBUG sink{component_kind="sink" component_id=influx component_type=http component_name=influx}: vector::utilization: utilization=0.000047507931003124546
2022-12-13T21:33:48.574881Z DEBUG sink{component_kind="sink" component_id=influx component_type=http component_name=influx}: vector::utilization: utilization=0.000004768791878880017
