START Running Jmeter on Wed Dec 14 19:23:01 CET 2022
JVM_ARGS=-Xmn974m -Xms3896m -Xmx3896m
jmeter args=-n -t /app/loadTest.jmx -l /app/3697613456/loadTest.jtl
jmeter ALL ARGS=-Dlog4j2.formatMsgNoLookups=true -n -t /app/loadTest.jmx -l /app/3697613456/loadTest.jtl
Dec 14, 2022 7:23:03 PM java.util.prefs.FileSystemPreferences$1 run
INFO: Created user preferences directory.
Creating summariser <summary>
Created the tree successfully using /app/loadTest.jmx
Starting standalone test @ December 14, 2022 7:23:04 PM CET (1671042184508)
Waiting for possible Shutdown/StopTestNow/HeapDump/ThreadDump message on port 4445
summary +   6370 in 00:00:25 =  255.2/s Avg:    64 Min:     2 Max:  2748 Err:     0 (0.00%) Active: 498 Started: 498 Finished: 0
summary +  24218 in 00:00:30 =  807.2/s Avg:   117 Min:     1 Max:   655 Err:     0 (0.00%) Active: 1098 Started: 1098 Finished: 0
summary =  30588 in 00:00:55 =  556.5/s Avg:   106 Min:     1 Max:  2748 Err:     0 (0.00%)
summary +  40287 in 00:00:30 = 1343.3/s Avg:   260 Min:     1 Max:  2421 Err:     0 (0.00%) Active: 1698 Started: 1698 Finished: 0
summary =  70875 in 00:01:25 =  834.2/s Avg:   193 Min:     1 Max:  2748 Err:     0 (0.00%)
summary +  43457 in 00:00:30 = 1447.0/s Avg:  1307 Min:   251 Max:  2770 Err:     0 (0.00%) Active: 2298 Started: 2298 Finished: 0
summary = 114332 in 00:01:55 =  994.3/s Avg:   616 Min:     1 Max:  2770 Err:     0 (0.00%)
summary +  41810 in 00:00:30 = 1392.5/s Avg:  1787 Min:   383 Max:  4299 Err:     0 (0.00%) Active: 2887 Started: 2887 Finished: 0
summary = 156142 in 00:02:25 = 1076.7/s Avg:   930 Min:     1 Max:  4299 Err:     0 (0.00%)
summary +  41288 in 00:00:30 = 1379.0/s Avg:  2295 Min:     6 Max:  5057 Err:     0 (0.00%) Active: 3498 Started: 3498 Finished: 0
summary = 197430 in 00:02:55 = 1128.4/s Avg:  1215 Min:     1 Max:  5057 Err:     0 (0.00%)
summary +  40908 in 00:00:30 = 1363.6/s Avg:  2703 Min:  1505 Max:  5955 Err:     0 (0.00%) Active: 4000 Started: 4000 Finished: 0
summary = 238338 in 00:03:25 = 1162.9/s Avg:  1471 Min:     1 Max:  5955 Err:     0 (0.00%)
summary +  39381 in 00:00:30 = 1312.7/s Avg:  3054 Min:  2098 Max:  4583 Err:     0 (0.00%) Active: 4000 Started: 4000 Finished: 0
summary = 277719 in 00:03:55 = 1182.0/s Avg:  1695 Min:     1 Max:  5955 Err:     0 (0.00%)
summary +  40383 in 00:00:30 = 1341.7/s Avg:  2913 Min:  1114 Max:  5359 Err:     0 (0.00%) Active: 4000 Started: 4000 Finished: 0
summary = 318102 in 00:04:25 = 1200.1/s Avg:  1850 Min:     1 Max:  5955 Err:     0 (0.00%)
summary +  40035 in 00:00:30 = 1338.9/s Avg:  3047 Min:  1982 Max:  5058 Err:     0 (0.00%) Active: 4000 Started: 4000 Finished: 0
summary = 358137 in 00:04:55 = 1214.2/s Avg:  1983 Min:     1 Max:  5955 Err:     0 (0.00%)
summary +  13878 in 00:00:10 = 1339.7/s Avg:  2906 Min:    35 Max:  6064 Err:     0 (0.00%) Active: 0 Started: 4000 Finished: 4000
summary = 372015 in 00:05:05 = 1218.4/s Avg:  2018 Min:     1 Max:  6064 Err:     0 (0.00%)
Tidying up ...    @ December 14, 2022 7:28:10 PM CET (1671042490361)
... end of run
END Running Jmeter on Wed Dec 14 19:28:10 CET 2022
