[2022-12-14 18:22:36,881] INFO [GroupMetadataManager brokerId=0] Scheduling loading of offsets and group metadata from __consumer_offsets-8 for epoch 0 (kafka.coordinator.group.GroupMetadataManager)
[2022-12-14 18:22:36,881] INFO [GroupCoordinator 0]: Elected as the group coordinator for partition 45 in epoch 0 (kafka.coordinator.group.GroupCoordinator)
[2022-12-14 18:22:36,881] INFO [GroupMetadataManager brokerId=0] Scheduling loading of offsets and group metadata from __consumer_offsets-45 for epoch 0 (kafka.coordinator.group.GroupMetadataManager)
[2022-12-14 18:22:36,881] INFO [GroupCoordinator 0]: Elected as the group coordinator for partition 15 in epoch 0 (kafka.coordinator.group.GroupCoordinator)
[2022-12-14 18:22:36,881] INFO [GroupMetadataManager brokerId=0] Scheduling loading of offsets and group metadata from __consumer_offsets-15 for epoch 0 (kafka.coordinator.group.GroupMetadataManager)
[2022-12-14 18:22:36,881] INFO [GroupCoordinator 0]: Elected as the group coordinator for partition 30 in epoch 0 (kafka.coordinator.group.GroupCoordinator)
[2022-12-14 18:22:36,881] INFO [GroupMetadataManager brokerId=0] Scheduling loading of offsets and group metadata from __consumer_offsets-30 for epoch 0 (kafka.coordinator.group.GroupMetadataManager)
[2022-12-14 18:22:36,881] INFO [GroupCoordinator 0]: Elected as the group coordinator for partition 0 in epoch 0 (kafka.coordinator.group.GroupCoordinator)
[2022-12-14 18:22:36,881] INFO [GroupMetadataManager brokerId=0] Scheduling loading of offsets and group metadata from __consumer_offsets-0 for epoch 0 (kafka.coordinator.group.GroupMetadataManager)
[2022-12-14 18:22:36,881] INFO [GroupCoordinator 0]: Elected as the group coordinator for partition 35 in epoch 0 (kafka.coordinator.group.GroupCoordinator)
[2022-12-14 18:22:36,881] INFO [GroupMetadataManager brokerId=0] Scheduling loading of offsets and group metadata from __consumer_offsets-35 for epoch 0 (kafka.coordinator.group.GroupMetadataManager)
[2022-12-14 18:22:36,882] INFO [GroupCoordinator 0]: Elected as the group coordinator for partition 5 in epoch 0 (kafka.coordinator.group.GroupCoordinator)
[2022-12-14 18:22:36,882] INFO [GroupMetadataManager brokerId=0] Scheduling loading of offsets and group metadata from __consumer_offsets-5 for epoch 0 (kafka.coordinator.group.GroupMetadataManager)
[2022-12-14 18:22:36,882] INFO [GroupCoordinator 0]: Elected as the group coordinator for partition 20 in epoch 0 (kafka.coordinator.group.GroupCoordinator)
[2022-12-14 18:22:36,882] INFO [GroupMetadataManager brokerId=0] Scheduling loading of offsets and group metadata from __consumer_offsets-20 for epoch 0 (kafka.coordinator.group.GroupMetadataManager)
[2022-12-14 18:22:36,882] INFO [GroupCoordinator 0]: Elected as the group coordinator for partition 27 in epoch 0 (kafka.coordinator.group.GroupCoordinator)
[2022-12-14 18:22:36,882] INFO [GroupMetadataManager brokerId=0] Scheduling loading of offsets and group metadata from __consumer_offsets-27 for epoch 0 (kafka.coordinator.group.GroupMetadataManager)
[2022-12-14 18:22:36,882] INFO [GroupCoordinator 0]: Elected as the group coordinator for partition 42 in epoch 0 (kafka.coordinator.group.GroupCoordinator)
[2022-12-14 18:22:36,882] INFO [GroupMetadataManager brokerId=0] Scheduling loading of offsets and group metadata from __consumer_offsets-42 for epoch 0 (kafka.coordinator.group.GroupMetadataManager)
[2022-12-14 18:22:36,882] INFO [GroupCoordinator 0]: Elected as the group coordinator for partition 12 in epoch 0 (kafka.coordinator.group.GroupCoordinator)
[2022-12-14 18:22:36,882] INFO [GroupMetadataManager brokerId=0] Scheduling loading of offsets and group metadata from __consumer_offsets-12 for epoch 0 (kafka.coordinator.group.GroupMetadataManager)
[2022-12-14 18:22:36,882] INFO [GroupCoordinator 0]: Elected as the group coordinator for partition 21 in epoch 0 (kafka.coordinator.group.GroupCoordinator)
[2022-12-14 18:22:36,882] INFO [GroupMetadataManager brokerId=0] Scheduling loading of offsets and group metadata from __consumer_offsets-21 for epoch 0 (kafka.coordinator.group.GroupMetadataManager)
[2022-12-14 18:22:36,883] INFO [GroupCoordinator 0]: Elected as the group coordinator for partition 36 in epoch 0 (kafka.coordinator.group.GroupCoordinator)
[2022-12-14 18:22:36,883] INFO [GroupMetadataManager brokerId=0] Scheduling loading of offsets and group metadata from __consumer_offsets-36 for epoch 0 (kafka.coordinator.group.GroupMetadataManager)
[2022-12-14 18:22:36,883] INFO [GroupCoordinator 0]: Elected as the group coordinator for partition 6 in epoch 0 (kafka.coordinator.group.GroupCoordinator)
[2022-12-14 18:22:36,883] INFO [GroupMetadataManager brokerId=0] Scheduling loading of offsets and group metadata from __consumer_offsets-6 for epoch 0 (kafka.coordinator.group.GroupMetadataManager)
[2022-12-14 18:22:36,883] INFO [GroupCoordinator 0]: Elected as the group coordinator for partition 43 in epoch 0 (kafka.coordinator.group.GroupCoordinator)
[2022-12-14 18:22:36,883] INFO [GroupMetadataManager brokerId=0] Scheduling loading of offsets and group metadata from __consumer_offsets-43 for epoch 0 (kafka.coordinator.group.GroupMetadataManager)
[2022-12-14 18:22:36,883] INFO [GroupCoordinator 0]: Elected as the group coordinator for partition 13 in epoch 0 (kafka.coordinator.group.GroupCoordinator)
[2022-12-14 18:22:36,883] INFO [GroupMetadataManager brokerId=0] Scheduling loading of offsets and group metadata from __consumer_offsets-13 for epoch 0 (kafka.coordinator.group.GroupMetadataManager)
[2022-12-14 18:22:36,883] INFO [GroupCoordinator 0]: Elected as the group coordinator for partition 28 in epoch 0 (kafka.coordinator.group.GroupCoordinator)
[2022-12-14 18:22:36,883] INFO [GroupMetadataManager brokerId=0] Scheduling loading of offsets and group metadata from __consumer_offsets-28 for epoch 0 (kafka.coordinator.group.GroupMetadataManager)
[2022-12-14 18:22:36,890] INFO [GroupMetadataManager brokerId=0] Finished loading offsets and group metadata from __consumer_offsets-3 in 24 milliseconds for epoch 0, of which 11 milliseconds was spent in the scheduler. (kafka.coordinator.group.GroupMetadataManager)
[2022-12-14 18:22:36,893] INFO [GroupMetadataManager brokerId=0] Finished loading offsets and group metadata from __consumer_offsets-18 in 27 milliseconds for epoch 0, of which 27 milliseconds was spent in the scheduler. (kafka.coordinator.group.GroupMetadataManager)
[2022-12-14 18:22:36,904] INFO [GroupMetadataManager brokerId=0] Finished loading offsets and group metadata from __consumer_offsets-41 in 38 milliseconds for epoch 0, of which 38 milliseconds was spent in the scheduler. (kafka.coordinator.group.GroupMetadataManager)
[2022-12-14 18:22:36,919] INFO [GroupMetadataManager brokerId=0] Finished loading offsets and group metadata from __consumer_offsets-10 in 51 milliseconds for epoch 0, of which 51 milliseconds was spent in the scheduler. (kafka.coordinator.group.GroupMetadataManager)
[2022-12-14 18:22:36,927] INFO [GroupMetadataManager brokerId=0] Finished loading offsets and group metadata from __consumer_offsets-33 in 59 milliseconds for epoch 0, of which 59 milliseconds was spent in the scheduler. (kafka.coordinator.group.GroupMetadataManager)
[2022-12-14 18:22:36,927] INFO [GroupMetadataManager brokerId=0] Finished loading offsets and group metadata from __consumer_offsets-48 in 59 milliseconds for epoch 0, of which 59 milliseconds was spent in the scheduler. (kafka.coordinator.group.GroupMetadataManager)
[2022-12-14 18:22:36,927] INFO [GroupMetadataManager brokerId=0] Finished loading offsets and group metadata from __consumer_offsets-19 in 58 milliseconds for epoch 0, of which 58 milliseconds was spent in the scheduler. (kafka.coordinator.group.GroupMetadataManager)
[2022-12-14 18:22:36,928] INFO [GroupMetadataManager brokerId=0] Finished loading offsets and group metadata from __consumer_offsets-34 in 59 milliseconds for epoch 0, of which 59 milliseconds was spent in the scheduler. (kafka.coordinator.group.GroupMetadataManager)
[2022-12-14 18:22:36,928] INFO [GroupMetadataManager brokerId=0] Finished loading offsets and group metadata from __consumer_offsets-4 in 59 milliseconds for epoch 0, of which 59 milliseconds was spent in the scheduler. (kafka.coordinator.group.GroupMetadataManager)
[2022-12-14 18:22:36,928] INFO [GroupMetadataManager brokerId=0] Finished loading offsets and group metadata from __consumer_offsets-11 in 59 milliseconds for epoch 0, of which 59 milliseconds was spent in the scheduler. (kafka.coordinator.group.GroupMetadataManager)
[2022-12-14 18:22:36,928] INFO [GroupMetadataManager brokerId=0] Finished loading offsets and group metadata from __consumer_offsets-26 in 59 milliseconds for epoch 0, of which 59 milliseconds was spent in the scheduler. (kafka.coordinator.group.GroupMetadataManager)
[2022-12-14 18:22:36,929] INFO [GroupMetadataManager brokerId=0] Finished loading offsets and group metadata from __consumer_offsets-49 in 60 milliseconds for epoch 0, of which 59 milliseconds was spent in the scheduler. (kafka.coordinator.group.GroupMetadataManager)
[2022-12-14 18:22:36,929] INFO [GroupMetadataManager brokerId=0] Finished loading offsets and group metadata from __consumer_offsets-39 in 59 milliseconds for epoch 0, of which 59 milliseconds was spent in the scheduler. (kafka.coordinator.group.GroupMetadataManager)
[2022-12-14 18:22:36,929] INFO [GroupMetadataManager brokerId=0] Finished loading offsets and group metadata from __consumer_offsets-9 in 59 milliseconds for epoch 0, of which 59 milliseconds was spent in the scheduler. (kafka.coordinator.group.GroupMetadataManager)
[2022-12-14 18:22:36,929] INFO [GroupMetadataManager brokerId=0] Finished loading offsets and group metadata from __consumer_offsets-24 in 59 milliseconds for epoch 0, of which 59 milliseconds was spent in the scheduler. (kafka.coordinator.group.GroupMetadataManager)
[2022-12-14 18:22:36,929] INFO [GroupMetadataManager brokerId=0] Finished loading offsets and group metadata from __consumer_offsets-31 in 59 milliseconds for epoch 0, of which 59 milliseconds was spent in the scheduler. (kafka.coordinator.group.GroupMetadataManager)
[2022-12-14 18:22:36,929] INFO [GroupMetadataManager brokerId=0] Finished loading offsets and group metadata from __consumer_offsets-46 in 59 milliseconds for epoch 0, of which 59 milliseconds was spent in the scheduler. (kafka.coordinator.group.GroupMetadataManager)
[2022-12-14 18:22:36,930] INFO [GroupMetadataManager brokerId=0] Finished loading offsets and group metadata from __consumer_offsets-1 in 60 milliseconds for epoch 0, of which 60 milliseconds was spent in the scheduler. (kafka.coordinator.group.GroupMetadataManager)
[2022-12-14 18:22:36,940] INFO [ReplicaFetcherManager on broker 0] Removed fetcher for partitions Set(loadrunner-0, loadrunner-2, loadrunner-1) (kafka.server.ReplicaFetcherManager)
[2022-12-14 18:22:36,949] INFO [GroupMetadataManager brokerId=0] Finished loading offsets and group metadata from __consumer_offsets-16 in 78 milliseconds for epoch 0, of which 71 milliseconds was spent in the scheduler. (kafka.coordinator.group.GroupMetadataManager)
[2022-12-14 18:22:36,952] INFO [GroupMetadataManager brokerId=0] Finished loading offsets and group metadata from __consumer_offsets-2 in 81 milliseconds for epoch 0, of which 81 milliseconds was spent in the scheduler. (kafka.coordinator.group.GroupMetadataManager)
[2022-12-14 18:22:36,952] INFO [GroupMetadataManager brokerId=0] Finished loading offsets and group metadata from __consumer_offsets-25 in 81 milliseconds for epoch 0, of which 81 milliseconds was spent in the scheduler. (kafka.coordinator.group.GroupMetadataManager)
[2022-12-14 18:22:36,952] INFO [GroupMetadataManager brokerId=0] Finished loading offsets and group metadata from __consumer_offsets-40 in 81 milliseconds for epoch 0, of which 81 milliseconds was spent in the scheduler. (kafka.coordinator.group.GroupMetadataManager)
[2022-12-14 18:22:36,953] INFO [GroupMetadataManager brokerId=0] Finished loading offsets and group metadata from __consumer_offsets-47 in 82 milliseconds for epoch 0, of which 81 milliseconds was spent in the scheduler. (kafka.coordinator.group.GroupMetadataManager)
[2022-12-14 18:22:36,953] INFO [GroupMetadataManager brokerId=0] Finished loading offsets and group metadata from __consumer_offsets-17 in 82 milliseconds for epoch 0, of which 82 milliseconds was spent in the scheduler. (kafka.coordinator.group.GroupMetadataManager)
[2022-12-14 18:22:36,953] INFO [GroupMetadataManager brokerId=0] Finished loading offsets and group metadata from __consumer_offsets-32 in 82 milliseconds for epoch 0, of which 82 milliseconds was spent in the scheduler. (kafka.coordinator.group.GroupMetadataManager)
[2022-12-14 18:22:36,955] INFO [GroupMetadataManager brokerId=0] Finished loading offsets and group metadata from __consumer_offsets-37 in 83 milliseconds for epoch 0, of which 83 milliseconds was spent in the scheduler. (kafka.coordinator.group.GroupMetadataManager)
[2022-12-14 18:22:36,955] INFO [LogLoader partition=loadrunner-0, dir=/tmp/kafka-logs] Loading producer state till offset 0 with message format version 2 (kafka.log.UnifiedLog$)
[2022-12-14 18:22:36,962] INFO Created log for partition loadrunner-0 in /tmp/kafka-logs/loadrunner-0 with properties {} (kafka.log.LogManager)
[2022-12-14 18:22:36,968] INFO [GroupMetadataManager brokerId=0] Finished loading offsets and group metadata from __consumer_offsets-7 in 96 milliseconds for epoch 0, of which 96 milliseconds was spent in the scheduler. (kafka.coordinator.group.GroupMetadataManager)
[2022-12-14 18:22:36,963] INFO [Partition loadrunner-0 broker=0] No checkpointed highwatermark is found for partition loadrunner-0 (kafka.cluster.Partition)
[2022-12-14 18:22:36,968] INFO [Partition loadrunner-0 broker=0] Log loaded for partition loadrunner-0 with initial high watermark 0 (kafka.cluster.Partition)
[2022-12-14 18:22:36,968] INFO [GroupMetadataManager brokerId=0] Finished loading offsets and group metadata from __consumer_offsets-22 in 96 milliseconds for epoch 0, of which 96 milliseconds was spent in the scheduler. (kafka.coordinator.group.GroupMetadataManager)
[2022-12-14 18:22:36,969] INFO [GroupMetadataManager brokerId=0] Finished loading offsets and group metadata from __consumer_offsets-29 in 97 milliseconds for epoch 0, of which 97 milliseconds was spent in the scheduler. (kafka.coordinator.group.GroupMetadataManager)
[2022-12-14 18:22:36,969] INFO [GroupMetadataManager brokerId=0] Finished loading offsets and group metadata from __consumer_offsets-44 in 97 milliseconds for epoch 0, of which 97 milliseconds was spent in the scheduler. (kafka.coordinator.group.GroupMetadataManager)
[2022-12-14 18:22:36,969] INFO [GroupMetadataManager brokerId=0] Finished loading offsets and group metadata from __consumer_offsets-14 in 97 milliseconds for epoch 0, of which 97 milliseconds was spent in the scheduler. (kafka.coordinator.group.GroupMetadataManager)
[2022-12-14 18:22:36,970] INFO [GroupMetadataManager brokerId=0] Finished loading offsets and group metadata from __consumer_offsets-23 in 96 milliseconds for epoch 0, of which 96 milliseconds was spent in the scheduler. (kafka.coordinator.group.GroupMetadataManager)
[2022-12-14 18:22:36,971] INFO [GroupMetadataManager brokerId=0] Finished loading offsets and group metadata from __consumer_offsets-38 in 90 milliseconds for epoch 0, of which 90 milliseconds was spent in the scheduler. (kafka.coordinator.group.GroupMetadataManager)
[2022-12-14 18:22:36,971] INFO [GroupMetadataManager brokerId=0] Finished loading offsets and group metadata from __consumer_offsets-8 in 90 milliseconds for epoch 0, of which 90 milliseconds was spent in the scheduler. (kafka.coordinator.group.GroupMetadataManager)
[2022-12-14 18:22:36,972] INFO [GroupMetadataManager brokerId=0] Finished loading offsets and group metadata from __consumer_offsets-45 in 90 milliseconds for epoch 0, of which 90 milliseconds was spent in the scheduler. (kafka.coordinator.group.GroupMetadataManager)
[2022-12-14 18:22:36,972] INFO [GroupMetadataManager brokerId=0] Finished loading offsets and group metadata from __consumer_offsets-15 in 91 milliseconds for epoch 0, of which 91 milliseconds was spent in the scheduler. (kafka.coordinator.group.GroupMetadataManager)
[2022-12-14 18:22:36,973] INFO [GroupMetadataManager brokerId=0] Finished loading offsets and group metadata from __consumer_offsets-30 in 92 milliseconds for epoch 0, of which 92 milliseconds was spent in the scheduler. (kafka.coordinator.group.GroupMetadataManager)
[2022-12-14 18:22:36,973] INFO [GroupMetadataManager brokerId=0] Finished loading offsets and group metadata from __consumer_offsets-0 in 92 milliseconds for epoch 0, of which 92 milliseconds was spent in the scheduler. (kafka.coordinator.group.GroupMetadataManager)
[2022-12-14 18:22:36,975] INFO [LogLoader partition=loadrunner-2, dir=/tmp/kafka-logs] Loading producer state till offset 0 with message format version 2 (kafka.log.UnifiedLog$)
[2022-12-14 18:22:36,981] INFO Created log for partition loadrunner-2 in /tmp/kafka-logs/loadrunner-2 with properties {} (kafka.log.LogManager)
[2022-12-14 18:22:36,982] INFO [Partition loadrunner-2 broker=0] No checkpointed highwatermark is found for partition loadrunner-2 (kafka.cluster.Partition)
[2022-12-14 18:22:36,982] INFO [Partition loadrunner-2 broker=0] Log loaded for partition loadrunner-2 with initial high watermark 0 (kafka.cluster.Partition)
[2022-12-14 18:22:36,976] INFO [GroupMetadataManager brokerId=0] Finished loading offsets and group metadata from __consumer_offsets-35 in 94 milliseconds for epoch 0, of which 94 milliseconds was spent in the scheduler. (kafka.coordinator.group.GroupMetadataManager)
[2022-12-14 18:22:36,992] INFO [GroupMetadataManager brokerId=0] Finished loading offsets and group metadata from __consumer_offsets-5 in 110 milliseconds for epoch 0, of which 110 milliseconds was spent in the scheduler. (kafka.coordinator.group.GroupMetadataManager)
[2022-12-14 18:22:36,992] INFO [GroupMetadataManager brokerId=0] Finished loading offsets and group metadata from __consumer_offsets-20 in 110 milliseconds for epoch 0, of which 110 milliseconds was spent in the scheduler. (kafka.coordinator.group.GroupMetadataManager)
[2022-12-14 18:22:36,993] INFO [GroupMetadataManager brokerId=0] Finished loading offsets and group metadata from __consumer_offsets-27 in 111 milliseconds for epoch 0, of which 111 milliseconds was spent in the scheduler. (kafka.coordinator.group.GroupMetadataManager)
[2022-12-14 18:22:36,993] INFO [GroupMetadataManager brokerId=0] Finished loading offsets and group metadata from __consumer_offsets-42 in 111 milliseconds for epoch 0, of which 111 milliseconds was spent in the scheduler. (kafka.coordinator.group.GroupMetadataManager)
[2022-12-14 18:22:36,993] INFO [GroupMetadataManager brokerId=0] Finished loading offsets and group metadata from __consumer_offsets-12 in 111 milliseconds for epoch 0, of which 111 milliseconds was spent in the scheduler. (kafka.coordinator.group.GroupMetadataManager)
[2022-12-14 18:22:36,994] INFO [GroupMetadataManager brokerId=0] Finished loading offsets and group metadata from __consumer_offsets-21 in 112 milliseconds for epoch 0, of which 111 milliseconds was spent in the scheduler. (kafka.coordinator.group.GroupMetadataManager)
[2022-12-14 18:22:36,994] INFO [GroupMetadataManager brokerId=0] Finished loading offsets and group metadata from __consumer_offsets-36 in 111 milliseconds for epoch 0, of which 111 milliseconds was spent in the scheduler. (kafka.coordinator.group.GroupMetadataManager)
[2022-12-14 18:22:36,996] INFO [GroupMetadataManager brokerId=0] Finished loading offsets and group metadata from __consumer_offsets-6 in 113 milliseconds for epoch 0, of which 113 milliseconds was spent in the scheduler. (kafka.coordinator.group.GroupMetadataManager)
[2022-12-14 18:22:36,997] INFO [GroupMetadataManager brokerId=0] Finished loading offsets and group metadata from __consumer_offsets-43 in 114 milliseconds for epoch 0, of which 114 milliseconds was spent in the scheduler. (kafka.coordinator.group.GroupMetadataManager)
[2022-12-14 18:22:36,997] INFO [GroupMetadataManager brokerId=0] Finished loading offsets and group metadata from __consumer_offsets-13 in 114 milliseconds for epoch 0, of which 114 milliseconds was spent in the scheduler. (kafka.coordinator.group.GroupMetadataManager)
[2022-12-14 18:22:36,997] INFO [GroupMetadataManager brokerId=0] Finished loading offsets and group metadata from __consumer_offsets-28 in 114 milliseconds for epoch 0, of which 114 milliseconds was spent in the scheduler. (kafka.coordinator.group.GroupMetadataManager)
[2022-12-14 18:22:36,999] INFO [LogLoader partition=loadrunner-1, dir=/tmp/kafka-logs] Loading producer state till offset 0 with message format version 2 (kafka.log.UnifiedLog$)
[2022-12-14 18:22:37,010] INFO Created log for partition loadrunner-1 in /tmp/kafka-logs/loadrunner-1 with properties {} (kafka.log.LogManager)
[2022-12-14 18:22:37,011] INFO [Partition loadrunner-1 broker=0] No checkpointed highwatermark is found for partition loadrunner-1 (kafka.cluster.Partition)
[2022-12-14 18:22:37,011] INFO [Partition loadrunner-1 broker=0] Log loaded for partition loadrunner-1 with initial high watermark 0 (kafka.cluster.Partition)
[2022-12-14 18:22:37,729] INFO [GroupCoordinator 0]: Dynamic member with unknown member id joins group vector2influx in Empty state. Created a new member id vector-c5c8cf0b-6cf0-4c5e-bf08-db0e804e99ec and request the member to rejoin with this id. (kafka.coordinator.group.GroupCoordinator)
[2022-12-14 18:22:37,783] INFO [GroupCoordinator 0]: Preparing to rebalance group vector2influx in state PreparingRebalance with old generation 0 (__consumer_offsets-13) (reason: Adding new member vector-c5c8cf0b-6cf0-4c5e-bf08-db0e804e99ec with group instance id None) (kafka.coordinator.group.GroupCoordinator)
[2022-12-14 18:22:37,822] INFO [GroupCoordinator 0]: Stabilized group vector2influx generation 1 (__consumer_offsets-13) with 1 members (kafka.coordinator.group.GroupCoordinator)
[2022-12-14 18:22:37,858] INFO [GroupCoordinator 0]: Assignment received from leader vector-c5c8cf0b-6cf0-4c5e-bf08-db0e804e99ec for group vector2influx for generation 1. The group has 1 members, 0 of which are static. (kafka.coordinator.group.GroupCoordinator)
