2022-12-14T18:27:56.302992Z DEBUG transform{component_kind="transform" component_id=kafkaFormatted component_type=remap component_name=kafkaFormatted}: vector::utilization: utilization=0.00997953882269688
2022-12-14T18:27:56.793704Z DEBUG sink{component_kind="sink" component_id=influx component_type=http component_name=influx}:request{request_id=268}:http: vector::internal_events::http_client: Sending HTTP request. uri=http://influx:8086/write?db=loadrunner method=POST version=HTTP/1.1 headers={"content-type": "text/plain", "user-agent": "Vector/0.26.0 (x86_64-unknown-linux-musl c6b5bc2 2022-12-05)", "accept-encoding": "identity"} body=[153865 bytes]
2022-12-14T18:27:56.793754Z DEBUG sink{component_kind="sink" component_id=influx component_type=http component_name=influx}:request{request_id=268}:http: hyper::client::pool: reuse idle connection for ("http", influx:8086)
2022-12-14T18:27:56.794102Z DEBUG hyper::proto::h1::io: flushed 154073 bytes
2022-12-14T18:27:56.818245Z DEBUG hyper::proto::h1::io: parsed 6 headers
2022-12-14T18:27:56.818349Z DEBUG hyper::proto::h1::conn: incoming body is empty
2022-12-14T18:27:56.818439Z DEBUG sink{component_kind="sink" component_id=influx component_type=http component_name=influx}:request{request_id=268}:http: hyper::client::pool: pooling idle connection for ("http", influx:8086)
2022-12-14T18:27:56.818517Z DEBUG sink{component_kind="sink" component_id=influx component_type=http component_name=influx}:request{request_id=268}:http: vector::internal_events::http_client: HTTP response. status=204 No Content version=HTTP/1.1 headers={"content-type": "application/json", "request-id": "07d81243-7bdd-11ed-812e-0242ac120003", "x-influxdb-build": "OSS", "x-influxdb-version": "1.8.10", "x-request-id": "07d81243-7bdd-11ed-812e-0242ac120003", "date": "Wed, 14 Dec 2022 18:27:56 GMT"} body=[empty]
2022-12-14T18:27:57.807209Z DEBUG sink{component_kind="sink" component_id=influx component_type=http component_name=influx}:request{request_id=269}:http: vector::internal_events::http_client: Sending HTTP request. uri=http://influx:8086/write?db=loadrunner method=POST version=HTTP/1.1 headers={"content-type": "text/plain", "user-agent": "Vector/0.26.0 (x86_64-unknown-linux-musl c6b5bc2 2022-12-05)", "accept-encoding": "identity"} body=[266061 bytes]
2022-12-14T18:27:57.807257Z DEBUG sink{component_kind="sink" component_id=influx component_type=http component_name=influx}:request{request_id=269}:http: hyper::client::pool: reuse idle connection for ("http", influx:8086)
2022-12-14T18:27:57.808560Z DEBUG hyper::proto::h1::io: flushed 266269 bytes
2022-12-14T18:27:57.836557Z DEBUG hyper::proto::h1::io: parsed 6 headers
2022-12-14T18:27:57.836578Z DEBUG hyper::proto::h1::conn: incoming body is empty
2022-12-14T18:27:57.836635Z DEBUG sink{component_kind="sink" component_id=influx component_type=http component_name=influx}:request{request_id=269}:http: hyper::client::pool: pooling idle connection for ("http", influx:8086)
2022-12-14T18:27:57.836673Z DEBUG sink{component_kind="sink" component_id=influx component_type=http component_name=influx}:request{request_id=269}:http: vector::internal_events::http_client: HTTP response. status=204 No Content version=HTTP/1.1 headers={"content-type": "application/json", "request-id": "0872b4b7-7bdd-11ed-812f-0242ac120003", "x-influxdb-build": "OSS", "x-influxdb-version": "1.8.10", "x-request-id": "0872b4b7-7bdd-11ed-812f-0242ac120003", "date": "Wed, 14 Dec 2022 18:27:57 GMT"} body=[empty]
2022-12-14T18:27:58.848807Z DEBUG sink{component_kind="sink" component_id=influx component_type=http component_name=influx}:request{request_id=270}:http: vector::internal_events::http_client: Sending HTTP request. uri=http://influx:8086/write?db=loadrunner method=POST version=HTTP/1.1 headers={"content-type": "text/plain", "user-agent": "Vector/0.26.0 (x86_64-unknown-linux-musl c6b5bc2 2022-12-05)", "accept-encoding": "identity"} body=[111917 bytes]
2022-12-14T18:27:58.848859Z DEBUG sink{component_kind="sink" component_id=influx component_type=http component_name=influx}:request{request_id=270}:http: hyper::client::pool: reuse idle connection for ("http", influx:8086)
2022-12-14T18:27:58.849322Z DEBUG hyper::proto::h1::io: flushed 112125 bytes
2022-12-14T18:27:58.852695Z DEBUG sink{component_kind="sink" component_id=influx component_type=http component_name=influx}: vector::utilization: utilization=0.0021621544255682667
2022-12-14T18:27:58.862847Z DEBUG hyper::proto::h1::io: parsed 6 headers
2022-12-14T18:27:58.862862Z DEBUG hyper::proto::h1::conn: incoming body is empty
2022-12-14T18:27:58.862895Z DEBUG sink{component_kind="sink" component_id=influx component_type=http component_name=influx}:request{request_id=270}:http: hyper::client::pool: pooling idle connection for ("http", influx:8086)
2022-12-14T18:27:58.862932Z DEBUG sink{component_kind="sink" component_id=influx component_type=http component_name=influx}:request{request_id=270}:http: vector::internal_events::http_client: HTTP response. status=204 No Content version=HTTP/1.1 headers={"content-type": "application/json", "request-id": "09119dc3-7bdd-11ed-8130-0242ac120003", "x-influxdb-build": "OSS", "x-influxdb-version": "1.8.10", "x-request-id": "09119dc3-7bdd-11ed-8130-0242ac120003", "date": "Wed, 14 Dec 2022 18:27:58 GMT"} body=[empty]
2022-12-14T18:27:59.905777Z DEBUG sink{component_kind="sink" component_id=influx component_type=http component_name=influx}:request{request_id=271}:http: vector::internal_events::http_client: Sending HTTP request. uri=http://influx:8086/write?db=loadrunner method=POST version=HTTP/1.1 headers={"content-type": "text/plain", "user-agent": "Vector/0.26.0 (x86_64-unknown-linux-musl c6b5bc2 2022-12-05)", "accept-encoding": "identity"} body=[181532 bytes]
2022-12-14T18:27:59.905828Z DEBUG sink{component_kind="sink" component_id=influx component_type=http component_name=influx}:request{request_id=271}:http: hyper::client::pool: reuse idle connection for ("http", influx:8086)
2022-12-14T18:27:59.906185Z DEBUG hyper::proto::h1::io: flushed 181740 bytes
2022-12-14T18:27:59.938326Z DEBUG hyper::proto::h1::io: parsed 6 headers
2022-12-14T18:27:59.938351Z DEBUG hyper::proto::h1::conn: incoming body is empty
2022-12-14T18:27:59.938446Z DEBUG sink{component_kind="sink" component_id=influx component_type=http component_name=influx}:request{request_id=271}:http: hyper::client::pool: pooling idle connection for ("http", influx:8086)
2022-12-14T18:27:59.938498Z DEBUG sink{component_kind="sink" component_id=influx component_type=http component_name=influx}:request{request_id=271}:http: vector::internal_events::http_client: HTTP response. status=204 No Content version=HTTP/1.1 headers={"content-type": "application/json", "request-id": "09b2e755-7bdd-11ed-8131-0242ac120003", "x-influxdb-build": "OSS", "x-influxdb-version": "1.8.10", "x-request-id": "09b2e755-7bdd-11ed-8131-0242ac120003", "date": "Wed, 14 Dec 2022 18:27:59 GMT"} body=[empty]
2022-12-14T18:28:00.937021Z DEBUG sink{component_kind="sink" component_id=influx component_type=http component_name=influx}:request{request_id=272}:http: vector::internal_events::http_client: Sending HTTP request. uri=http://influx:8086/write?db=loadrunner method=POST version=HTTP/1.1 headers={"content-type": "text/plain", "user-agent": "Vector/0.26.0 (x86_64-unknown-linux-musl c6b5bc2 2022-12-05)", "accept-encoding": "identity"} body=[196423 bytes]
2022-12-14T18:28:00.937134Z DEBUG sink{component_kind="sink" component_id=influx component_type=http component_name=influx}:request{request_id=272}:http: hyper::client::pool: reuse idle connection for ("http", influx:8086)
2022-12-14T18:28:00.937436Z DEBUG hyper::proto::h1::io: flushed 196631 bytes
2022-12-14T18:28:00.958100Z DEBUG hyper::proto::h1::io: parsed 6 headers
2022-12-14T18:28:00.958165Z DEBUG hyper::proto::h1::conn: incoming body is empty
2022-12-14T18:28:00.958227Z DEBUG sink{component_kind="sink" component_id=influx component_type=http component_name=influx}:request{request_id=272}:http: hyper::client::pool: pooling idle connection for ("http", influx:8086)
2022-12-14T18:28:00.958283Z DEBUG sink{component_kind="sink" component_id=influx component_type=http component_name=influx}:request{request_id=272}:http: vector::internal_events::http_client: HTTP response. status=204 No Content version=HTTP/1.1 headers={"content-type": "application/json", "request-id": "0a504a05-7bdd-11ed-8132-0242ac120003", "x-influxdb-build": "OSS", "x-influxdb-version": "1.8.10", "x-request-id": "0a504a05-7bdd-11ed-8132-0242ac120003", "date": "Wed, 14 Dec 2022 18:28:00 GMT"} body=[empty]
2022-12-14T18:28:01.346532Z DEBUG transform{component_kind="transform" component_id=kafkaFormatted component_type=remap component_name=kafkaFormatted}: vector::utilization: utilization=0.011897933917124416
2022-12-14T18:28:02.009497Z DEBUG sink{component_kind="sink" component_id=influx component_type=http component_name=influx}:request{request_id=273}:http: vector::internal_events::http_client: Sending HTTP request. uri=http://influx:8086/write?db=loadrunner method=POST version=HTTP/1.1 headers={"content-type": "text/plain", "user-agent": "Vector/0.26.0 (x86_64-unknown-linux-musl c6b5bc2 2022-12-05)", "accept-encoding": "identity"} body=[252195 bytes]
2022-12-14T18:28:02.009686Z DEBUG sink{component_kind="sink" component_id=influx component_type=http component_name=influx}:request{request_id=273}:http: hyper::client::pool: reuse idle connection for ("http", influx:8086)
2022-12-14T18:28:02.017436Z DEBUG hyper::proto::h1::io: flushed 252403 bytes
2022-12-14T18:28:02.059706Z DEBUG hyper::proto::h1::io: parsed 6 headers
2022-12-14T18:28:02.059787Z DEBUG hyper::proto::h1::conn: incoming body is empty
2022-12-14T18:28:02.059837Z DEBUG sink{component_kind="sink" component_id=influx component_type=http component_name=influx}:request{request_id=273}:http: hyper::client::pool: pooling idle connection for ("http", influx:8086)
2022-12-14T18:28:02.059899Z DEBUG sink{component_kind="sink" component_id=influx component_type=http component_name=influx}:request{request_id=273}:http: vector::internal_events::http_client: HTTP response. status=204 No Content version=HTTP/1.1 headers={"content-type": "application/json", "request-id": "0af3ecc2-7bdd-11ed-8133-0242ac120003", "x-influxdb-build": "OSS", "x-influxdb-version": "1.8.10", "x-request-id": "0af3ecc2-7bdd-11ed-8133-0242ac120003", "date": "Wed, 14 Dec 2022 18:28:02 GMT"} body=[empty]
2022-12-14T18:28:03.046680Z DEBUG sink{component_kind="sink" component_id=influx component_type=http component_name=influx}:request{request_id=274}:http: vector::internal_events::http_client: Sending HTTP request. uri=http://influx:8086/write?db=loadrunner method=POST version=HTTP/1.1 headers={"content-type": "text/plain", "user-agent": "Vector/0.26.0 (x86_64-unknown-linux-musl c6b5bc2 2022-12-05)", "accept-encoding": "identity"} body=[335736 bytes]
2022-12-14T18:28:03.046729Z DEBUG sink{component_kind="sink" component_id=influx component_type=http component_name=influx}:request{request_id=274}:http: hyper::client::pool: reuse idle connection for ("http", influx:8086)
2022-12-14T18:28:03.048442Z DEBUG hyper::proto::h1::io: flushed 335944 bytes
2022-12-14T18:28:03.588665Z DEBUG hyper::proto::h1::io: parsed 6 headers
2022-12-14T18:28:03.588688Z DEBUG hyper::proto::h1::conn: incoming body is empty
2022-12-14T18:28:03.588736Z DEBUG sink{component_kind="sink" component_id=influx component_type=http component_name=influx}:request{request_id=274}:http: hyper::client::pool: pooling idle connection for ("http", influx:8086)
2022-12-14T18:28:03.588760Z DEBUG sink{component_kind="sink" component_id=influx component_type=http component_name=influx}:request{request_id=274}:http: vector::internal_events::http_client: HTTP response. status=204 No Content version=HTTP/1.1 headers={"content-type": "application/json", "request-id": "0b9315b7-7bdd-11ed-8135-0242ac120003", "x-influxdb-build": "OSS", "x-influxdb-version": "1.8.10", "x-request-id": "0b9315b7-7bdd-11ed-8135-0242ac120003", "date": "Wed, 14 Dec 2022 18:28:03 GMT"} body=[empty]
2022-12-14T18:28:03.854205Z DEBUG sink{component_kind="sink" component_id=influx component_type=http component_name=influx}: vector::utilization: utilization=0.0020581438057769956
2022-12-14T18:28:04.103550Z DEBUG sink{component_kind="sink" component_id=influx component_type=http component_name=influx}:request{request_id=275}:http: vector::internal_events::http_client: Sending HTTP request. uri=http://influx:8086/write?db=loadrunner method=POST version=HTTP/1.1 headers={"content-type": "text/plain", "user-agent": "Vector/0.26.0 (x86_64-unknown-linux-musl c6b5bc2 2022-12-05)", "accept-encoding": "identity"} body=[69009 bytes]
2022-12-14T18:28:04.103604Z DEBUG sink{component_kind="sink" component_id=influx component_type=http component_name=influx}:request{request_id=275}:http: hyper::client::pool: reuse idle connection for ("http", influx:8086)
2022-12-14T18:28:04.103920Z DEBUG hyper::proto::h1::io: flushed 69216 bytes
2022-12-14T18:28:04.119410Z DEBUG hyper::proto::h1::io: parsed 6 headers
2022-12-14T18:28:04.119513Z DEBUG hyper::proto::h1::conn: incoming body is empty
2022-12-14T18:28:04.119590Z DEBUG sink{component_kind="sink" component_id=influx component_type=http component_name=influx}:request{request_id=275}:http: hyper::client::pool: pooling idle connection for ("http", influx:8086)
2022-12-14T18:28:04.119641Z DEBUG sink{component_kind="sink" component_id=influx component_type=http component_name=influx}:request{request_id=275}:http: vector::internal_events::http_client: HTTP response. status=204 No Content version=HTTP/1.1 headers={"content-type": "application/json", "request-id": "0c3374bf-7bdd-11ed-8136-0242ac120003", "x-influxdb-build": "OSS", "x-influxdb-version": "1.8.10", "x-request-id": "0c3374bf-7bdd-11ed-8136-0242ac120003", "date": "Wed, 14 Dec 2022 18:28:04 GMT"} body=[empty]
2022-12-14T18:28:05.980037Z DEBUG sink{component_kind="sink" component_id=influx component_type=http component_name=influx}:request{request_id=276}:http: vector::internal_events::http_client: Sending HTTP request. uri=http://influx:8086/write?db=loadrunner method=POST version=HTTP/1.1 headers={"content-type": "text/plain", "user-agent": "Vector/0.26.0 (x86_64-unknown-linux-musl c6b5bc2 2022-12-05)", "accept-encoding": "identity"} body=[335892 bytes]
2022-12-14T18:28:05.980092Z DEBUG sink{component_kind="sink" component_id=influx component_type=http component_name=influx}:request{request_id=276}:http: hyper::client::pool: reuse idle connection for ("http", influx:8086)
2022-12-14T18:28:05.980533Z DEBUG hyper::proto::h1::io: flushed 336100 bytes
2022-12-14T18:28:06.007303Z DEBUG hyper::proto::h1::io: parsed 6 headers
2022-12-14T18:28:06.007326Z DEBUG hyper::proto::h1::conn: incoming body is empty
2022-12-14T18:28:06.007413Z DEBUG sink{component_kind="sink" component_id=influx component_type=http component_name=influx}:request{request_id=276}:http: hyper::client::pool: pooling idle connection for ("http", influx:8086)
2022-12-14T18:28:06.007442Z DEBUG sink{component_kind="sink" component_id=influx component_type=http component_name=influx}:request{request_id=276}:http: vector::internal_events::http_client: HTTP response. status=204 No Content version=HTTP/1.1 headers={"content-type": "application/json", "request-id": "0d51c5e1-7bdd-11ed-8137-0242ac120003", "x-influxdb-build": "OSS", "x-influxdb-version": "1.8.10", "x-request-id": "0d51c5e1-7bdd-11ed-8137-0242ac120003", "date": "Wed, 14 Dec 2022 18:28:06 GMT"} body=[empty]
2022-12-14T18:28:06.537318Z DEBUG transform{component_kind="transform" component_id=kafkaFormatted component_type=remap component_name=kafkaFormatted}: vector::utilization: utilization=0.015521553940448192
2022-12-14T18:28:07.043910Z DEBUG sink{component_kind="sink" component_id=influx component_type=http component_name=influx}:request{request_id=277}:http: vector::internal_events::http_client: Sending HTTP request. uri=http://influx:8086/write?db=loadrunner method=POST version=HTTP/1.1 headers={"content-type": "text/plain", "user-agent": "Vector/0.26.0 (x86_64-unknown-linux-musl c6b5bc2 2022-12-05)", "accept-encoding": "identity"} body=[182103 bytes]
2022-12-14T18:28:07.044050Z DEBUG sink{component_kind="sink" component_id=influx component_type=http component_name=influx}:request{request_id=277}:http: hyper::client::pool: reuse idle connection for ("http", influx:8086)
2022-12-14T18:28:07.044344Z DEBUG hyper::proto::h1::io: flushed 182311 bytes
2022-12-14T18:28:07.073555Z DEBUG hyper::proto::h1::io: parsed 6 headers
2022-12-14T18:28:07.073648Z DEBUG hyper::proto::h1::conn: incoming body is empty
2022-12-14T18:28:07.073695Z DEBUG sink{component_kind="sink" component_id=influx component_type=http component_name=influx}:request{request_id=277}:http: hyper::client::pool: pooling idle connection for ("http", influx:8086)
2022-12-14T18:28:07.073779Z DEBUG sink{component_kind="sink" component_id=influx component_type=http component_name=influx}:request{request_id=277}:http: vector::internal_events::http_client: HTTP response. status=204 No Content version=HTTP/1.1 headers={"content-type": "application/json", "request-id": "0df41fd7-7bdd-11ed-8138-0242ac120003", "x-influxdb-build": "OSS", "x-influxdb-version": "1.8.10", "x-request-id": "0df41fd7-7bdd-11ed-8138-0242ac120003", "date": "Wed, 14 Dec 2022 18:28:07 GMT"} body=[empty]
2022-12-14T18:28:08.086646Z DEBUG sink{component_kind="sink" component_id=influx component_type=http component_name=influx}:request{request_id=278}:http: vector::internal_events::http_client: Sending HTTP request. uri=http://influx:8086/write?db=loadrunner method=POST version=HTTP/1.1 headers={"content-type": "text/plain", "user-agent": "Vector/0.26.0 (x86_64-unknown-linux-musl c6b5bc2 2022-12-05)", "accept-encoding": "identity"} body=[168150 bytes]
2022-12-14T18:28:08.086783Z DEBUG sink{component_kind="sink" component_id=influx component_type=http component_name=influx}:request{request_id=278}:http: hyper::client::pool: reuse idle connection for ("http", influx:8086)
2022-12-14T18:28:08.087044Z DEBUG hyper::proto::h1::io: flushed 168358 bytes
2022-12-14T18:28:08.108759Z DEBUG hyper::proto::h1::io: parsed 6 headers
2022-12-14T18:28:08.108832Z DEBUG hyper::proto::h1::conn: incoming body is empty
2022-12-14T18:28:08.108884Z DEBUG sink{component_kind="sink" component_id=influx component_type=http component_name=influx}:request{request_id=278}:http: hyper::client::pool: pooling idle connection for ("http", influx:8086)
2022-12-14T18:28:08.108970Z DEBUG sink{component_kind="sink" component_id=influx component_type=http component_name=influx}:request{request_id=278}:http: vector::internal_events::http_client: HTTP response. status=204 No Content version=HTTP/1.1 headers={"content-type": "application/json", "request-id": "0e933a9f-7bdd-11ed-8139-0242ac120003", "x-influxdb-build": "OSS", "x-influxdb-version": "1.8.10", "x-request-id": "0e933a9f-7bdd-11ed-8139-0242ac120003", "date": "Wed, 14 Dec 2022 18:28:08 GMT"} body=[empty]
2022-12-14T18:28:08.851023Z DEBUG sink{component_kind="sink" component_id=influx component_type=http component_name=influx}: vector::utilization: utilization=0.0020549264608309007
2022-12-14T18:28:09.387034Z DEBUG sink{component_kind="sink" component_id=influx component_type=http component_name=influx}:request{request_id=279}:http: vector::internal_events::http_client: Sending HTTP request. uri=http://influx:8086/write?db=loadrunner method=POST version=HTTP/1.1 headers={"content-type": "text/plain", "user-agent": "Vector/0.26.0 (x86_64-unknown-linux-musl c6b5bc2 2022-12-05)", "accept-encoding": "identity"} body=[229951 bytes]
2022-12-14T18:28:09.387083Z DEBUG sink{component_kind="sink" component_id=influx component_type=http component_name=influx}:request{request_id=279}:http: hyper::client::pool: reuse idle connection for ("http", influx:8086)
2022-12-14T18:28:09.387434Z DEBUG hyper::proto::h1::io: flushed 230159 bytes
2022-12-14T18:28:09.410817Z DEBUG hyper::proto::h1::io: parsed 6 headers
2022-12-14T18:28:09.410841Z DEBUG hyper::proto::h1::conn: incoming body is empty
2022-12-14T18:28:09.410925Z DEBUG sink{component_kind="sink" component_id=influx component_type=http component_name=influx}:request{request_id=279}:http: hyper::client::pool: pooling idle connection for ("http", influx:8086)
2022-12-14T18:28:09.410955Z DEBUG sink{component_kind="sink" component_id=influx component_type=http component_name=influx}:request{request_id=279}:http: vector::internal_events::http_client: HTTP response. status=204 No Content version=HTTP/1.1 headers={"content-type": "application/json", "request-id": "0f59a0f5-7bdd-11ed-813a-0242ac120003", "x-influxdb-build": "OSS", "x-influxdb-version": "1.8.10", "x-request-id": "0f59a0f5-7bdd-11ed-813a-0242ac120003", "date": "Wed, 14 Dec 2022 18:28:09 GMT"} body=[empty]
2022-12-14T18:28:10.977162Z DEBUG sink{component_kind="sink" component_id=influx component_type=http component_name=influx}:request{request_id=280}:http: vector::internal_events::http_client: Sending HTTP request. uri=http://influx:8086/write?db=loadrunner method=POST version=HTTP/1.1 headers={"content-type": "text/plain", "user-agent": "Vector/0.26.0 (x86_64-unknown-linux-musl c6b5bc2 2022-12-05)", "accept-encoding": "identity"} body=[128 bytes]
2022-12-14T18:28:10.977210Z DEBUG sink{component_kind="sink" component_id=influx component_type=http component_name=influx}:request{request_id=280}:http: hyper::client::pool: reuse idle connection for ("http", influx:8086)
2022-12-14T18:28:10.977314Z DEBUG hyper::proto::h1::io: flushed 333 bytes
2022-12-14T18:28:10.985387Z DEBUG hyper::proto::h1::io: parsed 6 headers
2022-12-14T18:28:10.985410Z DEBUG hyper::proto::h1::conn: incoming body is empty
2022-12-14T18:28:10.985441Z DEBUG sink{component_kind="sink" component_id=influx component_type=http component_name=influx}:request{request_id=280}:http: hyper::client::pool: pooling idle connection for ("http", influx:8086)
2022-12-14T18:28:10.985460Z DEBUG sink{component_kind="sink" component_id=influx component_type=http component_name=influx}:request{request_id=280}:http: vector::internal_events::http_client: HTTP response. status=204 No Content version=HTTP/1.1 headers={"content-type": "application/json", "request-id": "104c3e2a-7bdd-11ed-813b-0242ac120003", "x-influxdb-build": "OSS", "x-influxdb-version": "1.8.10", "x-request-id": "104c3e2a-7bdd-11ed-813b-0242ac120003", "date": "Wed, 14 Dec 2022 18:28:10 GMT"} body=[empty]
2022-12-14T18:28:13.851063Z DEBUG sink{component_kind="sink" component_id=influx component_type=http component_name=influx}: vector::utilization: utilization=0.0002798694835861773
2022-12-14T18:28:18.850739Z DEBUG sink{component_kind="sink" component_id=influx component_type=http component_name=influx}: vector::utilization: utilization=0.000028004949521078373
2022-12-14T18:28:23.851123Z DEBUG sink{component_kind="sink" component_id=influx component_type=http component_name=influx}: vector::utilization: utilization=0.0000028364921953940156
