START Running Jmeter on Sat Dec 17 20:00:04 CET 2022
JVM_ARGS=-Xmn1166m -Xms4664m -Xmx4664m
jmeter args=-n -t /app/loadTest.jmx -l /app/3721365106/loadTest.jtl
jmeter ALL ARGS=-Dlog4j2.formatMsgNoLookups=true -n -t /app/loadTest.jmx -l /app/3721365106/loadTest.jtl
Dec 17, 2022 8:00:05 PM java.util.prefs.FileSystemPreferences$1 run
INFO: Created user preferences directory.
Creating summariser <summary>
Created the tree successfully using /app/loadTest.jmx
Starting standalone test @ December 17, 2022 8:00:06 PM CET (1671303606284)
Waiting for possible Shutdown/StopTestNow/HeapDump/ThreadDump message on port 4445
summary +    627 in 00:00:23 =   26.9/s Avg:     6 Min:     2 Max:   188 Err:     0 (0.00%) Active: 464 Started: 464 Finished: 0
summary +   1826 in 00:00:30 =   60.9/s Avg:     3 Min:     1 Max:   106 Err:     0 (0.00%) Active: 1064 Started: 1064 Finished: 0
summary =   2453 in 00:00:53 =   46.1/s Avg:     4 Min:     1 Max:   188 Err:     0 (0.00%)
summary +   3026 in 00:00:30 =  100.9/s Avg:     3 Min:     1 Max:   123 Err:     0 (0.00%) Active: 1663 Started: 1663 Finished: 0
summary =   5479 in 00:01:23 =   65.8/s Avg:     3 Min:     1 Max:   188 Err:     0 (0.00%)
summary +   4226 in 00:00:30 =  140.9/s Avg:     4 Min:     1 Max:   124 Err:     0 (0.00%) Active: 2263 Started: 2263 Finished: 0
summary =   9705 in 00:01:53 =   85.7/s Avg:     4 Min:     1 Max:   188 Err:     0 (0.00%)
summary +   5426 in 00:00:30 =  180.9/s Avg:     5 Min:     1 Max:   187 Err:     0 (0.00%) Active: 2864 Started: 2864 Finished: 0
summary =  15131 in 00:02:23 =  105.6/s Avg:     4 Min:     1 Max:   188 Err:     0 (0.00%)
summary +   6626 in 00:00:30 =  220.9/s Avg:     7 Min:     1 Max:   261 Err:     0 (0.00%) Active: 3464 Started: 3464 Finished: 0
summary =  21757 in 00:02:53 =  125.6/s Avg:     5 Min:     1 Max:   261 Err:     0 (0.00%)
summary +   7763 in 00:00:30 =  258.8/s Avg:     7 Min:     0 Max:   147 Err:  3796 (48.90%) Active: 4000 Started: 4000 Finished: 0
summary =  29520 in 00:03:23 =  145.2/s Avg:     6 Min:     0 Max:   261 Err:  3796 (12.86%)
summary +   7987 in 00:00:30 =  265.8/s Avg:     8 Min:     0 Max:   261 Err:  7134 (89.32%) Active: 4000 Started: 4000 Finished: 0
summary =  37507 in 00:03:53 =  160.8/s Avg:     6 Min:     0 Max:   261 Err: 10930 (29.14%)
summary +   8013 in 00:00:30 =  267.5/s Avg:     8 Min:     1 Max:   147 Err:  1885 (23.52%) Active: 4000 Started: 4000 Finished: 0
summary =  45520 in 00:04:23 =  172.9/s Avg:     6 Min:     0 Max:   261 Err: 12815 (28.15%)
summary +   8000 in 00:00:30 =  266.7/s Avg:     9 Min:     1 Max:   385 Err:     0 (0.00%) Active: 3576 Started: 4000 Finished: 424
summary =  53520 in 00:04:53 =  182.5/s Avg:     7 Min:     0 Max:   385 Err: 12815 (23.94%)
summary +   4576 in 00:00:27 =  170.7/s Avg:     6 Min:     1 Max:   116 Err:     0 (0.00%) Active: 0 Started: 4000 Finished: 4000
summary =  58096 in 00:05:20 =  181.5/s Avg:     7 Min:     0 Max:   385 Err: 12815 (22.06%)
Tidying up ...    @ December 17, 2022 8:05:26 PM CET (1671303926835)
... end of run
END Running Jmeter on Sat Dec 17 20:05:27 CET 2022
